#
# A fatal error has been detected by the Java Runtime Environment:
#
#  EXCEPTION_ACCESS_VIOLATION (0xc0000005) at pc=0x00000124dfdd362a, pid=119988, tid=109072
#
# JRE version: OpenJDK Runtime Environment (24.0.1+9) (build 24.0.1+9-30)
# Java VM: OpenJDK 64-Bit Server VM (24.0.1+9-30, mixed mode, sharing, tiered, compressed oops, compressed class ptrs, g1 gc, windows-amd64)
# Problematic frame:
# C  [GTIII-OSD64.dll+0x362a]
#
# No core dump will be written. Minidumps are not enabled by default on client versions of Windows
#
# If you would like to submit a bug report, please visit:
#   https://bugreport.java.com/bugreport/crash.jsp
#

---------------  S U M M A R Y ------------

Command Line: -Dfile.encoding=UTF-8 -Duser.country=DE -Duser.language=de -Duser.variant com.muteStone.Main

Host: AMD Ryzen 7 7800X3D 8-Core Processor           , 8 cores, 31G,  Windows 11 , 64 bit Build 22621 (10.0.22621.5262)
Time: Thu Jun  5 15:49:32 2025 Mitteleuropäische Sommerzeit elapsed time: 1.936327 seconds (0d 0h 0m 1s)

---------------  T H R E A D  ---------------

Current thread (0x00000124fff7bd70):  VMThread "VM Thread"          [id=109072, stack(0x0000000838c00000,0x0000000838d00000) (1024K)]

Stack: [0x0000000838c00000,0x0000000838d00000],  sp=0x0000000838cff2d0,  free space=1020k
Native frames: (J=compiled Java code, j=interpreted, Vv=VM code, C=native code)
C  [GTIII-OSD64.dll+0x362a]  (no source info available)
C  [GTIII-OSD64.dll+0x4010]  (no source info available)
C  [GTIII-OSD64.dll+0x34641]  (no source info available)
C  [GTIII-OSD64.dll+0x37320]  (no source info available)
C  [GTIII-OSD64.dll+0x3077a]  (no source info available)
C  [GTIII-OSD64.dll+0x307f7]  (no source info available)
C  [GTIII-OSD64.dll+0x30d47]  (no source info available)
C  [GTIII-OSD64.dll+0xd8fef]  (no source info available)
C  [ntdll.dll+0x28baf]  (no source info available)
C  [ntdll.dll+0x515b6]  (no source info available)
C  [ntdll.dll+0x511ad]  (no source info available)
C  [KERNEL32.DLL+0x17fcb]  (no source info available)
C  [ucrtbase.dll+0x1bed8]  (no source info available)
C  [ucrtbase.dll+0x1c099]  (no source info available)
V  [jvm.dll+0x72919c]  (no source info available)
V  [jvm.dll+0x728cd0]  (no source info available)
V  [jvm.dll+0x41b404]  (no source info available)
V  [jvm.dll+0x8e2742]  (no source info available)
V  [jvm.dll+0x8e3a8c]  (no source info available)
V  [jvm.dll+0x8e3ff8]  (no source info available)
V  [jvm.dll+0x8e4293]  (no source info available)
V  [jvm.dll+0x87d76b]  (no source info available)
V  [jvm.dll+0x72ee55]  (no source info available)
C  [ucrtbase.dll+0x29333]  (no source info available)
C  [KERNEL32.DLL+0x1259d]  (no source info available)
C  [ntdll.dll+0x5af58]  (no source info available)


siginfo: EXCEPTION_ACCESS_VIOLATION (0xc0000005), reading address 0x00007ff9e13c83c0


Registers:
RAX=0x0000000000000000, RBX=0x00000124d59809e0, RCX=0x0000000000000006, RDX=0x0000000000000000
RSP=0x0000000838cff2d0, RBP=0x0000000000000000, RSI=0x00007ff9e13c83c0, RDI=0x00007ff9e13c83c0
R8 =0x0000000838cff350, R9 =0x0000000000000000, R10=0x0000000000000000, R11=0x0000000838cff2e0
R12=0x0000000838cff350, R13=0x00007ff90ef4cae0, R14=0x0000000000000005, R15=0x0000000000000006
RIP=0x00000124dfdd362a, EFLAGS=0x0000000000010246

XMM[0]=0x0000000000000000 0x0000000000000000
XMM[1]=0x0000000000000000 0x0000000000000000
XMM[2]=0x0000000000000000 0x0000000000000000
XMM[3]=0x0000000000000000 0x0000000000000000
XMM[4]=0x0000000000000000 0x0000000000000000
XMM[5]=0x0000000000000000 0x0000000000000000
XMM[6]=0x0000000000000000 0x0000000000000000
XMM[7]=0x0000000000000000 0x404e000000000000
XMM[8]=0x0000000000000000 0x0000000000000000
XMM[9]=0x0000000000000000 0x0000000000000000
XMM[10]=0x0000000000000000 0x0000000000000000
XMM[11]=0x0000000000000000 0x0000000000000000
XMM[12]=0x0000000000000000 0x0000000000000000
XMM[13]=0x0000000000000000 0x0000000000000000
XMM[14]=0x0000000000000000 0x0000000000000000
XMM[15]=0x0000000000000000 0x0000000000000000
  MXCSR=0x00001fa0


Register to memory mapping:

RAX=0x0 is null
RBX=0x00000124d59809e0 points into unknown readable memory: 0x0000000000000001 | 01 00 00 00 00 00 00 00
RCX=0x0000000000000006 is an unknown value
RDX=0x0 is null
RSP=0x0000000838cff2d0 points into unknown readable memory: 0x00001157dac99b26 | 26 9b c9 da 57 11 00 00
RBP=0x0 is null
RSI=0x00007ff9e13c83c0 is an unknown value
RDI=0x00007ff9e13c83c0 is an unknown value
R8 =0x0000000838cff350 points into unknown readable memory: 0x0000000000000000 | 00 00 00 00 00 00 00 00
R9 =0x0 is null
R10=0x0 is null
R11=0x0000000838cff2e0 points into unknown readable memory: 0x00000124dfdd0000 | 00 00 dd df 24 01 00 00
R12=0x0000000838cff350 points into unknown readable memory: 0x0000000000000000 | 00 00 00 00 00 00 00 00
R13=0x00007ff90ef4cae0 jvm.dll
R14=0x0000000000000005 is an unknown value
R15=0x0000000000000006 is an unknown value

Top of Stack: (sp=0x0000000838cff2d0)
0x0000000838cff2d0:   00001157dac99b26 0000000000000000   &...W...........
0x0000000838cff2e0:   00000124dfdd0000 0000000000000002   ....$...........
0x0000000838cff2f0:   0000000000000000 00000124dfdd347f   .........4..$...
0x0000000838cff300:   0000000000000001 00000124dfdd0000   ............$...
0x0000000838cff310:   00000124dfea9094 0000000000000002   ....$...........
0x0000000838cff320:   0000000000000000 00000124dfdd4010   .........@..$...
0x0000000838cff330:   0000000000000001 0000000000000006   ................
0x0000000838cff340:   0000000838cff740 0000000000000a44   @..8....D.......
0x0000000838cff350:   0000000000000000 0000000000000000   ................
0x0000000838cff360:   0000000000000001 00000124dfe04641   ........AF..$...
0x0000000838cff370:   0000000000000001 00000124dfdd0000   ............$...
0x0000000838cff380:   0000000838cff2f8 0000000000000000   ...8............
0x0000000838cff390:   0000000000000001 00000124dfe07320   ........ s..$...
0x0000000838cff3a0:   00000124daf30a10 000000000001aa10   ....$...........
0x0000000838cff3b0:   00000124e7e9e3c4 000000000001d4b4   ....$...........
0x0000000838cff3c0:   000000000001d4b4 00000124dfe0077a   ........z...$...
0x0000000838cff3d0:   0000000000000000 00007ffa6a2d7511   .........u-j....
0x0000000838cff3e0:   000000000000c425 00000124dfdd0000   %...........$...
0x0000000838cff3f0:   0000000000000000 00000124dfe007f7   ............$...
0x0000000838cff400:   0000000000000000 00000124daf30a20   ........ ...$...
0x0000000838cff410:   0000000838cff400 00007ffa00000001   ...8............
0x0000000838cff420:   0000000000000000 00000124dfe00d47   ........G...$...
0x0000000838cff430:   0000000000000000 00007ffa6bf16b47   ........Gk.k....
0x0000000838cff440:   0000000000000000 00007ffa6428288d   .........((d....
0x0000000838cff450:   0000000000000001 0000000000000000   ................
0x0000000838cff460:   00000124ffe42000 00007ffa6bf18b13   . ..$......k....
0x0000000838cff470:   0000000000000001 00000124dfea8fef   ............$...
0x0000000838cff480:   0000000000000001 000000007ffe0385   ................
0x0000000838cff490:   0000000000000000 0000000000000001   ................
0x0000000838cff4a0:   00000124e8f20d28 00007ffa697e364b   (...$...K6~i....
0x0000000838cff4b0:   0000012400000001 0000000000000016   ....$...........
0x0000000838cff4c0:   00000124dfdd0000 000000007ffe0384   ....$...........

Instructions: (pc=0x00000124dfdd362a)
  0x00000124dfdd352a:   00 48 8b 43 08 48 89 44 24 20 48 8b 43 18 48 83
  0x00000124dfdd353a:   c0 1e 48 89 44 24 28 e8 4a 0b 00 00 85 c0 75 07
  0x00000124dfdd354a:   b8 08 00 00 00 eb 5b 83 7c 24 34 00 48 8b 4b 08
  0x00000124dfdd355a:   74 16 8b 41 fb 89 43 20 0f b7 41 ff 66 89 43 24
  0x00000124dfdd356a:   8a 41 01 88 43 26 eb 0b 8b 01 89 43 20 8a 41 04
  0x00000124dfdd357a:   88 43 24 8a 44 24 34 80 63 28 fe 24 01 08 43 28
  0x00000124dfdd358a:   8b 44 24 38 83 63 2c f0 83 e0 0f 09 43 2c 48 8b
  0x00000124dfdd359a:   44 24 3c 48 89 43 30 48 8b 44 24 44 48 89 43 38
  0x00000124dfdd35aa:   33 c0 48 8b 4c 24 50 48 33 cc e8 d7 4a 0d 00 48
  0x00000124dfdd35ba:   83 c4 60 5b c3 cc 48 89 5c 24 10 48 89 6c 24 18
  0x00000124dfdd35ca:   56 57 41 54 41 56 41 57 48 83 ec 30 8b d9 4d 8b
  0x00000124dfdd35da:   e0 48 c1 e3 06 8b ea 48 03 1d 48 35 0b 08 44 8b
  0x00000124dfdd35ea:   f9 4c 8b 73 08 49 8b fe 85 d2 74 10 41 8b cf e8
  0x00000124dfdd35fa:   fe fe ff ff 85 c0 0f 85 19 01 00 00 8a 43 28 24
  0x00000124dfdd360a:   01 74 04 49 8d 7e fb 84 c0 49 8d 76 fb 0f b6 c0
  0x00000124dfdd361a:   49 0f 44 f6 4c 8d 34 45 05 00 00 00 85 ed 75 35
=>0x00000124dfdd362a:   80 3e e9 75 30 48 63 46 01 4c 8d 56 f5 4c 03 d0
  0x00000124dfdd363a:   4c 39 53 18 74 1f 48 8b 53 08 4c 8d 0d 75 ff ff
  0x00000124dfdd364a:   ff 49 8b 4a 08 45 8b c7 4c 89 64 24 20 41 ff 12
  0x00000124dfdd365a:   e9 c0 00 00 00 4c 8d 4c 24 60 41 b8 40 00 00 00
  0x00000124dfdd366a:   49 8b d6 48 8b cf ff 15 12 4d 12 00 85 c0 75 0a
  0x00000124dfdd367a:   b8 0a 00 00 00 e9 9b 00 00 00 85 ed 74 1f c6 06
  0x00000124dfdd368a:   e9 8b 43 18 2b c7 83 c0 0b 89 46 01 f6 43 28 01
  0x00000124dfdd369a:   74 2c 48 8b 43 08 66 c7 00 eb f9 eb 21 8b 43 20
  0x00000124dfdd36aa:   f6 43 28 01 89 07 74 10 0f b7 43 24 66 89 47 04
  0x00000124dfdd36ba:   8a 43 26 88 47 06 eb 06 8a 43 24 88 47 04 44 8b
  0x00000124dfdd36ca:   44 24 60 4c 8d 4c 24 60 49 8b d6 48 8b cf ff 15
  0x00000124dfdd36da:   aa 4c 12 00 ff 15 7c 4a 12 00 4d 8b c6 48 8b d7
  0x00000124dfdd36ea:   48 8b c8 ff 15 a5 4b 12 00 44 8b c5 41 8b d7 49
  0x00000124dfdd36fa:   8b cc e8 e3 fb ff ff 80 63 28 fd 40 80 e5 01 40
  0x00000124dfdd370a:   8a c5 40 c0 e5 02 02 c0 0a 43 28 24 fb 40 0a c5
  0x00000124dfdd371a:   88 43 28 33 c0 48 8b 5c 24 68 48 8b 6c 24 70 48


Stack slot to memory mapping:

stack at sp + 0 slots: 0x00001157dac99b26 is an unknown value
stack at sp + 1 slots: 0x0 is null
stack at sp + 2 slots: 0x00000124dfdd0000 GTIII-OSD64.dll
stack at sp + 3 slots: 0x0000000000000002 is an unknown value
stack at sp + 4 slots: 0x0 is null
stack at sp + 5 slots: 0x00000124dfdd347f GTIII-OSD64.dll
stack at sp + 6 slots: 0x0000000000000001 is an unknown value
stack at sp + 7 slots: 0x00000124dfdd0000 GTIII-OSD64.dll

VM_Operation (0x00000008397feb60): Exit, mode: safepoint, requested by thread 0x00000124daed9e60


---------------  P R O C E S S  ---------------

Threads class SMR info:
_java_thread_list=0x00000124db0b7760, length=15, elements={
0x00000124fff8b4c0, 0x00000124fff8c0c0, 0x000001248f786990, 0x000001248f789ed0,
0x000001248f78ed60, 0x000001248f7876e0, 0x000001248f792270, 0x000001248f788210,
0x00000124fff6d660, 0x000001248f836a10, 0x000001248fb7dc40, 0x000001248fb7e380,
0x00000124daed9e60, 0x00000124e8f3efb0, 0x00000124db1b3560
}

Java Threads: ( => current thread )
  0x00000124fff8b4c0 JavaThread "Reference Handler"          daemon [_thread_blocked, id=118580, stack(0x0000000838d00000,0x0000000838e00000) (1024K)]
  0x00000124fff8c0c0 JavaThread "Finalizer"                  daemon [_thread_blocked, id=115192, stack(0x0000000838e00000,0x0000000838f00000) (1024K)]
  0x000001248f786990 JavaThread "Signal Dispatcher"          daemon [_thread_blocked, id=111988, stack(0x0000000838f00000,0x0000000839000000) (1024K)]
  0x000001248f789ed0 JavaThread "Attach Listener"            daemon [_thread_blocked, id=116260, stack(0x0000000839000000,0x0000000839100000) (1024K)]
  0x000001248f78ed60 JavaThread "Service Thread"             daemon [_thread_blocked, id=117088, stack(0x0000000839100000,0x0000000839200000) (1024K)]
  0x000001248f7876e0 JavaThread "Monitor Deflation Thread"   daemon [_thread_blocked, id=96496, stack(0x0000000839200000,0x0000000839300000) (1024K)]
  0x000001248f792270 JavaThread "C2 CompilerThread0"         daemon [_thread_blocked, id=120128, stack(0x0000000839300000,0x0000000839400000) (1024K)]
  0x000001248f788210 JavaThread "C1 CompilerThread0"         daemon [_thread_blocked, id=13396, stack(0x0000000839400000,0x0000000839500000) (1024K)]
  0x00000124fff6d660 JavaThread "Notification Thread"        daemon [_thread_blocked, id=115184, stack(0x0000000839500000,0x0000000839600000) (1024K)]
  0x000001248f836a10 JavaThread "Common-Cleaner"             daemon [_thread_blocked, id=63620, stack(0x0000000839600000,0x0000000839700000) (1024K)]
  0x000001248fb7dc40 JavaThread "Java2D Disposer"            daemon [_thread_blocked, id=112424, stack(0x0000000839800000,0x0000000839900000) (1024K)]
  0x000001248fb7e380 JavaThread "AWT-Shutdown"                      [_thread_blocked, id=90948, stack(0x0000000839900000,0x0000000839a00000) (1024K)]
  0x00000124daed9e60 JavaThread "AWT-EventQueue-0"                  [_thread_blocked, id=115156, stack(0x0000000839700000,0x0000000839800000) (1024K)]
  0x00000124e8f3efb0 JavaThread "DestroyJavaVM"                     [_thread_blocked, id=120316, stack(0x0000000838500000,0x0000000838600000) (1024K)]
  0x00000124db1b3560 JavaThread "TimerQueue"                 daemon [_thread_blocked, id=113816, stack(0x000000083a100000,0x000000083a200000) (1024K)]
Total: 15

Other Threads:
=>0x00000124fff7bd70 VMThread "VM Thread"                           [id=109072, stack(0x0000000838c00000,0x0000000838d00000) (1024K)]
  0x00000124eb375110 WorkerThread "GC Thread#0"                     [id=114228, stack(0x0000000838600000,0x0000000838700000) (1024K)]
  0x00000124eb389d00 ConcurrentGCThread "G1 Main Marker"            terminated
  0x00000124eb38a810 WorkerThread "G1 Conc#0"                       [id=108532, stack(0x0000000838800000,0x0000000838900000) (1024K)]
  0x00000124ffe28540 ConcurrentGCThread "G1 Refine#0"               terminated
  0x00000124ffe290c0 ConcurrentGCThread "G1 Service"                terminated
Total: 6

Threads with active compile tasks:
Total: 0

VM state: at safepoint (shutting down)

VM Mutex/Monitor currently owned by a thread:  ([mutex/lock_event])
[0x00007ff90ef244b0] Threads_lock - owner thread: 0x00000124fff7bd70
[0x00007ff90ef245b0] Heap_lock - owner thread: 0x00000124daed9e60

Heap address: 0x0000000607000000, size: 8080 MB, Compressed Oops mode: Zero based, Oop shift amount: 3

CDS archive(s) mapped at: [0x0000012490000000-0x0000012490d40000-0x0000012490d40000), size 13893632, SharedBaseAddress: 0x0000012490000000, ArchiveRelocationMode: 1.
Compressed class space mapped at: 0x0000012491000000-0x00000124d1000000, reserved size: 1073741824
UseCompressedClassPointers 1, UseCompactObjectHeaders 0
Narrow klass pointer bits 32, Max shift 3
Narrow klass base: 0x0000012490000000, Narrow klass shift: 0
Encoding Range: [0x0000012490000000 - 0x0000012590000000), (4294967296 bytes)
Klass Range:    [0x0000012490000000 - 0x00000124d1000000), (1090519040 bytes)
Klass ID Range:  [8 - 1090519033) (1090519025)

GC Precious Log:
 CardTable entry size: 512
 Card Set container configuration: InlinePtr #cards 4 size 8 Array Of Cards #cards 32 size 80 Howl #buckets 8 coarsen threshold 7372 Howl Bitmap #cards 1024 size 144 coarsen threshold 921 Card regions per heap region 1 cards per card region 8192
 CPUs: 8 total, 8 available
 Memory: 32313M
 Large Page Support: Disabled
 NUMA Support: Disabled
 Compressed Oops: Enabled (Zero based)
 Heap Region Size: 4M
 Heap Min Capacity: 8M
 Heap Initial Capacity: 508M
 Heap Max Capacity: 8080M
 Pre-touch: Disabled
 Parallel Workers: 8
 Concurrent Workers: 2
 Concurrent Refinement Workers: 8
 Periodic GC: Disabled

Heap:
 garbage-first heap   total reserved 8273920K, committed 524288K, used 17520K [0x0000000607000000, 0x0000000800000000)
  region size 4096K, 5 young (20480K), 0 survivors (0K)
 Metaspace       used 8952K, committed 9152K, reserved 1114112K
  class space    used 813K, committed 896K, reserved 1048576K

Heap Regions: E=young(eden), S=young(survivor), O=old, HS=humongous(starts), HC=humongous(continues), CS=collection set, F=free, TAMS=top-at-mark-start, PB=parsable bottom
|   0|0x0000000607000000, 0x0000000607000000, 0x0000000607400000|  0%| F|  |TAMS 0x0000000607000000| PB 0x0000000607000000| Untracked |  0
|   1|0x0000000607400000, 0x0000000607400000, 0x0000000607800000|  0%| F|  |TAMS 0x0000000607400000| PB 0x0000000607400000| Untracked |  0
|   2|0x0000000607800000, 0x0000000607800000, 0x0000000607c00000|  0%| F|  |TAMS 0x0000000607800000| PB 0x0000000607800000| Untracked |  0
|   3|0x0000000607c00000, 0x0000000607c00000, 0x0000000608000000|  0%| F|  |TAMS 0x0000000607c00000| PB 0x0000000607c00000| Untracked |  0
|   4|0x0000000608000000, 0x0000000608000000, 0x0000000608400000|  0%| F|  |TAMS 0x0000000608000000| PB 0x0000000608000000| Untracked |  0
|   5|0x0000000608400000, 0x0000000608400000, 0x0000000608800000|  0%| F|  |TAMS 0x0000000608400000| PB 0x0000000608400000| Untracked |  0
|   6|0x0000000608800000, 0x0000000608800000, 0x0000000608c00000|  0%| F|  |TAMS 0x0000000608800000| PB 0x0000000608800000| Untracked |  0
|   7|0x0000000608c00000, 0x0000000608c00000, 0x0000000609000000|  0%| F|  |TAMS 0x0000000608c00000| PB 0x0000000608c00000| Untracked |  0
|   8|0x0000000609000000, 0x0000000609000000, 0x0000000609400000|  0%| F|  |TAMS 0x0000000609000000| PB 0x0000000609000000| Untracked |  0
|   9|0x0000000609400000, 0x0000000609400000, 0x0000000609800000|  0%| F|  |TAMS 0x0000000609400000| PB 0x0000000609400000| Untracked |  0
|  10|0x0000000609800000, 0x0000000609800000, 0x0000000609c00000|  0%| F|  |TAMS 0x0000000609800000| PB 0x0000000609800000| Untracked |  0
|  11|0x0000000609c00000, 0x0000000609c00000, 0x000000060a000000|  0%| F|  |TAMS 0x0000000609c00000| PB 0x0000000609c00000| Untracked |  0
|  12|0x000000060a000000, 0x000000060a000000, 0x000000060a400000|  0%| F|  |TAMS 0x000000060a000000| PB 0x000000060a000000| Untracked |  0
|  13|0x000000060a400000, 0x000000060a400000, 0x000000060a800000|  0%| F|  |TAMS 0x000000060a400000| PB 0x000000060a400000| Untracked |  0
|  14|0x000000060a800000, 0x000000060a800000, 0x000000060ac00000|  0%| F|  |TAMS 0x000000060a800000| PB 0x000000060a800000| Untracked |  0
|  15|0x000000060ac00000, 0x000000060ac00000, 0x000000060b000000|  0%| F|  |TAMS 0x000000060ac00000| PB 0x000000060ac00000| Untracked |  0
|  16|0x000000060b000000, 0x000000060b000000, 0x000000060b400000|  0%| F|  |TAMS 0x000000060b000000| PB 0x000000060b000000| Untracked |  0
|  17|0x000000060b400000, 0x000000060b400000, 0x000000060b800000|  0%| F|  |TAMS 0x000000060b400000| PB 0x000000060b400000| Untracked |  0
|  18|0x000000060b800000, 0x000000060b800000, 0x000000060bc00000|  0%| F|  |TAMS 0x000000060b800000| PB 0x000000060b800000| Untracked |  0
|  19|0x000000060bc00000, 0x000000060bc00000, 0x000000060c000000|  0%| F|  |TAMS 0x000000060bc00000| PB 0x000000060bc00000| Untracked |  0
|  20|0x000000060c000000, 0x000000060c000000, 0x000000060c400000|  0%| F|  |TAMS 0x000000060c000000| PB 0x000000060c000000| Untracked |  0
|  21|0x000000060c400000, 0x000000060c400000, 0x000000060c800000|  0%| F|  |TAMS 0x000000060c400000| PB 0x000000060c400000| Untracked |  0
|  22|0x000000060c800000, 0x000000060c800000, 0x000000060cc00000|  0%| F|  |TAMS 0x000000060c800000| PB 0x000000060c800000| Untracked |  0
|  23|0x000000060cc00000, 0x000000060cc00000, 0x000000060d000000|  0%| F|  |TAMS 0x000000060cc00000| PB 0x000000060cc00000| Untracked |  0
|  24|0x000000060d000000, 0x000000060d000000, 0x000000060d400000|  0%| F|  |TAMS 0x000000060d000000| PB 0x000000060d000000| Untracked |  0
|  25|0x000000060d400000, 0x000000060d400000, 0x000000060d800000|  0%| F|  |TAMS 0x000000060d400000| PB 0x000000060d400000| Untracked |  0
|  26|0x000000060d800000, 0x000000060d800000, 0x000000060dc00000|  0%| F|  |TAMS 0x000000060d800000| PB 0x000000060d800000| Untracked |  0
|  27|0x000000060dc00000, 0x000000060dc00000, 0x000000060e000000|  0%| F|  |TAMS 0x000000060dc00000| PB 0x000000060dc00000| Untracked |  0
|  28|0x000000060e000000, 0x000000060e000000, 0x000000060e400000|  0%| F|  |TAMS 0x000000060e000000| PB 0x000000060e000000| Untracked |  0
|  29|0x000000060e400000, 0x000000060e400000, 0x000000060e800000|  0%| F|  |TAMS 0x000000060e400000| PB 0x000000060e400000| Untracked |  0
|  30|0x000000060e800000, 0x000000060e800000, 0x000000060ec00000|  0%| F|  |TAMS 0x000000060e800000| PB 0x000000060e800000| Untracked |  0
|  31|0x000000060ec00000, 0x000000060ec00000, 0x000000060f000000|  0%| F|  |TAMS 0x000000060ec00000| PB 0x000000060ec00000| Untracked |  0
|  32|0x000000060f000000, 0x000000060f000000, 0x000000060f400000|  0%| F|  |TAMS 0x000000060f000000| PB 0x000000060f000000| Untracked |  0
|  33|0x000000060f400000, 0x000000060f400000, 0x000000060f800000|  0%| F|  |TAMS 0x000000060f400000| PB 0x000000060f400000| Untracked |  0
|  34|0x000000060f800000, 0x000000060f800000, 0x000000060fc00000|  0%| F|  |TAMS 0x000000060f800000| PB 0x000000060f800000| Untracked |  0
|  35|0x000000060fc00000, 0x000000060fc00000, 0x0000000610000000|  0%| F|  |TAMS 0x000000060fc00000| PB 0x000000060fc00000| Untracked |  0
|  36|0x0000000610000000, 0x0000000610000000, 0x0000000610400000|  0%| F|  |TAMS 0x0000000610000000| PB 0x0000000610000000| Untracked |  0
|  37|0x0000000610400000, 0x0000000610400000, 0x0000000610800000|  0%| F|  |TAMS 0x0000000610400000| PB 0x0000000610400000| Untracked |  0
|  38|0x0000000610800000, 0x0000000610800000, 0x0000000610c00000|  0%| F|  |TAMS 0x0000000610800000| PB 0x0000000610800000| Untracked |  0
|  39|0x0000000610c00000, 0x0000000610c00000, 0x0000000611000000|  0%| F|  |TAMS 0x0000000610c00000| PB 0x0000000610c00000| Untracked |  0
|  40|0x0000000611000000, 0x0000000611000000, 0x0000000611400000|  0%| F|  |TAMS 0x0000000611000000| PB 0x0000000611000000| Untracked |  0
|  41|0x0000000611400000, 0x0000000611400000, 0x0000000611800000|  0%| F|  |TAMS 0x0000000611400000| PB 0x0000000611400000| Untracked |  0
|  42|0x0000000611800000, 0x0000000611800000, 0x0000000611c00000|  0%| F|  |TAMS 0x0000000611800000| PB 0x0000000611800000| Untracked |  0
|  43|0x0000000611c00000, 0x0000000611c00000, 0x0000000612000000|  0%| F|  |TAMS 0x0000000611c00000| PB 0x0000000611c00000| Untracked |  0
|  44|0x0000000612000000, 0x0000000612000000, 0x0000000612400000|  0%| F|  |TAMS 0x0000000612000000| PB 0x0000000612000000| Untracked |  0
|  45|0x0000000612400000, 0x0000000612400000, 0x0000000612800000|  0%| F|  |TAMS 0x0000000612400000| PB 0x0000000612400000| Untracked |  0
|  46|0x0000000612800000, 0x0000000612800000, 0x0000000612c00000|  0%| F|  |TAMS 0x0000000612800000| PB 0x0000000612800000| Untracked |  0
|  47|0x0000000612c00000, 0x0000000612c00000, 0x0000000613000000|  0%| F|  |TAMS 0x0000000612c00000| PB 0x0000000612c00000| Untracked |  0
|  48|0x0000000613000000, 0x0000000613000000, 0x0000000613400000|  0%| F|  |TAMS 0x0000000613000000| PB 0x0000000613000000| Untracked |  0
|  49|0x0000000613400000, 0x0000000613400000, 0x0000000613800000|  0%| F|  |TAMS 0x0000000613400000| PB 0x0000000613400000| Untracked |  0
|  50|0x0000000613800000, 0x0000000613800000, 0x0000000613c00000|  0%| F|  |TAMS 0x0000000613800000| PB 0x0000000613800000| Untracked |  0
|  51|0x0000000613c00000, 0x0000000613c00000, 0x0000000614000000|  0%| F|  |TAMS 0x0000000613c00000| PB 0x0000000613c00000| Untracked |  0
|  52|0x0000000614000000, 0x0000000614000000, 0x0000000614400000|  0%| F|  |TAMS 0x0000000614000000| PB 0x0000000614000000| Untracked |  0
|  53|0x0000000614400000, 0x0000000614400000, 0x0000000614800000|  0%| F|  |TAMS 0x0000000614400000| PB 0x0000000614400000| Untracked |  0
|  54|0x0000000614800000, 0x0000000614800000, 0x0000000614c00000|  0%| F|  |TAMS 0x0000000614800000| PB 0x0000000614800000| Untracked |  0
|  55|0x0000000614c00000, 0x0000000614c00000, 0x0000000615000000|  0%| F|  |TAMS 0x0000000614c00000| PB 0x0000000614c00000| Untracked |  0
|  56|0x0000000615000000, 0x0000000615000000, 0x0000000615400000|  0%| F|  |TAMS 0x0000000615000000| PB 0x0000000615000000| Untracked |  0
|  57|0x0000000615400000, 0x0000000615400000, 0x0000000615800000|  0%| F|  |TAMS 0x0000000615400000| PB 0x0000000615400000| Untracked |  0
|  58|0x0000000615800000, 0x0000000615800000, 0x0000000615c00000|  0%| F|  |TAMS 0x0000000615800000| PB 0x0000000615800000| Untracked |  0
|  59|0x0000000615c00000, 0x0000000615c00000, 0x0000000616000000|  0%| F|  |TAMS 0x0000000615c00000| PB 0x0000000615c00000| Untracked |  0
|  60|0x0000000616000000, 0x0000000616000000, 0x0000000616400000|  0%| F|  |TAMS 0x0000000616000000| PB 0x0000000616000000| Untracked |  0
|  61|0x0000000616400000, 0x0000000616400000, 0x0000000616800000|  0%| F|  |TAMS 0x0000000616400000| PB 0x0000000616400000| Untracked |  0
|  62|0x0000000616800000, 0x0000000616800000, 0x0000000616c00000|  0%| F|  |TAMS 0x0000000616800000| PB 0x0000000616800000| Untracked |  0
|  63|0x0000000616c00000, 0x0000000616c00000, 0x0000000617000000|  0%| F|  |TAMS 0x0000000616c00000| PB 0x0000000616c00000| Untracked |  0
|  64|0x0000000617000000, 0x0000000617000000, 0x0000000617400000|  0%| F|  |TAMS 0x0000000617000000| PB 0x0000000617000000| Untracked |  0
|  65|0x0000000617400000, 0x0000000617400000, 0x0000000617800000|  0%| F|  |TAMS 0x0000000617400000| PB 0x0000000617400000| Untracked |  0
|  66|0x0000000617800000, 0x0000000617800000, 0x0000000617c00000|  0%| F|  |TAMS 0x0000000617800000| PB 0x0000000617800000| Untracked |  0
|  67|0x0000000617c00000, 0x0000000617c00000, 0x0000000618000000|  0%| F|  |TAMS 0x0000000617c00000| PB 0x0000000617c00000| Untracked |  0
|  68|0x0000000618000000, 0x0000000618000000, 0x0000000618400000|  0%| F|  |TAMS 0x0000000618000000| PB 0x0000000618000000| Untracked |  0
|  69|0x0000000618400000, 0x0000000618400000, 0x0000000618800000|  0%| F|  |TAMS 0x0000000618400000| PB 0x0000000618400000| Untracked |  0
|  70|0x0000000618800000, 0x0000000618800000, 0x0000000618c00000|  0%| F|  |TAMS 0x0000000618800000| PB 0x0000000618800000| Untracked |  0
|  71|0x0000000618c00000, 0x0000000618c00000, 0x0000000619000000|  0%| F|  |TAMS 0x0000000618c00000| PB 0x0000000618c00000| Untracked |  0
|  72|0x0000000619000000, 0x0000000619000000, 0x0000000619400000|  0%| F|  |TAMS 0x0000000619000000| PB 0x0000000619000000| Untracked |  0
|  73|0x0000000619400000, 0x0000000619400000, 0x0000000619800000|  0%| F|  |TAMS 0x0000000619400000| PB 0x0000000619400000| Untracked |  0
|  74|0x0000000619800000, 0x0000000619800000, 0x0000000619c00000|  0%| F|  |TAMS 0x0000000619800000| PB 0x0000000619800000| Untracked |  0
|  75|0x0000000619c00000, 0x0000000619c00000, 0x000000061a000000|  0%| F|  |TAMS 0x0000000619c00000| PB 0x0000000619c00000| Untracked |  0
|  76|0x000000061a000000, 0x000000061a000000, 0x000000061a400000|  0%| F|  |TAMS 0x000000061a000000| PB 0x000000061a000000| Untracked |  0
|  77|0x000000061a400000, 0x000000061a400000, 0x000000061a800000|  0%| F|  |TAMS 0x000000061a400000| PB 0x000000061a400000| Untracked |  0
|  78|0x000000061a800000, 0x000000061a800000, 0x000000061ac00000|  0%| F|  |TAMS 0x000000061a800000| PB 0x000000061a800000| Untracked |  0
|  79|0x000000061ac00000, 0x000000061ac00000, 0x000000061b000000|  0%| F|  |TAMS 0x000000061ac00000| PB 0x000000061ac00000| Untracked |  0
|  80|0x000000061b000000, 0x000000061b000000, 0x000000061b400000|  0%| F|  |TAMS 0x000000061b000000| PB 0x000000061b000000| Untracked |  0
|  81|0x000000061b400000, 0x000000061b400000, 0x000000061b800000|  0%| F|  |TAMS 0x000000061b400000| PB 0x000000061b400000| Untracked |  0
|  82|0x000000061b800000, 0x000000061b800000, 0x000000061bc00000|  0%| F|  |TAMS 0x000000061b800000| PB 0x000000061b800000| Untracked |  0
|  83|0x000000061bc00000, 0x000000061bc00000, 0x000000061c000000|  0%| F|  |TAMS 0x000000061bc00000| PB 0x000000061bc00000| Untracked |  0
|  84|0x000000061c000000, 0x000000061c000000, 0x000000061c400000|  0%| F|  |TAMS 0x000000061c000000| PB 0x000000061c000000| Untracked |  0
|  85|0x000000061c400000, 0x000000061c400000, 0x000000061c800000|  0%| F|  |TAMS 0x000000061c400000| PB 0x000000061c400000| Untracked |  0
|  86|0x000000061c800000, 0x000000061c800000, 0x000000061cc00000|  0%| F|  |TAMS 0x000000061c800000| PB 0x000000061c800000| Untracked |  0
|  87|0x000000061cc00000, 0x000000061cc00000, 0x000000061d000000|  0%| F|  |TAMS 0x000000061cc00000| PB 0x000000061cc00000| Untracked |  0
|  88|0x000000061d000000, 0x000000061d000000, 0x000000061d400000|  0%| F|  |TAMS 0x000000061d000000| PB 0x000000061d000000| Untracked |  0
|  89|0x000000061d400000, 0x000000061d400000, 0x000000061d800000|  0%| F|  |TAMS 0x000000061d400000| PB 0x000000061d400000| Untracked |  0
|  90|0x000000061d800000, 0x000000061d800000, 0x000000061dc00000|  0%| F|  |TAMS 0x000000061d800000| PB 0x000000061d800000| Untracked |  0
|  91|0x000000061dc00000, 0x000000061dc00000, 0x000000061e000000|  0%| F|  |TAMS 0x000000061dc00000| PB 0x000000061dc00000| Untracked |  0
|  92|0x000000061e000000, 0x000000061e000000, 0x000000061e400000|  0%| F|  |TAMS 0x000000061e000000| PB 0x000000061e000000| Untracked |  0
|  93|0x000000061e400000, 0x000000061e400000, 0x000000061e800000|  0%| F|  |TAMS 0x000000061e400000| PB 0x000000061e400000| Untracked |  0
|  94|0x000000061e800000, 0x000000061e800000, 0x000000061ec00000|  0%| F|  |TAMS 0x000000061e800000| PB 0x000000061e800000| Untracked |  0
|  95|0x000000061ec00000, 0x000000061ec00000, 0x000000061f000000|  0%| F|  |TAMS 0x000000061ec00000| PB 0x000000061ec00000| Untracked |  0
|  96|0x000000061f000000, 0x000000061f000000, 0x000000061f400000|  0%| F|  |TAMS 0x000000061f000000| PB 0x000000061f000000| Untracked |  0
|  97|0x000000061f400000, 0x000000061f400000, 0x000000061f800000|  0%| F|  |TAMS 0x000000061f400000| PB 0x000000061f400000| Untracked |  0
|  98|0x000000061f800000, 0x000000061f800000, 0x000000061fc00000|  0%| F|  |TAMS 0x000000061f800000| PB 0x000000061f800000| Untracked |  0
|  99|0x000000061fc00000, 0x000000061fc00000, 0x0000000620000000|  0%| F|  |TAMS 0x000000061fc00000| PB 0x000000061fc00000| Untracked |  0
| 100|0x0000000620000000, 0x0000000620000000, 0x0000000620400000|  0%| F|  |TAMS 0x0000000620000000| PB 0x0000000620000000| Untracked |  0
| 101|0x0000000620400000, 0x0000000620400000, 0x0000000620800000|  0%| F|  |TAMS 0x0000000620400000| PB 0x0000000620400000| Untracked |  0
| 102|0x0000000620800000, 0x0000000620800000, 0x0000000620c00000|  0%| F|  |TAMS 0x0000000620800000| PB 0x0000000620800000| Untracked |  0
| 103|0x0000000620c00000, 0x0000000620c00000, 0x0000000621000000|  0%| F|  |TAMS 0x0000000620c00000| PB 0x0000000620c00000| Untracked |  0
| 104|0x0000000621000000, 0x0000000621000000, 0x0000000621400000|  0%| F|  |TAMS 0x0000000621000000| PB 0x0000000621000000| Untracked |  0
| 105|0x0000000621400000, 0x0000000621400000, 0x0000000621800000|  0%| F|  |TAMS 0x0000000621400000| PB 0x0000000621400000| Untracked |  0
| 106|0x0000000621800000, 0x0000000621800000, 0x0000000621c00000|  0%| F|  |TAMS 0x0000000621800000| PB 0x0000000621800000| Untracked |  0
| 107|0x0000000621c00000, 0x0000000621c00000, 0x0000000622000000|  0%| F|  |TAMS 0x0000000621c00000| PB 0x0000000621c00000| Untracked |  0
| 108|0x0000000622000000, 0x0000000622000000, 0x0000000622400000|  0%| F|  |TAMS 0x0000000622000000| PB 0x0000000622000000| Untracked |  0
| 109|0x0000000622400000, 0x0000000622400000, 0x0000000622800000|  0%| F|  |TAMS 0x0000000622400000| PB 0x0000000622400000| Untracked |  0
| 110|0x0000000622800000, 0x0000000622800000, 0x0000000622c00000|  0%| F|  |TAMS 0x0000000622800000| PB 0x0000000622800000| Untracked |  0
| 111|0x0000000622c00000, 0x0000000622c00000, 0x0000000623000000|  0%| F|  |TAMS 0x0000000622c00000| PB 0x0000000622c00000| Untracked |  0
| 112|0x0000000623000000, 0x0000000623000000, 0x0000000623400000|  0%| F|  |TAMS 0x0000000623000000| PB 0x0000000623000000| Untracked |  0
| 113|0x0000000623400000, 0x0000000623400000, 0x0000000623800000|  0%| F|  |TAMS 0x0000000623400000| PB 0x0000000623400000| Untracked |  0
| 114|0x0000000623800000, 0x0000000623800000, 0x0000000623c00000|  0%| F|  |TAMS 0x0000000623800000| PB 0x0000000623800000| Untracked |  0
| 115|0x0000000623c00000, 0x0000000623c00000, 0x0000000624000000|  0%| F|  |TAMS 0x0000000623c00000| PB 0x0000000623c00000| Untracked |  0
| 116|0x0000000624000000, 0x0000000624000000, 0x0000000624400000|  0%| F|  |TAMS 0x0000000624000000| PB 0x0000000624000000| Untracked |  0
| 117|0x0000000624400000, 0x0000000624400000, 0x0000000624800000|  0%| F|  |TAMS 0x0000000624400000| PB 0x0000000624400000| Untracked |  0
| 118|0x0000000624800000, 0x0000000624800000, 0x0000000624c00000|  0%| F|  |TAMS 0x0000000624800000| PB 0x0000000624800000| Untracked |  0
| 119|0x0000000624c00000, 0x0000000624c00000, 0x0000000625000000|  0%| F|  |TAMS 0x0000000624c00000| PB 0x0000000624c00000| Untracked |  0
| 120|0x0000000625000000, 0x0000000625000000, 0x0000000625400000|  0%| F|  |TAMS 0x0000000625000000| PB 0x0000000625000000| Untracked |  0
| 121|0x0000000625400000, 0x0000000625400000, 0x0000000625800000|  0%| F|  |TAMS 0x0000000625400000| PB 0x0000000625400000| Untracked |  0
| 122|0x0000000625800000, 0x00000006258f5c40, 0x0000000625c00000| 24%| E|  |TAMS 0x0000000625800000| PB 0x0000000625800000| Complete |  0
| 123|0x0000000625c00000, 0x0000000626000000, 0x0000000626000000|100%| E|CS|TAMS 0x0000000625c00000| PB 0x0000000625c00000| Complete |  0
| 124|0x0000000626000000, 0x0000000626400000, 0x0000000626400000|100%| E|CS|TAMS 0x0000000626000000| PB 0x0000000626000000| Complete |  0
| 125|0x0000000626400000, 0x0000000626800000, 0x0000000626800000|100%| E|CS|TAMS 0x0000000626400000| PB 0x0000000626400000| Complete |  0
| 126|0x0000000626800000, 0x0000000626c00000, 0x0000000626c00000|100%| E|CS|TAMS 0x0000000626800000| PB 0x0000000626800000| Complete |  0
|2019|0x00000007ffc00000, 0x00000007ffd1c288, 0x0000000800000000| 27%| O|  |TAMS 0x00000007ffc00000| PB 0x00000007ffc00000| Untracked |  0

Card table byte_map: [0x00000124f4e70000,0x00000124f5e40000] _byte_map_base: 0x00000124f1e38000

Marking Bits: (CMBitMap*) 0x00000124eb375820
 Bits: [0x00000124f5e40000, 0x00000124fdc80000)

Polling page: 0x00000124e92d0000

Metaspace:

Usage:
  Non-class:      7.95 MB used.
      Class:    813.40 KB used.
       Both:      8.74 MB used.

Virtual space:
  Non-class space:       64.00 MB reserved,       8.06 MB ( 13%) committed,  1 nodes.
      Class space:        1.00 GB reserved,     896.00 KB ( <1%) committed,  1 nodes.
             Both:        1.06 GB reserved,       8.94 MB ( <1%) committed. 

Chunk freelists:
   Non-Class:  7.00 MB
       Class:  15.07 MB
        Both:  22.07 MB

MaxMetaspaceSize: unlimited
CompressedClassSpaceSize: 1.00 GB
Initial GC threshold: 21.00 MB
Current GC threshold: 21.00 MB
CDS: on
 - commit_granule_bytes: 65536.
 - commit_granule_words: 8192.
 - virtual_space_node_default_size: 8388608.
 - enlarge_chunks_in_place: 1.
UseCompressedClassPointers 1, UseCompactObjectHeaders 0
Narrow klass pointer bits 32, Max shift 3
Narrow klass base: 0x0000012490000000, Narrow klass shift: 0
Encoding Range: [0x0000012490000000 - 0x0000012590000000), (4294967296 bytes)
Klass Range:    [0x0000012490000000 - 0x00000124d1000000), (1090519040 bytes)
Klass ID Range:  [8 - 1090519033) (1090519025)


Internal statistics:

num_allocs_failed_limit: 0.
num_arena_births: 168.
num_arena_deaths: 0.
num_vsnodes_births: 2.
num_vsnodes_deaths: 0.
num_space_committed: 143.
num_space_uncommitted: 0.
num_chunks_returned_to_freelist: 0.
num_chunks_taken_from_freelist: 223.
num_chunk_merges: 0.
num_chunk_splits: 132.
num_chunks_enlarged: 64.
num_inconsistent_stats: 0.

CodeHeap 'non-profiled nmethods': size=120064Kb used=318Kb max_used=318Kb free=119745Kb
 bounds [0x0000012487ac0000, 0x0000012487d30000, 0x000001248f000000]
CodeHeap 'profiled nmethods': size=120000Kb used=1723Kb max_used=1723Kb free=118276Kb
 bounds [0x0000012480000000, 0x0000012480270000, 0x0000012487530000]
CodeHeap 'non-nmethods': size=5696Kb used=1686Kb max_used=1717Kb free=4009Kb
 bounds [0x0000012487530000, 0x00000124877a0000, 0x0000012487ac0000]
CodeCache: size=245760Kb, used=3727Kb, max_used=3758Kb, free=242030Kb
 total_blobs=1854, nmethods=1163, adapters=597, full_count=0
Compilation: enabled, stopped_count=0, restarted_count=0

Compilation events (20 events):
Event: 1.432 Thread 0x000001248f788210 1154       3       javax.swing.JComponent::processMouseMotionEvent (46 bytes)
Event: 1.432 Thread 0x000001248f788210 nmethod 1154 0x00000124801a9188 code [0x00000124801a92c0, 0x00000124801a9600]
Event: 1.432 Thread 0x000001248f788210 1155       3       java.awt.Component::processMouseMotionEvent (58 bytes)
Event: 1.432 Thread 0x000001248f788210 nmethod 1155 0x00000124801a9688 code [0x00000124801a97c0, 0x00000124801a9bc0]
Event: 1.448 Thread 0x000001248f788210 1156   !   3       java.util.concurrent.locks.AbstractQueuedSynchronizer::acquire (448 bytes)
Event: 1.448 Thread 0x000001248f788210 nmethod 1156 0x00000124801a9c08 code [0x00000124801a9f40, 0x00000124801ab9a8]
Event: 1.454 Thread 0x000001248f788210 1157       3       jdk.internal.misc.Unsafe::putIntOpaque (9 bytes)
Event: 1.454 Thread 0x000001248f788210 nmethod 1157 0x00000124801aba08 code [0x00000124801abb20, 0x00000124801abc30]
Event: 1.455 Thread 0x000001248f788210 1158   !   3       java.util.concurrent.locks.AbstractQueuedSynchronizer$ConditionObject::newConditionNode (78 bytes)
Event: 1.455 Thread 0x000001248f788210 nmethod 1158 0x00000124801abd08 code [0x00000124801abee0, 0x00000124801ac830]
Event: 1.455 Thread 0x000001248f788210 1159       3       java.util.concurrent.locks.AbstractQueuedSynchronizer$ConditionNode::<init> (5 bytes)
Event: 1.455 Thread 0x000001248f788210 nmethod 1159 0x00000124801ac888 code [0x00000124801ac9a0, 0x00000124801acb60]
Event: 1.455 Thread 0x000001248f788210 1160       3       java.util.concurrent.locks.AbstractQueuedSynchronizer$ConditionObject::enableWait (84 bytes)
Event: 1.455 Thread 0x000001248f788210 nmethod 1160 0x00000124801acb88 code [0x00000124801acd20, 0x00000124801ad5f8]
Event: 1.460 Thread 0x000001248f788210 1161       3       java.util.HashSet::remove (20 bytes)
Event: 1.460 Thread 0x000001248f788210 nmethod 1161 0x00000124801ad688 code [0x00000124801ad7a0, 0x00000124801ad9c0]
Event: 1.461 Thread 0x000001248f788210 1162       3       java.util.concurrent.locks.AbstractQueuedSynchronizer::enqueue (72 bytes)
Event: 1.461 Thread 0x000001248f788210 nmethod 1162 0x00000124801ada08 code [0x00000124801adbe0, 0x00000124801ae7f8]
Event: 1.461 Thread 0x000001248f788210 1163   !   3       java.util.concurrent.locks.AbstractQueuedSynchronizer::reacquire (64 bytes)
Event: 1.461 Thread 0x000001248f788210 nmethod 1163 0x00000124801ae888 code [0x00000124801ae9e0, 0x00000124801aeec8]

GC Heap History (0 events):
No events

Dll operation events (9 events):
Event: 0.004 Loaded shared library C:\Users\Palgo\.jdks\openjdk-24.0.1\bin\java.dll
Event: 0.021 Loaded shared library C:\Users\Palgo\.jdks\openjdk-24.0.1\bin\jsvml.dll
Event: 0.036 Loaded shared library C:\Users\Palgo\.jdks\openjdk-24.0.1\bin\jimage.dll
Event: 0.039 Loaded shared library C:\Users\Palgo\.jdks\openjdk-24.0.1\bin\net.dll
Event: 0.039 Loaded shared library C:\Users\Palgo\.jdks\openjdk-24.0.1\bin\nio.dll
Event: 0.043 Loaded shared library C:\Users\Palgo\.jdks\openjdk-24.0.1\bin\zip.dll
Event: 0.051 Loaded shared library C:\Users\Palgo\.jdks\openjdk-24.0.1\bin\awt.dll
Event: 0.310 Loaded shared library C:\Users\Palgo\.jdks\openjdk-24.0.1\bin\freetype.dll
Event: 0.311 Loaded shared library C:\Users\Palgo\.jdks\openjdk-24.0.1\bin\fontmanager.dll

Deoptimization events (20 events):
Event: 0.420 Thread 0x00000124d53c88c0 Uncommon trap: trap_request=0xffffffd6 fr.pc=0x0000012487af784c relative=0x000000000000066c
Event: 0.420 Thread 0x00000124d53c88c0 Uncommon trap: reason=array_check action=maybe_recompile pc=0x0000012487af784c method=jdk.internal.classfile.impl.SplitConstantPool.internalAdd(Ljava/lang/classfile/constantpool/PoolEntry;I)Ljava/lang/classfile/constantpool/PoolEntry; @ 46 c2
Event: 0.420 Thread 0x00000124d53c88c0 DEOPT PACKING pc=0x0000012487af784c sp=0x0000000839afc440
Event: 0.420 Thread 0x00000124d53c88c0 DEOPT UNPACKING pc=0x0000012487655902 sp=0x0000000839afc3d0 mode 2
Event: 0.420 Thread 0x00000124d53c88c0 Uncommon trap: trap_request=0xffffffd6 fr.pc=0x0000012487af784c relative=0x000000000000066c
Event: 0.420 Thread 0x00000124d53c88c0 Uncommon trap: reason=array_check action=maybe_recompile pc=0x0000012487af784c method=jdk.internal.classfile.impl.SplitConstantPool.internalAdd(Ljava/lang/classfile/constantpool/PoolEntry;I)Ljava/lang/classfile/constantpool/PoolEntry; @ 46 c2
Event: 0.420 Thread 0x00000124d53c88c0 DEOPT PACKING pc=0x0000012487af784c sp=0x0000000839afc440
Event: 0.420 Thread 0x00000124d53c88c0 DEOPT UNPACKING pc=0x0000012487655902 sp=0x0000000839afc3d0 mode 2
Event: 0.420 Thread 0x00000124d53c88c0 Uncommon trap: trap_request=0xffffffd6 fr.pc=0x0000012487af784c relative=0x000000000000066c
Event: 0.420 Thread 0x00000124d53c88c0 Uncommon trap: reason=array_check action=maybe_recompile pc=0x0000012487af784c method=jdk.internal.classfile.impl.SplitConstantPool.internalAdd(Ljava/lang/classfile/constantpool/PoolEntry;I)Ljava/lang/classfile/constantpool/PoolEntry; @ 46 c2
Event: 0.420 Thread 0x00000124d53c88c0 DEOPT PACKING pc=0x0000012487af784c sp=0x0000000839afc360
Event: 0.420 Thread 0x00000124d53c88c0 DEOPT UNPACKING pc=0x0000012487655902 sp=0x0000000839afc2f0 mode 2
Event: 0.420 Thread 0x00000124d53c88c0 Uncommon trap: trap_request=0xffffffd6 fr.pc=0x0000012487af784c relative=0x000000000000066c
Event: 0.420 Thread 0x00000124d53c88c0 Uncommon trap: reason=array_check action=maybe_recompile pc=0x0000012487af784c method=jdk.internal.classfile.impl.SplitConstantPool.internalAdd(Ljava/lang/classfile/constantpool/PoolEntry;I)Ljava/lang/classfile/constantpool/PoolEntry; @ 46 c2
Event: 0.420 Thread 0x00000124d53c88c0 DEOPT PACKING pc=0x0000012487af784c sp=0x0000000839afc360
Event: 0.420 Thread 0x00000124d53c88c0 DEOPT UNPACKING pc=0x0000012487655902 sp=0x0000000839afc2f0 mode 2
Event: 0.442 Thread 0x00000124daed9e60 Uncommon trap: trap_request=0xffffff4d fr.pc=0x0000012487af27f4 relative=0x00000000000000d4
Event: 0.442 Thread 0x00000124daed9e60 Uncommon trap: reason=unstable_if action=reinterpret pc=0x0000012487af27f4 method=jdk.internal.classfile.impl.RawBytecodeHelper.next()Z @ 46 c2
Event: 0.442 Thread 0x00000124daed9e60 DEOPT PACKING pc=0x0000012487af27f4 sp=0x00000008397fbdd0
Event: 0.442 Thread 0x00000124daed9e60 DEOPT UNPACKING pc=0x0000012487655902 sp=0x00000008397fbd58 mode 2

Classes loaded (20 events):
Event: 0.464 Loading class sun/awt/geom/Order1
Event: 0.464 Loading class sun/awt/geom/Order1 done
Event: 0.464 Loading class sun/awt/geom/AreaOp$NZWindOp
Event: 0.464 Loading class sun/awt/geom/AreaOp
Event: 0.464 Loading class sun/awt/geom/AreaOp done
Event: 0.464 Loading class sun/awt/geom/AreaOp$NZWindOp done
Event: 0.464 Loading class sun/awt/geom/AreaOp$1
Event: 0.464 Loading class sun/awt/geom/AreaOp$1 done
Event: 0.464 Loading class sun/awt/geom/CurveLink
Event: 0.465 Loading class sun/awt/geom/CurveLink done
Event: 0.465 Loading class sun/awt/geom/ChainEnd
Event: 0.465 Loading class sun/awt/geom/ChainEnd done
Event: 0.465 Loading class java/util/Vector$1
Event: 0.465 Loading class java/util/Vector$1 done
Event: 0.465 Loading class sun/awt/geom/Edge
Event: 0.465 Loading class sun/awt/geom/Edge done
Event: 0.465 Loading class sun/awt/geom/AreaOp$IntOp
Event: 0.465 Loading class sun/awt/geom/AreaOp$CAGOp
Event: 0.465 Loading class sun/awt/geom/AreaOp$CAGOp done
Event: 0.465 Loading class sun/awt/geom/AreaOp$IntOp done

Classes unloaded (0 events):
No events

Classes redefined (0 events):
No events

Internal exceptions (20 events):
Event: 0.289 Thread 0x00000124e8f3efb0 Exception <a 'java/lang/ClassNotFoundException'{0x0000000626115138}: com/sun/swing/internal/plaf/metal/resources/spi/metalProvider> (0x0000000626115138) 
thrown [s\open\src\hotspot\share\classfile\systemDictionary.cpp, line 327]
Event: 0.290 Thread 0x00000124e8f3efb0 Exception <a 'java/lang/ClassNotFoundException'{0x0000000626119860}: com/sun/swing/internal/plaf/basic/resources/spi/basicProvider> (0x0000000626119860) 
thrown [s\open\src\hotspot\share\classfile\systemDictionary.cpp, line 327]
Event: 0.295 Thread 0x00000124e8f3efb0 Exception <a 'java/lang/NoSuchMethodError'{0x000000062614aa28}: 'int java.lang.invoke.Invokers$Holder.invokeExact_MT(java.lang.Object, java.lang.Object)'> (0x000000062614aa28) 
thrown [s\open\src\hotspot\share\interpreter\linkResolver.cpp, line 805]
Event: 0.308 Thread 0x00000124e8f3efb0 Exception <a 'java/lang/NoSuchMethodError'{0x000000062617c110}: 'void java.lang.invoke.DirectMethodHandle$Holder.invokeStatic(java.lang.Object, java.lang.Object, java.lang.Object)'> (0x000000062617c110) 
thrown [s\open\src\hotspot\share\interpreter\linkResolver.cpp, line 805]
Event: 0.308 Thread 0x00000124e8f3efb0 Exception <a 'java/lang/NoSuchMethodError'{0x000000062618b998}: 'void java.lang.invoke.DirectMethodHandle$Holder.invokeStatic(java.lang.Object, java.lang.Object)'> (0x000000062618b998) 
thrown [s\open\src\hotspot\share\interpreter\linkResolver.cpp, line 805]
Event: 0.315 Thread 0x00000124e8f3efb0 Exception <a 'java/lang/NoSuchMethodError'{0x00000006261c07a0}: 'long java.lang.invoke.DirectMethodHandle$Holder.invokeStaticInit(java.lang.Object, long, long, long, long)'> (0x00000006261c07a0) 
thrown [s\open\src\hotspot\share\interpreter\linkResolver.cpp, line 805]
Event: 0.315 Thread 0x00000124e8f3efb0 Exception <a 'java/lang/NoSuchMethodError'{0x00000006261c9318}: 'java.lang.Object java.lang.invoke.DirectMethodHandle$Holder.invokeInterface(java.lang.Object, java.lang.Object, long, long)'> (0x00000006261c9318) 
thrown [s\open\src\hotspot\share\interpreter\linkResolver.cpp, line 805]
Event: 0.316 Thread 0x00000124e8f3efb0 Exception <a 'java/lang/NoSuchMethodError'{0x00000006261e1c00}: 'void java.lang.invoke.DirectMethodHandle$Holder.invokeStaticInit(java.lang.Object, java.lang.Object, long, java.lang.Object)'> (0x00000006261e1c00) 
thrown [s\open\src\hotspot\share\interpreter\linkResolver.cpp, line 805]
Event: 0.316 Thread 0x00000124e8f3efb0 Exception <a 'java/lang/NoSuchMethodError'{0x00000006261ea7e8}: 'long java.lang.invoke.DirectMethodHandle$Holder.invokeStatic(java.lang.Object, long, long)'> (0x00000006261ea7e8) 
thrown [s\open\src\hotspot\share\interpreter\linkResolver.cpp, line 805]
Event: 0.318 Thread 0x00000124e8f3efb0 Exception <a 'java/lang/NoSuchMethodError'{0x0000000626217558}: 'java.lang.Object java.lang.invoke.DirectMethodHandle$Holder.newInvokeSpecial(java.lang.Object, int, java.lang.Object)'> (0x0000000626217558) 
thrown [s\open\src\hotspot\share\interpreter\linkResolver.cpp, line 805]
Event: 0.332 Thread 0x00000124e8f3efb0 Exception <a 'java/lang/NoSuchMethodError'{0x00000006262928a8}: 'void java.lang.invoke.DelegatingMethodHandle$Holder.reinvoke_L(java.lang.Object, java.lang.Object, java.lang.Object, java.lang.Object, long, long, float)'> (0x00000006262928a8) 
thrown [s\open\src\hotspot\share\interpreter\linkResolver.cpp, line 805]
Event: 0.334 Thread 0x00000124e8f3efb0 Exception <a 'java/lang/NoSuchMethodError'{0x00000006262b2c48}: 'java.lang.Object java.lang.invoke.DirectMethodHandle$Holder.invokeStatic(java.lang.Object, java.lang.Object, java.lang.Object, java.lang.Object, java.lang.Object, long)'> (0x00000006262b2c48) 
thrown [s\open\src\hotspot\share\interpreter\linkResolver.cpp, line 805]
Event: 0.336 Thread 0x00000124e8f3efb0 Exception <a 'java/lang/NoSuchMethodError'{0x00000006262f8388}: 'float java.lang.invoke.DelegatingMethodHandle$Holder.reinvoke_L(java.lang.Object, java.lang.Object, java.lang.Object, java.lang.Object, long, long)'> (0x00000006262f8388) 
thrown [s\open\src\hotspot\share\interpreter\linkResolver.cpp, line 805]
Event: 0.350 Thread 0x00000124e8f3efb0 Exception <a 'java/lang/NoSuchMethodError'{0x0000000626370468}: 'void java.lang.invoke.DirectMethodHandle$Holder.invokeStatic(java.lang.Object, java.lang.Object, java.lang.Object, java.lang.Object)'> (0x0000000626370468) 
thrown [s\open\src\hotspot\share\interpreter\linkResolver.cpp, line 805]
Event: 0.372 Thread 0x00000124e8f3efb0 Exception <a 'java/lang/NoSuchMethodError'{0x00000006263cd7d8}: 'void java.lang.invoke.DelegatingMethodHandle$Holder.reinvoke_L(java.lang.Object, java.lang.Object, java.lang.Object, java.lang.Object, long, long, int)'> (0x00000006263cd7d8) 
thrown [s\open\src\hotspot\share\interpreter\linkResolver.cpp, line 805]
Event: 0.373 Thread 0x00000124e8f3efb0 Exception <a 'java/lang/NoSuchMethodError'{0x0000000625c151b8}: 'void java.lang.invoke.DelegatingMethodHandle$Holder.reinvoke_L(java.lang.Object, java.lang.Object, java.lang.Object, java.lang.Object, long, long, long)'> (0x0000000625c151b8) 
thrown [s\open\src\hotspot\share\interpreter\linkResolver.cpp, line 805]
Event: 0.374 Thread 0x00000124e8f3efb0 Exception <a 'java/lang/NoSuchMethodError'{0x0000000625c2e848}: 'void java.lang.invoke.DirectMethodHandle$Holder.invokeStaticInit(java.lang.Object)'> (0x0000000625c2e848) 
thrown [s\open\src\hotspot\share\interpreter\linkResolver.cpp, line 805]
Event: 0.399 Thread 0x00000124e8f3efb0 Exception <a 'java/lang/NoSuchMethodError'{0x0000000625c68c20}: 'int java.lang.invoke.DelegatingMethodHandle$Holder.reinvoke_L(java.lang.Object, java.lang.Object, java.lang.Object, java.lang.Object, long, long)'> (0x0000000625c68c20) 
thrown [s\open\src\hotspot\share\interpreter\linkResolver.cpp, line 805]
Event: 0.420 Thread 0x00000124d53c88c0 Exception <a 'java/lang/NoSuchMethodError'{0x0000000626410558}: 'void java.lang.invoke.DirectMethodHandle$Holder.invokeVirtual(java.lang.Object, java.lang.Object)'> (0x0000000626410558) 
thrown [s\open\src\hotspot\share\interpreter\linkResolver.cpp, line 805]
Event: 0.439 Thread 0x00000124daed9e60 Exception <a 'java/lang/NoSuchMethodError'{0x0000000625e12d48}: 'void java.lang.invoke.DelegatingMethodHandle$Holder.reinvoke_L(java.lang.Object, java.lang.Object, java.lang.Object, java.lang.Object, long, long, double)'> (0x0000000625e12d48) 
thrown [s\open\src\hotspot\share\interpreter\linkResolver.cpp, line 805]

VM Operations (5 events):
Event: 0.304 Executing VM operation: HandshakeAllThreads (Deoptimize)
Event: 0.305 Executing VM operation: HandshakeAllThreads (Deoptimize) done
Event: 0.458 Executing VM operation: HandshakeAllThreads (Deoptimize)
Event: 0.458 Executing VM operation: HandshakeAllThreads (Deoptimize) done
Event: 1.928 Executing VM operation: Exit

Memory protections (0 events):
No events

Nmethod flushes (0 events):
No events

Events (20 events):
Event: 0.020 Thread 0x00000124e8f3efb0 Thread added: 0x000001248f788210
Event: 0.024 Thread 0x00000124e8f3efb0 Thread added: 0x00000124fff6d660
Event: 0.025 Thread 0x00000124e8f3efb0 Thread added: 0x000001248f836a10
Event: 0.047 Thread 0x000001248f788210 Thread added: 0x000001248f8ca800
Event: 0.077 Thread 0x00000124e8f3efb0 Thread added: 0x000001248fb7dc40
Event: 0.077 Thread 0x00000124e8f3efb0 Thread added: 0x000001248fb7e380
Event: 0.077 Thread 0x00000124e8f3efb0 Thread added: 0x00000124d53c88c0
Event: 0.191 Thread 0x000001248f8ca800 Thread exited: 0x000001248f8ca800
Event: 0.346 Thread 0x00000124e8f3efb0 Thread added: 0x00000124daed9e60
Event: 0.427 Thread 0x00000124e8f3efb0 Thread exited: 0x00000124e8f3efb0
Event: 0.427 Thread 0x00000124e8f3efb0 Thread added: 0x00000124e8f3efb0
Event: 0.433 Thread 0x00000124daed9e60 Thread added: 0x000001248f8639e0
Event: 0.463 Thread 0x00000124daed9e60 Thread added: 0x00000124db1b3560
Event: 1.826 Thread 0x00000124daed9e60 Thread added: 0x00000124db1236a0
Event: 1.826 Thread 0x00000124daed9e60 Thread added: 0x00000124db12bdf0
Event: 1.826 Thread 0x000001248f8639e0 Thread exited: 0x000001248f8639e0
Event: 1.826 Thread 0x00000124db1236a0 Thread exited: 0x00000124db1236a0
Event: 1.863 Thread 0x00000124d53c88c0 Thread exited: 0x00000124d53c88c0
Event: 1.928 Thread 0x00000124db12bdf0 Thread exited: 0x00000124db12bdf0
Event: 1.928 Thread 0x00000124daed9e60 Before exit entered


Dynamic libraries:
0x00007ff714340000 - 0x00007ff71434e000 	C:\Users\Palgo\.jdks\openjdk-24.0.1\bin\java.exe
0x00007ffa6bef0000 - 0x00007ffa6c107000 	C:\Windows\SYSTEM32\ntdll.dll
0x00007ffa6b0b0000 - 0x00007ffa6b174000 	C:\Windows\System32\KERNEL32.DLL
0x00007ffa693c0000 - 0x00007ffa69793000 	C:\Windows\System32\KERNELBASE.dll
0x00007ffa697d0000 - 0x00007ffa698e1000 	C:\Windows\System32\ucrtbase.dll
0x00007ffa40020000 - 0x00007ffa40036000 	C:\Users\Palgo\.jdks\openjdk-24.0.1\bin\jli.dll
0x00007ffa3fed0000 - 0x00007ffa3feeb000 	C:\Users\Palgo\.jdks\openjdk-24.0.1\bin\VCRUNTIME140.dll
0x00007ffa6a2b0000 - 0x00007ffa6a461000 	C:\Windows\System32\USER32.dll
0x00007ffa53db0000 - 0x00007ffa5404b000 	C:\Windows\WinSxS\amd64_microsoft.windows.common-controls_6595b64144ccf1df_6.0.22621.5262_none_2712bde373830908\COMCTL32.dll
0x00007ffa6bd50000 - 0x00007ffa6bdf7000 	C:\Windows\System32\msvcrt.dll
0x00007ffa69060000 - 0x00007ffa69086000 	C:\Windows\System32\win32u.dll
0x00007ffa6a280000 - 0x00007ffa6a2a9000 	C:\Windows\System32\GDI32.dll
0x00007ffa69a50000 - 0x00007ffa69b72000 	C:\Windows\System32\gdi32full.dll
0x00007ffa698f0000 - 0x00007ffa6998a000 	C:\Windows\System32\msvcp_win.dll
0x00007ffa6b3a0000 - 0x00007ffa6b3d1000 	C:\Windows\System32\IMM32.DLL
0x00007ffa40c70000 - 0x00007ffa40c7c000 	C:\Users\Palgo\.jdks\openjdk-24.0.1\bin\vcruntime140_1.dll
0x00007ffa34d60000 - 0x00007ffa34dee000 	C:\Users\Palgo\.jdks\openjdk-24.0.1\bin\msvcp140.dll
0x00007ff90e260000 - 0x00007ff90f002000 	C:\Users\Palgo\.jdks\openjdk-24.0.1\bin\server\jvm.dll
0x00007ffa6bc90000 - 0x00007ffa6bd41000 	C:\Windows\System32\ADVAPI32.dll
0x00007ffa6b860000 - 0x00007ffa6b907000 	C:\Windows\System32\sechost.dll
0x00007ffa697a0000 - 0x00007ffa697c8000 	C:\Windows\System32\bcrypt.dll
0x00007ffa6b990000 - 0x00007ffa6baa4000 	C:\Windows\System32\RPCRT4.dll
0x00007ffa6be00000 - 0x00007ffa6be71000 	C:\Windows\System32\WS2_32.dll
0x00007ffa67e30000 - 0x00007ffa67e7d000 	C:\Windows\SYSTEM32\POWRPROF.dll
0x00007ffa62640000 - 0x00007ffa62674000 	C:\Windows\SYSTEM32\WINMM.dll
0x00007ffa64b00000 - 0x00007ffa64b0a000 	C:\Windows\SYSTEM32\VERSION.dll
0x00007ffa67e10000 - 0x00007ffa67e23000 	C:\Windows\SYSTEM32\UMPDC.dll
0x00007ffa680d0000 - 0x00007ffa680e8000 	C:\Windows\SYSTEM32\kernel.appcore.dll
0x00007ffa40be0000 - 0x00007ffa40bea000 	C:\Users\Palgo\.jdks\openjdk-24.0.1\bin\jimage.dll
0x00007ffa5fd50000 - 0x00007ffa5ff82000 	C:\Windows\SYSTEM32\DBGHELP.DLL
0x00007ffa6a470000 - 0x00007ffa6a803000 	C:\Windows\System32\combase.dll
0x00007ffa69b90000 - 0x00007ffa69c67000 	C:\Windows\System32\OLEAUT32.dll
0x00007ffa3a360000 - 0x00007ffa3a392000 	C:\Windows\SYSTEM32\dbgcore.DLL
0x00007ffa68fe0000 - 0x00007ffa6905b000 	C:\Windows\System32\bcryptPrimitives.dll
0x00007ffa3feb0000 - 0x00007ffa3fece000 	C:\Users\Palgo\.jdks\openjdk-24.0.1\bin\java.dll
0x00007ffa69c90000 - 0x00007ffa69e31000 	C:\Windows\System32\ole32.dll
0x00007ffa6a810000 - 0x00007ffa6b0ad000 	C:\Windows\System32\SHELL32.dll
0x00007ffa69090000 - 0x00007ffa691cf000 	C:\Windows\System32\wintypes.dll
0x00007ffa66ee0000 - 0x00007ffa677fd000 	C:\Windows\SYSTEM32\windows.storage.dll
0x00007ffa6b180000 - 0x00007ffa6b28b000 	C:\Windows\System32\SHCORE.dll
0x00007ffa6bc20000 - 0x00007ffa6bc86000 	C:\Windows\System32\shlwapi.dll
0x00007ffa68f10000 - 0x00007ffa68f3b000 	C:\Windows\SYSTEM32\profapi.dll
0x00007ffa19770000 - 0x00007ffa19847000 	C:\Users\Palgo\.jdks\openjdk-24.0.1\bin\jsvml.dll
0x00007ffa40010000 - 0x00007ffa40020000 	C:\Users\Palgo\.jdks\openjdk-24.0.1\bin\net.dll
0x00007ffa68540000 - 0x00007ffa685aa000 	C:\Windows\system32\mswsock.dll
0x00007ffa3ac90000 - 0x00007ffa3aca6000 	C:\Users\Palgo\.jdks\openjdk-24.0.1\bin\nio.dll
0x00007ffa3fca0000 - 0x00007ffa3fcb7000 	C:\Users\Palgo\.jdks\openjdk-24.0.1\bin\zip.dll
0x00007ffa14680000 - 0x00007ffa147fe000 	C:\Users\Palgo\.jdks\openjdk-24.0.1\bin\awt.dll
0x00007ffa64b10000 - 0x00007ffa64ba7000 	C:\Windows\SYSTEM32\apphelp.dll
0x00007ffa667c0000 - 0x00007ffa667ee000 	C:\Windows\system32\DWMAPI.DLL
0x00007ffa66520000 - 0x00007ffa665d3000 	C:\Windows\system32\uxtheme.dll
0x00007ff9e05d0000 - 0x00007ff9e06d0000 	C:\Windows\system32\opengl32.dll
0x00007ff9e05a0000 - 0x00007ff9e05cd000 	C:\Windows\SYSTEM32\GLU32.dll
0x00007ffa66820000 - 0x00007ffa66857000 	C:\Windows\SYSTEM32\dxcore.dll
0x0000000180000000 - 0x0000000188179000 	C:\Program Files (x86)\ASUS\GPUTweakIII\GTIII-OSD\x64\GTIII-OSD64-VK.dll
0x00007ff9dd240000 - 0x00007ff9dd3c5000 	C:\Windows\SYSTEM32\vulkan-1.dll
0x00007ffa68cd0000 - 0x00007ffa68d1e000 	C:\Windows\SYSTEM32\CFGMGR32.dll
0x00007ffa6bac0000 - 0x00007ffa6bc1e000 	C:\Windows\System32\MSCTF.dll
0x00007ffa68c80000 - 0x00007ffa68c92000 	C:\Windows\SYSTEM32\msasn1.dll
0x00007ffa60c80000 - 0x00007ffa60cb2000 	C:\Windows\SYSTEM32\cryptnet.dll
0x00007ffa691d0000 - 0x00007ffa69337000 	C:\Windows\System32\CRYPT32.dll
0x00007ffa68870000 - 0x00007ffa6887c000 	C:\Windows\SYSTEM32\cryptbase.dll
0x00007ffa687c0000 - 0x00007ffa68810000 	C:\Windows\SYSTEM32\wldp.dll
0x00007ffa601c0000 - 0x00007ffa60322000 	C:\Windows\SYSTEM32\drvstore.dll
0x00007ffa68ca0000 - 0x00007ffa68ccc000 	C:\Windows\SYSTEM32\devobj.dll
0x00007ffa69340000 - 0x00007ffa693bc000 	C:\Windows\System32\wintrust.dll
0x00007ffa6be90000 - 0x00007ffa6beaf000 	C:\Windows\System32\imagehlp.dll
0x00007ffa68890000 - 0x00007ffa688ab000 	C:\Windows\SYSTEM32\CRYPTSP.dll
0x00007ffa68030000 - 0x00007ffa68067000 	C:\Windows\system32\rsaenh.dll
0x00007ff9e0290000 - 0x00007ff9e0596000 	C:\Windows\system32\nvspcap64.dll
0x00007ffa681e0000 - 0x00007ffa68214000 	C:\Windows\SYSTEM32\ntmarta.dll
0x00007ffa685b0000 - 0x00007ffa685d6000 	C:\Windows\SYSTEM32\gpapi.dll
0x00007ff9df7b0000 - 0x00007ff9df964000 	C:\Windows\System32\DriverStore\FileRepository\nv_dispi.inf_amd64_2c61c4d89b199ea8\nvppex.dll
0x00007ff9eca10000 - 0x00007ff9eca97000 	C:\Users\Palgo\.jdks\openjdk-24.0.1\bin\freetype.dll
0x00007ff9ec930000 - 0x00007ff9eca07000 	C:\Users\Palgo\.jdks\openjdk-24.0.1\bin\fontmanager.dll
0x00007ffa6a000000 - 0x00007ffa6a0b0000 	C:\Windows\System32\clbcatq.dll
0x00007ffa66330000 - 0x00007ffa664e0000 	C:\Windows\SYSTEM32\WindowsCodecs.dll
0x00007ffa4cc20000 - 0x00007ffa4cd63000 	C:\Windows\SYSTEM32\textinputframework.dll
0x00000124dfdd0000 - 0x00000124e8060000 	C:\Program Files (x86)\ASUS\GPUTweakIII\GTIII-OSD\x64\GTIII-OSD64.dll
0x00007ffa202c0000 - 0x00007ffa202f7000 	C:\Windows\SYSTEM32\d3d10_1.dll
0x00007ff9dd5b0000 - 0x00007ff9dd813000 	C:\Windows\SYSTEM32\d3dx9_43.dll
0x00007ffa62bc0000 - 0x00007ffa62fa6000 	C:\Windows\SYSTEM32\D3DCOMPILER_47.dll
0x00007ff9e1280000 - 0x00007ff9e12a6000 	C:\Windows\SYSTEM32\d3d12.dll
0x00007ffa565c0000 - 0x00007ffa565ce000 	C:\Windows\SYSTEM32\d3d10_1core.dll
0x00007ffa63240000 - 0x00007ffa63497000 	C:\Windows\SYSTEM32\d3d11.dll
0x00007ffa666b0000 - 0x00007ffa667a7000 	C:\Windows\SYSTEM32\dxgi.dll
0x00007ffa64210000 - 0x00007ffa64345000 	C:\Windows\System32\CoreMessaging.dll

JVMTI agents: none

dbghelp: loaded successfully - version: 4.0.5 - missing functions: none
symbol engine: initialized successfully - sym options: 0x614 - pdb path: .;C:\Users\Palgo\.jdks\openjdk-24.0.1\bin;C:\Windows\SYSTEM32;C:\Windows\WinSxS\amd64_microsoft.windows.common-controls_6595b64144ccf1df_6.0.22621.5262_none_2712bde373830908;C:\Users\Palgo\.jdks\openjdk-24.0.1\bin\server;C:\Program Files (x86)\ASUS\GPUTweakIII\GTIII-OSD\x64;C:\Windows\System32\DriverStore\FileRepository\nv_dispi.inf_amd64_2c61c4d89b199ea8

VM Arguments:
jvm_args: -Dfile.encoding=UTF-8 -Duser.country=DE -Duser.language=de -Duser.variant 
java_command: com.muteStone.Main
java_class_path (initial): C:\Users\Palgo\IdeaProjects\MiniCityTycoon\build\classes\java\main;C:\Users\Palgo\IdeaProjects\MiniCityTycoon\build\resources\main;C:\Users\Palgo\.gradle\caches\modules-2\files-2.1\com.fasterxml.jackson.core\jackson-core\2.17.0\a6e5058ef9720623c517252d17162f845306ff3a\jackson-core-2.17.0.jar;C:\Users\Palgo\.gradle\caches\modules-2\files-2.1\com.fasterxml.jackson.core\jackson-annotations\2.17.0\880a742337010da4c851f843d8cac150e22dff9f\jackson-annotations-2.17.0.jar;C:\Users\Palgo\.gradle\caches\modules-2\files-2.1\com.fasterxml.jackson.core\jackson-databind\2.17.0\7173e9e1d4bc6d7ca03bc4eeedcd548b8b580b34\jackson-databind-2.17.0.jar;C:\Users\Palgo\.gradle\caches\modules-2\files-2.1\net.bytebuddy\byte-buddy\1.14.9\b69e7fff6c473d3ed2b489cdfd673a091fd94226\byte-buddy-1.14.9.jar
Launcher Type: SUN_STANDARD

[Global flags]
     intx CICompilerCount                          = 4                                         {product} {ergonomic}
     uint ConcGCThreads                            = 2                                         {product} {ergonomic}
     uint G1ConcRefinementThreads                  = 8                                         {product} {ergonomic}
   size_t G1HeapRegionSize                         = 4194304                                   {product} {ergonomic}
   size_t InitialHeapSize                          = 532676608                                 {product} {ergonomic}
   size_t MarkStackSize                            = 4194304                                   {product} {ergonomic}
   size_t MarkStackSizeMax                         = 536870912                                 {product} {ergonomic}
   size_t MaxHeapSize                              = 8472494080                                {product} {ergonomic}
   size_t MaxNewSize                               = 5083496448                                {product} {ergonomic}
   size_t MinHeapDeltaBytes                        = 4194304                                   {product} {ergonomic}
   size_t MinHeapSize                              = 8388608                                   {product} {ergonomic}
    uintx NonNMethodCodeHeapSize                   = 5832704                                {pd product} {ergonomic}
    uintx NonProfiledCodeHeapSize                  = 122945536                              {pd product} {ergonomic}
    uintx ProfiledCodeHeapSize                     = 122880000                              {pd product} {ergonomic}
    uintx ReservedCodeCacheSize                    = 251658240                              {pd product} {ergonomic}
     bool SegmentedCodeCache                       = true                                      {product} {ergonomic}
   size_t SoftMaxHeapSize                          = 8472494080                             {manageable} {ergonomic}
     bool UseCompressedOops                        = true                           {product lp64_product} {ergonomic}
     bool UseG1GC                                  = true                                      {product} {ergonomic}
     bool UseLargePagesIndividualAllocation        = false                                  {pd product} {ergonomic}

Logging:
Log output configuration:
 #0: stdout all=off uptime,level,tags foldmultilines=false
 #1: stderr all=off uptime,level,tags foldmultilines=false

Environment Variables:
PATH=C:\Program Files (x86)\Razer Chroma SDK\bin;C:\Program Files\Razer Chroma SDK\bin;C:\Program Files (x86)\Razer\ChromaBroadcast\bin;C:\Program Files\Razer\ChromaBroadcast\bin;C:\Program Files (x86)\Common Files\Intel\Shared Libraries\redist\intel64\compiler;C:\Windows\system32;C:\Windows;C:\Windows\System32\Wbem;C:\Windows\System32\WindowsPowerShell\v1.0\;C:\Windows\System32\OpenSSH\;C:\Program Files (x86)\NVIDIA Corporation\PhysX\Common;C:\Program Files\dotnet\;C:\Windows\syswow64\config\systemprofile\AppData\Local\Microsoft\WindowsApps;C:\Users\Palgo\AppData\Local\Microsoft\WindowsApps;C:\Users\Palgo\AppData\Local\GitHubDesktop\bin;E:\Microsoft VS Code\bin;C:\Program Files\NVIDIA Corporation\NVIDIA App\NvDLISR;C:\Program Files\Git\cmd;C:\Users\Palgo\AppData\Local\Microsoft\WindowsApps;C:\Users\Palgo\AppData\Local\GitHubDesktop\bin;E:\IntelliJ IDEA Community Edition 2025.1.1.1\bin;
USERNAME=Palgo
OS=Windows_NT
PROCESSOR_IDENTIFIER=AMD64 Family 25 Model 97 Stepping 2, AuthenticAMD
TMP=C:\Users\Palgo\AppData\Local\Temp
TEMP=C:\Users\Palgo\AppData\Local\Temp




Periodic native trim disabled

---------------  S Y S T E M  ---------------

OS:
 Windows 11 , 64 bit Build 22621 (10.0.22621.5262)
OS uptime: 10 days 9:26 hours
Hyper-V role detected

CPU: total 8 (initial active 8) (8 cores per cpu, 1 threads per core) family 25 model 97 stepping 2 microcode 0x0, cx8, cmov, fxsr, mmx, 3dnowpref, sse, sse2, sse3, ssse3, sse4a, sse4.1, sse4.2, popcnt, lzcnt, tsc, tscinvbit, avx, avx2, aes, erms, clmul, bmi1, bmi2, adx, avx512f, avx512dq, avx512cd, avx512bw, avx512vl, sha, fma, vzeroupper, avx512_vpopcntdq, avx512_vpclmulqdq, avx512_vaes, avx512_vnni, clflush, clflushopt, avx512_vbmi2, avx512_vbmi, hv, rdtscp, rdpid, fsrm, gfni, avx512_bitalg, f16c, cet_ss, avx512_ifma
Processor Information for the first 8 processors :
  Max Mhz: 4201, Current Mhz: 4201, Mhz Limit: 4201

Memory: 4k page, system-wide physical 32313M (4826M free)
TotalPageFile size 62925M (AvailPageFile size 6934M)
current process WorkingSet (physical memory assigned to process): 93M, peak: 111M
current process commit charge ("private bytes"): 908M, peak: 932M

vm_info: OpenJDK 64-Bit Server VM (24.0.1+9-30) for windows-amd64 JRE (24.0.1+9-30), built on 2025-03-05T07:23:45Z with MS VC++ 17.6 (VS2022)

END.
