#
# A fatal error has been detected by the Java Runtime Environment:
#
#  EXCEPTION_ACCESS_VIOLATION (0xc0000005) at pc=0x0000025c788d362a, pid=87352, tid=101604
#
# JRE version: OpenJDK Runtime Environment (24.0.1+9) (build 24.0.1+9-30)
# Java VM: OpenJDK 64-Bit Server VM (24.0.1+9-30, mixed mode, sharing, tiered, compressed oops, compressed class ptrs, g1 gc, windows-amd64)
# Problematic frame:
# C  [GTIII-OSD64.dll+0x362a]
#
# No core dump will be written. Minidumps are not enabled by default on client versions of Windows
#
# If you would like to submit a bug report, please visit:
#   https://bugreport.java.com/bugreport/crash.jsp
#

---------------  S U M M A R Y ------------

Command Line: -javaagent:E:\IntelliJ IDEA Community Edition 2025.1.1.1\lib\idea_rt.jar=52127 -Dfile.encoding=UTF-8 -Dsun.stdout.encoding=UTF-8 -Dsun.stderr.encoding=UTF-8 main.java.com.muteStone.Main

Host: AMD Ryzen 7 7800X3D 8-Core Processor           , 8 cores, 31G,  Windows 11 , 64 bit Build 22621 (10.0.22621.5262)
Time: Wed Jun  4 18:01:21 2025 Mitteleuropäische Sommerzeit elapsed time: 92.406731 seconds (0d 0h 1m 32s)

---------------  T H R E A D  ---------------

Current thread (0x0000025c75e00a20):  VMThread "VM Thread"          [id=101604, stack(0x000000a3b0a00000,0x000000a3b0b00000) (1024K)]

Stack: [0x000000a3b0a00000,0x000000a3b0b00000],  sp=0x000000a3b0aff120,  free space=1020k
Native frames: (J=compiled Java code, j=interpreted, Vv=VM code, C=native code)
C  [GTIII-OSD64.dll+0x362a]  (no source info available)
C  [GTIII-OSD64.dll+0x4010]  (no source info available)
C  [GTIII-OSD64.dll+0x34641]  (no source info available)
C  [GTIII-OSD64.dll+0x37320]  (no source info available)
C  [GTIII-OSD64.dll+0x3077a]  (no source info available)
C  [GTIII-OSD64.dll+0x307f7]  (no source info available)
C  [GTIII-OSD64.dll+0x30d47]  (no source info available)
C  [GTIII-OSD64.dll+0xd8fef]  (no source info available)
C  [ntdll.dll+0x28baf]  (no source info available)
C  [ntdll.dll+0x515b6]  (no source info available)
C  [ntdll.dll+0x511ad]  (no source info available)
C  [KERNEL32.DLL+0x17fcb]  (no source info available)
C  [ucrtbase.dll+0x1bed8]  (no source info available)
C  [ucrtbase.dll+0x1c099]  (no source info available)
V  [jvm.dll+0x72919c]  (no source info available)
V  [jvm.dll+0x728cd0]  (no source info available)
V  [jvm.dll+0x41b404]  (no source info available)
V  [jvm.dll+0x8e2742]  (no source info available)
V  [jvm.dll+0x8e3a8c]  (no source info available)
V  [jvm.dll+0x8e3ff8]  (no source info available)
V  [jvm.dll+0x8e4293]  (no source info available)
V  [jvm.dll+0x87d76b]  (no source info available)
V  [jvm.dll+0x72ee55]  (no source info available)
C  [ucrtbase.dll+0x29333]  (no source info available)
C  [KERNEL32.DLL+0x1259d]  (no source info available)
C  [ntdll.dll+0x5af58]  (no source info available)


siginfo: EXCEPTION_ACCESS_VIOLATION (0xc0000005), reading address 0x00007ff9e13c83c0


Registers:
RAX=0x0000000000000000, RBX=0x0000025c4e2209e0, RCX=0x0000000000000006, RDX=0x0000000000000000
RSP=0x000000a3b0aff120, RBP=0x0000000000000000, RSI=0x00007ff9e13c83c0, RDI=0x00007ff9e13c83c0
R8 =0x000000a3b0aff1a0, R9 =0x0000000000000000, R10=0x0000000000000000, R11=0x000000a3b0aff130
R12=0x000000a3b0aff1a0, R13=0x00007ff9176fcae0, R14=0x0000000000000005, R15=0x0000000000000006
RIP=0x0000025c788d362a, EFLAGS=0x0000000000010246

XMM[0]=0x0000000000000000 0x0000000000000000
XMM[1]=0x0000000000000000 0x0000000000000000
XMM[2]=0x0000000000000000 0x0000000000000000
XMM[3]=0x0000000000000000 0x0000000000000000
XMM[4]=0x0000000000000000 0x0000000000000000
XMM[5]=0x0000000000000000 0x0000000000000000
XMM[6]=0x0000000000000000 0x0000000000000000
XMM[7]=0x0000000000000000 0x404e000000000000
XMM[8]=0x0000000000000000 0x0000000000000000
XMM[9]=0x0000000000000000 0x0000000000000000
XMM[10]=0x0000000000000000 0x0000000000000000
XMM[11]=0x0000000000000000 0x0000000000000000
XMM[12]=0x0000000000000000 0x0000000000000000
XMM[13]=0x0000000000000000 0x0000000000000000
XMM[14]=0x0000000000000000 0x0000000000000000
XMM[15]=0x0000000000000000 0x0000000000000000
  MXCSR=0x00001fa0


Register to memory mapping:

RAX=0x0 is null
RBX=0x0000025c4e2209e0 points into unknown readable memory: 0x0000000000000001 | 01 00 00 00 00 00 00 00
RCX=0x0000000000000006 is an unknown value
RDX=0x0 is null
RSP=0x000000a3b0aff120 points into unknown readable memory: 0x0000ba193aab2617 | 17 26 ab 3a 19 ba 00 00
RBP=0x0 is null
RSI=0x00007ff9e13c83c0 is an unknown value
RDI=0x00007ff9e13c83c0 is an unknown value
R8 =0x000000a3b0aff1a0 points into unknown readable memory: 0x0000000000000000 | 00 00 00 00 00 00 00 00
R9 =0x0 is null
R10=0x0 is null
R11=0x000000a3b0aff130 points into unknown readable memory: 0x0000025c788d0000 | 00 00 8d 78 5c 02 00 00
R12=0x000000a3b0aff1a0 points into unknown readable memory: 0x0000000000000000 | 00 00 00 00 00 00 00 00
R13=0x00007ff9176fcae0 jvm.dll
R14=0x0000000000000005 is an unknown value
R15=0x0000000000000006 is an unknown value

Top of Stack: (sp=0x000000a3b0aff120)
0x000000a3b0aff120:   0000ba193aab2617 0000000000000000   .&.:............
0x000000a3b0aff130:   0000025c788d0000 0000000000000002   ...x\...........
0x000000a3b0aff140:   0000000000000000 0000025c788d347f   .........4.x\...
0x000000a3b0aff150:   0000000000000001 0000025c788d0000   ...........x\...
0x000000a3b0aff160:   0000025c789a9094 0000000000000002   ...x\...........
0x000000a3b0aff170:   0000000000000000 0000025c788d4010   .........@.x\...
0x000000a3b0aff180:   0000000000000001 0000000000000006   ................
0x000000a3b0aff190:   000000a3b0aff590 0000000000000a54   ........T.......
0x000000a3b0aff1a0:   0000000000000000 0000000000000000   ................
0x000000a3b0aff1b0:   0000000000000001 0000025c78904641   ........AF.x\...
0x000000a3b0aff1c0:   0000000000000001 0000025c788d0000   ...........x\...
0x000000a3b0aff1d0:   000000a3b0aff148 0000000000000000   H...............
0x000000a3b0aff1e0:   0000000000000001 0000025c78907320   ........ s.x\...
0x000000a3b0aff1f0:   0000025c45706960 0000000000018ce4   `ipE\...........
0x000000a3b0aff200:   0000025c8099e3c4 0000000000015538   ....\...8U......
0x000000a3b0aff210:   0000000000015538 0000025c7890077a   8U......z..x\...
0x000000a3b0aff220:   0000000000000000 00007ffa6a2d7511   .........u-j....
0x000000a3b0aff230:   000000000000c425 0000025c788d0000   %..........x\...
0x000000a3b0aff240:   0000000000000000 0000025c789007f7   ...........x\...
0x000000a3b0aff250:   0000000000000000 0000025c45706970   ........pipE\...
0x000000a3b0aff260:   000000a3b0aff250 0000025c00000001   P...........\...
0x000000a3b0aff270:   0000000000000000 0000025c78900d47   ........G..x\...
0x000000a3b0aff280:   0000025c4e3f5800 00007ffa6bf16b47   .X?N\...Gk.k....
0x000000a3b0aff290:   0000000000000001 00000000516a0000   ..........jQ....
0x000000a3b0aff2a0:   00007ff9176fcae0 00000000516a0000   ..o.......jQ....
0x000000a3b0aff2b0:   0000000000000001 00007ffa6bf18b13   ...........k....
0x000000a3b0aff2c0:   0000000000000001 0000025c789a8fef   ...........x\...
0x000000a3b0aff2d0:   0000000000000001 000000007ffe0385   ................
0x000000a3b0aff2e0:   0000000000000000 00000000516bfad5   ..........kQ....
0x000000a3b0aff2f0:   0000025c4fb6f868 00007ffa697e364b   h..O\...K6~i....
0x000000a3b0aff300:   0000000000000001 0000000000000016   ................
0x000000a3b0aff310:   0000025c788d0000 000000007ffe0384   ...x\...........

Instructions: (pc=0x0000025c788d362a)
  0x0000025c788d352a:   00 48 8b 43 08 48 89 44 24 20 48 8b 43 18 48 83
  0x0000025c788d353a:   c0 1e 48 89 44 24 28 e8 4a 0b 00 00 85 c0 75 07
  0x0000025c788d354a:   b8 08 00 00 00 eb 5b 83 7c 24 34 00 48 8b 4b 08
  0x0000025c788d355a:   74 16 8b 41 fb 89 43 20 0f b7 41 ff 66 89 43 24
  0x0000025c788d356a:   8a 41 01 88 43 26 eb 0b 8b 01 89 43 20 8a 41 04
  0x0000025c788d357a:   88 43 24 8a 44 24 34 80 63 28 fe 24 01 08 43 28
  0x0000025c788d358a:   8b 44 24 38 83 63 2c f0 83 e0 0f 09 43 2c 48 8b
  0x0000025c788d359a:   44 24 3c 48 89 43 30 48 8b 44 24 44 48 89 43 38
  0x0000025c788d35aa:   33 c0 48 8b 4c 24 50 48 33 cc e8 d7 4a 0d 00 48
  0x0000025c788d35ba:   83 c4 60 5b c3 cc 48 89 5c 24 10 48 89 6c 24 18
  0x0000025c788d35ca:   56 57 41 54 41 56 41 57 48 83 ec 30 8b d9 4d 8b
  0x0000025c788d35da:   e0 48 c1 e3 06 8b ea 48 03 1d 48 35 0b 08 44 8b
  0x0000025c788d35ea:   f9 4c 8b 73 08 49 8b fe 85 d2 74 10 41 8b cf e8
  0x0000025c788d35fa:   fe fe ff ff 85 c0 0f 85 19 01 00 00 8a 43 28 24
  0x0000025c788d360a:   01 74 04 49 8d 7e fb 84 c0 49 8d 76 fb 0f b6 c0
  0x0000025c788d361a:   49 0f 44 f6 4c 8d 34 45 05 00 00 00 85 ed 75 35
=>0x0000025c788d362a:   80 3e e9 75 30 48 63 46 01 4c 8d 56 f5 4c 03 d0
  0x0000025c788d363a:   4c 39 53 18 74 1f 48 8b 53 08 4c 8d 0d 75 ff ff
  0x0000025c788d364a:   ff 49 8b 4a 08 45 8b c7 4c 89 64 24 20 41 ff 12
  0x0000025c788d365a:   e9 c0 00 00 00 4c 8d 4c 24 60 41 b8 40 00 00 00
  0x0000025c788d366a:   49 8b d6 48 8b cf ff 15 12 4d 12 00 85 c0 75 0a
  0x0000025c788d367a:   b8 0a 00 00 00 e9 9b 00 00 00 85 ed 74 1f c6 06
  0x0000025c788d368a:   e9 8b 43 18 2b c7 83 c0 0b 89 46 01 f6 43 28 01
  0x0000025c788d369a:   74 2c 48 8b 43 08 66 c7 00 eb f9 eb 21 8b 43 20
  0x0000025c788d36aa:   f6 43 28 01 89 07 74 10 0f b7 43 24 66 89 47 04
  0x0000025c788d36ba:   8a 43 26 88 47 06 eb 06 8a 43 24 88 47 04 44 8b
  0x0000025c788d36ca:   44 24 60 4c 8d 4c 24 60 49 8b d6 48 8b cf ff 15
  0x0000025c788d36da:   aa 4c 12 00 ff 15 7c 4a 12 00 4d 8b c6 48 8b d7
  0x0000025c788d36ea:   48 8b c8 ff 15 a5 4b 12 00 44 8b c5 41 8b d7 49
  0x0000025c788d36fa:   8b cc e8 e3 fb ff ff 80 63 28 fd 40 80 e5 01 40
  0x0000025c788d370a:   8a c5 40 c0 e5 02 02 c0 0a 43 28 24 fb 40 0a c5
  0x0000025c788d371a:   88 43 28 33 c0 48 8b 5c 24 68 48 8b 6c 24 70 48


Stack slot to memory mapping:

stack at sp + 0 slots: 0x0000ba193aab2617 is an unknown value
stack at sp + 1 slots: 0x0 is null
stack at sp + 2 slots: 0x0000025c788d0000 GTIII-OSD64.dll
stack at sp + 3 slots: 0x0000000000000002 is an unknown value
stack at sp + 4 slots: 0x0 is null
stack at sp + 5 slots: 0x0000025c788d347f GTIII-OSD64.dll
stack at sp + 6 slots: 0x0000000000000001 is an unknown value
stack at sp + 7 slots: 0x0000025c788d0000 GTIII-OSD64.dll

VM_Operation (0x000000a3b1bfe950): Exit, mode: safepoint, requested by thread 0x0000025c4b296a10


---------------  P R O C E S S  ---------------

Threads class SMR info:
_java_thread_list=0x0000025c45bf1720, length=16, elements={
0x0000025c75e11a00, 0x0000025c75e13a10, 0x0000025c75e15840, 0x0000025c75e18470,
0x0000025c75e19090, 0x0000025c75e19cb0, 0x0000025c75e1bc10, 0x0000025c450177c0,
0x0000025c451af490, 0x0000025c451bda10, 0x0000025c4520c5a0, 0x0000025c45731630,
0x0000025c45731d70, 0x0000025c4b296a10, 0x0000025c51fbdb20, 0x0000025c4b44faa0
}

Java Threads: ( => current thread )
  0x0000025c75e11a00 JavaThread "Reference Handler"          daemon [_thread_blocked, id=98700, stack(0x000000a3b0b00000,0x000000a3b0c00000) (1024K)]
  0x0000025c75e13a10 JavaThread "Finalizer"                  daemon [_thread_blocked, id=94996, stack(0x000000a3b0c00000,0x000000a3b0d00000) (1024K)]
  0x0000025c75e15840 JavaThread "Signal Dispatcher"          daemon [_thread_blocked, id=99936, stack(0x000000a3b0d00000,0x000000a3b0e00000) (1024K)]
  0x0000025c75e18470 JavaThread "Attach Listener"            daemon [_thread_blocked, id=110500, stack(0x000000a3b0e00000,0x000000a3b0f00000) (1024K)]
  0x0000025c75e19090 JavaThread "Service Thread"             daemon [_thread_blocked, id=106552, stack(0x000000a3b0f00000,0x000000a3b1000000) (1024K)]
  0x0000025c75e19cb0 JavaThread "Monitor Deflation Thread"   daemon [_thread_blocked, id=60320, stack(0x000000a3b1000000,0x000000a3b1100000) (1024K)]
  0x0000025c75e1bc10 JavaThread "C2 CompilerThread0"         daemon [_thread_blocked, id=111560, stack(0x000000a3b1100000,0x000000a3b1200000) (1024K)]
  0x0000025c450177c0 JavaThread "C1 CompilerThread0"         daemon [_thread_blocked, id=77620, stack(0x000000a3b1200000,0x000000a3b1300000) (1024K)]
  0x0000025c451af490 JavaThread "Common-Cleaner"             daemon [_thread_blocked, id=109632, stack(0x000000a3b1300000,0x000000a3b1400000) (1024K)]
  0x0000025c451bda10 JavaThread "Monitor Ctrl-Break"         daemon [_thread_in_native, id=90988, stack(0x000000a3b1400000,0x000000a3b1500000) (1024K)]
  0x0000025c4520c5a0 JavaThread "Notification Thread"        daemon [_thread_blocked, id=99476, stack(0x000000a3b1500000,0x000000a3b1600000) (1024K)]
  0x0000025c45731630 JavaThread "Java2D Disposer"            daemon [_thread_blocked, id=111252, stack(0x000000a3b1600000,0x000000a3b1700000) (1024K)]
  0x0000025c45731d70 JavaThread "AWT-Shutdown"                      [_thread_blocked, id=98592, stack(0x000000a3b1700000,0x000000a3b1800000) (1024K)]
  0x0000025c4b296a10 JavaThread "AWT-EventQueue-0"                  [_thread_blocked, id=107496, stack(0x000000a3b1b00000,0x000000a3b1c00000) (1024K)]
  0x0000025c51fbdb20 JavaThread "DestroyJavaVM"                     [_thread_blocked, id=66432, stack(0x000000a3b0300000,0x000000a3b0400000) (1024K)]
  0x0000025c4b44faa0 JavaThread "TimerQueue"                 daemon [_thread_blocked, id=107116, stack(0x000000a3b2000000,0x000000a3b2100000) (1024K)]
Total: 16

Other Threads:
=>0x0000025c75e00a20 VMThread "VM Thread"                           [id=101604, stack(0x000000a3b0a00000,0x000000a3b0b00000) (1024K)]
  0x0000025c52065090 WorkerThread "GC Thread#0"                     [id=110104, stack(0x000000a3b0400000,0x000000a3b0500000) (1024K)]
  0x0000025c52079e00 ConcurrentGCThread "G1 Main Marker"            terminated
  0x0000025c5207a910 WorkerThread "G1 Conc#0"                       [id=103772, stack(0x000000a3b0600000,0x000000a3b0700000) (1024K)]
  0x0000025c75cb7010 ConcurrentGCThread "G1 Refine#0"               terminated
  0x0000025c75cb7d10 ConcurrentGCThread "G1 Service"                terminated
Total: 6

Threads with active compile tasks:
Total: 0

VM state: at safepoint (shutting down)

VM Mutex/Monitor currently owned by a thread:  ([mutex/lock_event])
[0x00007ff9176d44b0] Threads_lock - owner thread: 0x0000025c75e00a20
[0x00007ff9176d45b0] Heap_lock - owner thread: 0x0000025c4b296a10

Heap address: 0x0000000607000000, size: 8080 MB, Compressed Oops mode: Zero based, Oop shift amount: 3

CDS archive(s) mapped at: [0x0000025c00000000-0x0000025c00d40000-0x0000025c00d40000), size 13893632, SharedBaseAddress: 0x0000025c00000000, ArchiveRelocationMode: 1.
Compressed class space mapped at: 0x0000025c01000000-0x0000025c41000000, reserved size: 1073741824
UseCompressedClassPointers 1, UseCompactObjectHeaders 0
Narrow klass pointer bits 32, Max shift 3
Narrow klass base: 0x0000025c00000000, Narrow klass shift: 0
Encoding Range: [0x0000025c00000000 - 0x0000025d00000000), (4294967296 bytes)
Klass Range:    [0x0000025c00000000 - 0x0000025c41000000), (1090519040 bytes)
Klass ID Range:  [8 - 1090519033) (1090519025)

GC Precious Log:
 CardTable entry size: 512
 Card Set container configuration: InlinePtr #cards 4 size 8 Array Of Cards #cards 32 size 80 Howl #buckets 8 coarsen threshold 7372 Howl Bitmap #cards 1024 size 144 coarsen threshold 921 Card regions per heap region 1 cards per card region 8192
 CPUs: 8 total, 8 available
 Memory: 32313M
 Large Page Support: Disabled
 NUMA Support: Disabled
 Compressed Oops: Enabled (Zero based)
 Heap Region Size: 4M
 Heap Min Capacity: 8M
 Heap Initial Capacity: 508M
 Heap Max Capacity: 8080M
 Pre-touch: Disabled
 Parallel Workers: 8
 Concurrent Workers: 2
 Concurrent Refinement Workers: 8
 Periodic GC: Disabled

Heap:
 garbage-first heap   total reserved 8273920K, committed 524288K, used 25712K [0x0000000607000000, 0x0000000800000000)
  region size 4096K, 7 young (28672K), 0 survivors (0K)
 Metaspace       used 10194K, committed 10432K, reserved 1114112K
  class space    used 851K, committed 960K, reserved 1048576K

Heap Regions: E=young(eden), S=young(survivor), O=old, HS=humongous(starts), HC=humongous(continues), CS=collection set, F=free, TAMS=top-at-mark-start, PB=parsable bottom
|   0|0x0000000607000000, 0x0000000607000000, 0x0000000607400000|  0%| F|  |TAMS 0x0000000607000000| PB 0x0000000607000000| Untracked |  0
|   1|0x0000000607400000, 0x0000000607400000, 0x0000000607800000|  0%| F|  |TAMS 0x0000000607400000| PB 0x0000000607400000| Untracked |  0
|   2|0x0000000607800000, 0x0000000607800000, 0x0000000607c00000|  0%| F|  |TAMS 0x0000000607800000| PB 0x0000000607800000| Untracked |  0
|   3|0x0000000607c00000, 0x0000000607c00000, 0x0000000608000000|  0%| F|  |TAMS 0x0000000607c00000| PB 0x0000000607c00000| Untracked |  0
|   4|0x0000000608000000, 0x0000000608000000, 0x0000000608400000|  0%| F|  |TAMS 0x0000000608000000| PB 0x0000000608000000| Untracked |  0
|   5|0x0000000608400000, 0x0000000608400000, 0x0000000608800000|  0%| F|  |TAMS 0x0000000608400000| PB 0x0000000608400000| Untracked |  0
|   6|0x0000000608800000, 0x0000000608800000, 0x0000000608c00000|  0%| F|  |TAMS 0x0000000608800000| PB 0x0000000608800000| Untracked |  0
|   7|0x0000000608c00000, 0x0000000608c00000, 0x0000000609000000|  0%| F|  |TAMS 0x0000000608c00000| PB 0x0000000608c00000| Untracked |  0
|   8|0x0000000609000000, 0x0000000609000000, 0x0000000609400000|  0%| F|  |TAMS 0x0000000609000000| PB 0x0000000609000000| Untracked |  0
|   9|0x0000000609400000, 0x0000000609400000, 0x0000000609800000|  0%| F|  |TAMS 0x0000000609400000| PB 0x0000000609400000| Untracked |  0
|  10|0x0000000609800000, 0x0000000609800000, 0x0000000609c00000|  0%| F|  |TAMS 0x0000000609800000| PB 0x0000000609800000| Untracked |  0
|  11|0x0000000609c00000, 0x0000000609c00000, 0x000000060a000000|  0%| F|  |TAMS 0x0000000609c00000| PB 0x0000000609c00000| Untracked |  0
|  12|0x000000060a000000, 0x000000060a000000, 0x000000060a400000|  0%| F|  |TAMS 0x000000060a000000| PB 0x000000060a000000| Untracked |  0
|  13|0x000000060a400000, 0x000000060a400000, 0x000000060a800000|  0%| F|  |TAMS 0x000000060a400000| PB 0x000000060a400000| Untracked |  0
|  14|0x000000060a800000, 0x000000060a800000, 0x000000060ac00000|  0%| F|  |TAMS 0x000000060a800000| PB 0x000000060a800000| Untracked |  0
|  15|0x000000060ac00000, 0x000000060ac00000, 0x000000060b000000|  0%| F|  |TAMS 0x000000060ac00000| PB 0x000000060ac00000| Untracked |  0
|  16|0x000000060b000000, 0x000000060b000000, 0x000000060b400000|  0%| F|  |TAMS 0x000000060b000000| PB 0x000000060b000000| Untracked |  0
|  17|0x000000060b400000, 0x000000060b400000, 0x000000060b800000|  0%| F|  |TAMS 0x000000060b400000| PB 0x000000060b400000| Untracked |  0
|  18|0x000000060b800000, 0x000000060b800000, 0x000000060bc00000|  0%| F|  |TAMS 0x000000060b800000| PB 0x000000060b800000| Untracked |  0
|  19|0x000000060bc00000, 0x000000060bc00000, 0x000000060c000000|  0%| F|  |TAMS 0x000000060bc00000| PB 0x000000060bc00000| Untracked |  0
|  20|0x000000060c000000, 0x000000060c000000, 0x000000060c400000|  0%| F|  |TAMS 0x000000060c000000| PB 0x000000060c000000| Untracked |  0
|  21|0x000000060c400000, 0x000000060c400000, 0x000000060c800000|  0%| F|  |TAMS 0x000000060c400000| PB 0x000000060c400000| Untracked |  0
|  22|0x000000060c800000, 0x000000060c800000, 0x000000060cc00000|  0%| F|  |TAMS 0x000000060c800000| PB 0x000000060c800000| Untracked |  0
|  23|0x000000060cc00000, 0x000000060cc00000, 0x000000060d000000|  0%| F|  |TAMS 0x000000060cc00000| PB 0x000000060cc00000| Untracked |  0
|  24|0x000000060d000000, 0x000000060d000000, 0x000000060d400000|  0%| F|  |TAMS 0x000000060d000000| PB 0x000000060d000000| Untracked |  0
|  25|0x000000060d400000, 0x000000060d400000, 0x000000060d800000|  0%| F|  |TAMS 0x000000060d400000| PB 0x000000060d400000| Untracked |  0
|  26|0x000000060d800000, 0x000000060d800000, 0x000000060dc00000|  0%| F|  |TAMS 0x000000060d800000| PB 0x000000060d800000| Untracked |  0
|  27|0x000000060dc00000, 0x000000060dc00000, 0x000000060e000000|  0%| F|  |TAMS 0x000000060dc00000| PB 0x000000060dc00000| Untracked |  0
|  28|0x000000060e000000, 0x000000060e000000, 0x000000060e400000|  0%| F|  |TAMS 0x000000060e000000| PB 0x000000060e000000| Untracked |  0
|  29|0x000000060e400000, 0x000000060e400000, 0x000000060e800000|  0%| F|  |TAMS 0x000000060e400000| PB 0x000000060e400000| Untracked |  0
|  30|0x000000060e800000, 0x000000060e800000, 0x000000060ec00000|  0%| F|  |TAMS 0x000000060e800000| PB 0x000000060e800000| Untracked |  0
|  31|0x000000060ec00000, 0x000000060ec00000, 0x000000060f000000|  0%| F|  |TAMS 0x000000060ec00000| PB 0x000000060ec00000| Untracked |  0
|  32|0x000000060f000000, 0x000000060f000000, 0x000000060f400000|  0%| F|  |TAMS 0x000000060f000000| PB 0x000000060f000000| Untracked |  0
|  33|0x000000060f400000, 0x000000060f400000, 0x000000060f800000|  0%| F|  |TAMS 0x000000060f400000| PB 0x000000060f400000| Untracked |  0
|  34|0x000000060f800000, 0x000000060f800000, 0x000000060fc00000|  0%| F|  |TAMS 0x000000060f800000| PB 0x000000060f800000| Untracked |  0
|  35|0x000000060fc00000, 0x000000060fc00000, 0x0000000610000000|  0%| F|  |TAMS 0x000000060fc00000| PB 0x000000060fc00000| Untracked |  0
|  36|0x0000000610000000, 0x0000000610000000, 0x0000000610400000|  0%| F|  |TAMS 0x0000000610000000| PB 0x0000000610000000| Untracked |  0
|  37|0x0000000610400000, 0x0000000610400000, 0x0000000610800000|  0%| F|  |TAMS 0x0000000610400000| PB 0x0000000610400000| Untracked |  0
|  38|0x0000000610800000, 0x0000000610800000, 0x0000000610c00000|  0%| F|  |TAMS 0x0000000610800000| PB 0x0000000610800000| Untracked |  0
|  39|0x0000000610c00000, 0x0000000610c00000, 0x0000000611000000|  0%| F|  |TAMS 0x0000000610c00000| PB 0x0000000610c00000| Untracked |  0
|  40|0x0000000611000000, 0x0000000611000000, 0x0000000611400000|  0%| F|  |TAMS 0x0000000611000000| PB 0x0000000611000000| Untracked |  0
|  41|0x0000000611400000, 0x0000000611400000, 0x0000000611800000|  0%| F|  |TAMS 0x0000000611400000| PB 0x0000000611400000| Untracked |  0
|  42|0x0000000611800000, 0x0000000611800000, 0x0000000611c00000|  0%| F|  |TAMS 0x0000000611800000| PB 0x0000000611800000| Untracked |  0
|  43|0x0000000611c00000, 0x0000000611c00000, 0x0000000612000000|  0%| F|  |TAMS 0x0000000611c00000| PB 0x0000000611c00000| Untracked |  0
|  44|0x0000000612000000, 0x0000000612000000, 0x0000000612400000|  0%| F|  |TAMS 0x0000000612000000| PB 0x0000000612000000| Untracked |  0
|  45|0x0000000612400000, 0x0000000612400000, 0x0000000612800000|  0%| F|  |TAMS 0x0000000612400000| PB 0x0000000612400000| Untracked |  0
|  46|0x0000000612800000, 0x0000000612800000, 0x0000000612c00000|  0%| F|  |TAMS 0x0000000612800000| PB 0x0000000612800000| Untracked |  0
|  47|0x0000000612c00000, 0x0000000612c00000, 0x0000000613000000|  0%| F|  |TAMS 0x0000000612c00000| PB 0x0000000612c00000| Untracked |  0
|  48|0x0000000613000000, 0x0000000613000000, 0x0000000613400000|  0%| F|  |TAMS 0x0000000613000000| PB 0x0000000613000000| Untracked |  0
|  49|0x0000000613400000, 0x0000000613400000, 0x0000000613800000|  0%| F|  |TAMS 0x0000000613400000| PB 0x0000000613400000| Untracked |  0
|  50|0x0000000613800000, 0x0000000613800000, 0x0000000613c00000|  0%| F|  |TAMS 0x0000000613800000| PB 0x0000000613800000| Untracked |  0
|  51|0x0000000613c00000, 0x0000000613c00000, 0x0000000614000000|  0%| F|  |TAMS 0x0000000613c00000| PB 0x0000000613c00000| Untracked |  0
|  52|0x0000000614000000, 0x0000000614000000, 0x0000000614400000|  0%| F|  |TAMS 0x0000000614000000| PB 0x0000000614000000| Untracked |  0
|  53|0x0000000614400000, 0x0000000614400000, 0x0000000614800000|  0%| F|  |TAMS 0x0000000614400000| PB 0x0000000614400000| Untracked |  0
|  54|0x0000000614800000, 0x0000000614800000, 0x0000000614c00000|  0%| F|  |TAMS 0x0000000614800000| PB 0x0000000614800000| Untracked |  0
|  55|0x0000000614c00000, 0x0000000614c00000, 0x0000000615000000|  0%| F|  |TAMS 0x0000000614c00000| PB 0x0000000614c00000| Untracked |  0
|  56|0x0000000615000000, 0x0000000615000000, 0x0000000615400000|  0%| F|  |TAMS 0x0000000615000000| PB 0x0000000615000000| Untracked |  0
|  57|0x0000000615400000, 0x0000000615400000, 0x0000000615800000|  0%| F|  |TAMS 0x0000000615400000| PB 0x0000000615400000| Untracked |  0
|  58|0x0000000615800000, 0x0000000615800000, 0x0000000615c00000|  0%| F|  |TAMS 0x0000000615800000| PB 0x0000000615800000| Untracked |  0
|  59|0x0000000615c00000, 0x0000000615c00000, 0x0000000616000000|  0%| F|  |TAMS 0x0000000615c00000| PB 0x0000000615c00000| Untracked |  0
|  60|0x0000000616000000, 0x0000000616000000, 0x0000000616400000|  0%| F|  |TAMS 0x0000000616000000| PB 0x0000000616000000| Untracked |  0
|  61|0x0000000616400000, 0x0000000616400000, 0x0000000616800000|  0%| F|  |TAMS 0x0000000616400000| PB 0x0000000616400000| Untracked |  0
|  62|0x0000000616800000, 0x0000000616800000, 0x0000000616c00000|  0%| F|  |TAMS 0x0000000616800000| PB 0x0000000616800000| Untracked |  0
|  63|0x0000000616c00000, 0x0000000616c00000, 0x0000000617000000|  0%| F|  |TAMS 0x0000000616c00000| PB 0x0000000616c00000| Untracked |  0
|  64|0x0000000617000000, 0x0000000617000000, 0x0000000617400000|  0%| F|  |TAMS 0x0000000617000000| PB 0x0000000617000000| Untracked |  0
|  65|0x0000000617400000, 0x0000000617400000, 0x0000000617800000|  0%| F|  |TAMS 0x0000000617400000| PB 0x0000000617400000| Untracked |  0
|  66|0x0000000617800000, 0x0000000617800000, 0x0000000617c00000|  0%| F|  |TAMS 0x0000000617800000| PB 0x0000000617800000| Untracked |  0
|  67|0x0000000617c00000, 0x0000000617c00000, 0x0000000618000000|  0%| F|  |TAMS 0x0000000617c00000| PB 0x0000000617c00000| Untracked |  0
|  68|0x0000000618000000, 0x0000000618000000, 0x0000000618400000|  0%| F|  |TAMS 0x0000000618000000| PB 0x0000000618000000| Untracked |  0
|  69|0x0000000618400000, 0x0000000618400000, 0x0000000618800000|  0%| F|  |TAMS 0x0000000618400000| PB 0x0000000618400000| Untracked |  0
|  70|0x0000000618800000, 0x0000000618800000, 0x0000000618c00000|  0%| F|  |TAMS 0x0000000618800000| PB 0x0000000618800000| Untracked |  0
|  71|0x0000000618c00000, 0x0000000618c00000, 0x0000000619000000|  0%| F|  |TAMS 0x0000000618c00000| PB 0x0000000618c00000| Untracked |  0
|  72|0x0000000619000000, 0x0000000619000000, 0x0000000619400000|  0%| F|  |TAMS 0x0000000619000000| PB 0x0000000619000000| Untracked |  0
|  73|0x0000000619400000, 0x0000000619400000, 0x0000000619800000|  0%| F|  |TAMS 0x0000000619400000| PB 0x0000000619400000| Untracked |  0
|  74|0x0000000619800000, 0x0000000619800000, 0x0000000619c00000|  0%| F|  |TAMS 0x0000000619800000| PB 0x0000000619800000| Untracked |  0
|  75|0x0000000619c00000, 0x0000000619c00000, 0x000000061a000000|  0%| F|  |TAMS 0x0000000619c00000| PB 0x0000000619c00000| Untracked |  0
|  76|0x000000061a000000, 0x000000061a000000, 0x000000061a400000|  0%| F|  |TAMS 0x000000061a000000| PB 0x000000061a000000| Untracked |  0
|  77|0x000000061a400000, 0x000000061a400000, 0x000000061a800000|  0%| F|  |TAMS 0x000000061a400000| PB 0x000000061a400000| Untracked |  0
|  78|0x000000061a800000, 0x000000061a800000, 0x000000061ac00000|  0%| F|  |TAMS 0x000000061a800000| PB 0x000000061a800000| Untracked |  0
|  79|0x000000061ac00000, 0x000000061ac00000, 0x000000061b000000|  0%| F|  |TAMS 0x000000061ac00000| PB 0x000000061ac00000| Untracked |  0
|  80|0x000000061b000000, 0x000000061b000000, 0x000000061b400000|  0%| F|  |TAMS 0x000000061b000000| PB 0x000000061b000000| Untracked |  0
|  81|0x000000061b400000, 0x000000061b400000, 0x000000061b800000|  0%| F|  |TAMS 0x000000061b400000| PB 0x000000061b400000| Untracked |  0
|  82|0x000000061b800000, 0x000000061b800000, 0x000000061bc00000|  0%| F|  |TAMS 0x000000061b800000| PB 0x000000061b800000| Untracked |  0
|  83|0x000000061bc00000, 0x000000061bc00000, 0x000000061c000000|  0%| F|  |TAMS 0x000000061bc00000| PB 0x000000061bc00000| Untracked |  0
|  84|0x000000061c000000, 0x000000061c000000, 0x000000061c400000|  0%| F|  |TAMS 0x000000061c000000| PB 0x000000061c000000| Untracked |  0
|  85|0x000000061c400000, 0x000000061c400000, 0x000000061c800000|  0%| F|  |TAMS 0x000000061c400000| PB 0x000000061c400000| Untracked |  0
|  86|0x000000061c800000, 0x000000061c800000, 0x000000061cc00000|  0%| F|  |TAMS 0x000000061c800000| PB 0x000000061c800000| Untracked |  0
|  87|0x000000061cc00000, 0x000000061cc00000, 0x000000061d000000|  0%| F|  |TAMS 0x000000061cc00000| PB 0x000000061cc00000| Untracked |  0
|  88|0x000000061d000000, 0x000000061d000000, 0x000000061d400000|  0%| F|  |TAMS 0x000000061d000000| PB 0x000000061d000000| Untracked |  0
|  89|0x000000061d400000, 0x000000061d400000, 0x000000061d800000|  0%| F|  |TAMS 0x000000061d400000| PB 0x000000061d400000| Untracked |  0
|  90|0x000000061d800000, 0x000000061d800000, 0x000000061dc00000|  0%| F|  |TAMS 0x000000061d800000| PB 0x000000061d800000| Untracked |  0
|  91|0x000000061dc00000, 0x000000061dc00000, 0x000000061e000000|  0%| F|  |TAMS 0x000000061dc00000| PB 0x000000061dc00000| Untracked |  0
|  92|0x000000061e000000, 0x000000061e000000, 0x000000061e400000|  0%| F|  |TAMS 0x000000061e000000| PB 0x000000061e000000| Untracked |  0
|  93|0x000000061e400000, 0x000000061e400000, 0x000000061e800000|  0%| F|  |TAMS 0x000000061e400000| PB 0x000000061e400000| Untracked |  0
|  94|0x000000061e800000, 0x000000061e800000, 0x000000061ec00000|  0%| F|  |TAMS 0x000000061e800000| PB 0x000000061e800000| Untracked |  0
|  95|0x000000061ec00000, 0x000000061ec00000, 0x000000061f000000|  0%| F|  |TAMS 0x000000061ec00000| PB 0x000000061ec00000| Untracked |  0
|  96|0x000000061f000000, 0x000000061f000000, 0x000000061f400000|  0%| F|  |TAMS 0x000000061f000000| PB 0x000000061f000000| Untracked |  0
|  97|0x000000061f400000, 0x000000061f400000, 0x000000061f800000|  0%| F|  |TAMS 0x000000061f400000| PB 0x000000061f400000| Untracked |  0
|  98|0x000000061f800000, 0x000000061f800000, 0x000000061fc00000|  0%| F|  |TAMS 0x000000061f800000| PB 0x000000061f800000| Untracked |  0
|  99|0x000000061fc00000, 0x000000061fc00000, 0x0000000620000000|  0%| F|  |TAMS 0x000000061fc00000| PB 0x000000061fc00000| Untracked |  0
| 100|0x0000000620000000, 0x0000000620000000, 0x0000000620400000|  0%| F|  |TAMS 0x0000000620000000| PB 0x0000000620000000| Untracked |  0
| 101|0x0000000620400000, 0x0000000620400000, 0x0000000620800000|  0%| F|  |TAMS 0x0000000620400000| PB 0x0000000620400000| Untracked |  0
| 102|0x0000000620800000, 0x0000000620800000, 0x0000000620c00000|  0%| F|  |TAMS 0x0000000620800000| PB 0x0000000620800000| Untracked |  0
| 103|0x0000000620c00000, 0x0000000620c00000, 0x0000000621000000|  0%| F|  |TAMS 0x0000000620c00000| PB 0x0000000620c00000| Untracked |  0
| 104|0x0000000621000000, 0x0000000621000000, 0x0000000621400000|  0%| F|  |TAMS 0x0000000621000000| PB 0x0000000621000000| Untracked |  0
| 105|0x0000000621400000, 0x0000000621400000, 0x0000000621800000|  0%| F|  |TAMS 0x0000000621400000| PB 0x0000000621400000| Untracked |  0
| 106|0x0000000621800000, 0x0000000621800000, 0x0000000621c00000|  0%| F|  |TAMS 0x0000000621800000| PB 0x0000000621800000| Untracked |  0
| 107|0x0000000621c00000, 0x0000000621c00000, 0x0000000622000000|  0%| F|  |TAMS 0x0000000621c00000| PB 0x0000000621c00000| Untracked |  0
| 108|0x0000000622000000, 0x0000000622000000, 0x0000000622400000|  0%| F|  |TAMS 0x0000000622000000| PB 0x0000000622000000| Untracked |  0
| 109|0x0000000622400000, 0x0000000622400000, 0x0000000622800000|  0%| F|  |TAMS 0x0000000622400000| PB 0x0000000622400000| Untracked |  0
| 110|0x0000000622800000, 0x0000000622800000, 0x0000000622c00000|  0%| F|  |TAMS 0x0000000622800000| PB 0x0000000622800000| Untracked |  0
| 111|0x0000000622c00000, 0x0000000622c00000, 0x0000000623000000|  0%| F|  |TAMS 0x0000000622c00000| PB 0x0000000622c00000| Untracked |  0
| 112|0x0000000623000000, 0x0000000623000000, 0x0000000623400000|  0%| F|  |TAMS 0x0000000623000000| PB 0x0000000623000000| Untracked |  0
| 113|0x0000000623400000, 0x0000000623400000, 0x0000000623800000|  0%| F|  |TAMS 0x0000000623400000| PB 0x0000000623400000| Untracked |  0
| 114|0x0000000623800000, 0x0000000623800000, 0x0000000623c00000|  0%| F|  |TAMS 0x0000000623800000| PB 0x0000000623800000| Untracked |  0
| 115|0x0000000623c00000, 0x0000000623c00000, 0x0000000624000000|  0%| F|  |TAMS 0x0000000623c00000| PB 0x0000000623c00000| Untracked |  0
| 116|0x0000000624000000, 0x0000000624000000, 0x0000000624400000|  0%| F|  |TAMS 0x0000000624000000| PB 0x0000000624000000| Untracked |  0
| 117|0x0000000624400000, 0x0000000624400000, 0x0000000624800000|  0%| F|  |TAMS 0x0000000624400000| PB 0x0000000624400000| Untracked |  0
| 118|0x0000000624800000, 0x0000000624800000, 0x0000000624c00000|  0%| F|  |TAMS 0x0000000624800000| PB 0x0000000624800000| Untracked |  0
| 119|0x0000000624c00000, 0x0000000624c00000, 0x0000000625000000|  0%| F|  |TAMS 0x0000000624c00000| PB 0x0000000624c00000| Untracked |  0
| 120|0x0000000625000000, 0x00000006253d7168, 0x0000000625400000| 96%| E|  |TAMS 0x0000000625000000| PB 0x0000000625000000| Complete |  0
| 121|0x0000000625400000, 0x0000000625800000, 0x0000000625800000|100%| E|CS|TAMS 0x0000000625400000| PB 0x0000000625400000| Complete |  0
| 122|0x0000000625800000, 0x0000000625c00000, 0x0000000625c00000|100%| E|CS|TAMS 0x0000000625800000| PB 0x0000000625800000| Complete |  0
| 123|0x0000000625c00000, 0x0000000626000000, 0x0000000626000000|100%| E|CS|TAMS 0x0000000625c00000| PB 0x0000000625c00000| Complete |  0
| 124|0x0000000626000000, 0x0000000626400000, 0x0000000626400000|100%| E|CS|TAMS 0x0000000626000000| PB 0x0000000626000000| Complete |  0
| 125|0x0000000626400000, 0x0000000626800000, 0x0000000626800000|100%| E|CS|TAMS 0x0000000626400000| PB 0x0000000626400000| Complete |  0
| 126|0x0000000626800000, 0x0000000626c00000, 0x0000000626c00000|100%| E|CS|TAMS 0x0000000626800000| PB 0x0000000626800000| Complete |  0
|2019|0x00000007ffc00000, 0x00000007ffd1c288, 0x0000000800000000| 27%| O|  |TAMS 0x00000007ffc00000| PB 0x00000007ffc00000| Untracked |  0

Card table byte_map: [0x0000025c6ac70000,0x0000025c6bc40000] _byte_map_base: 0x0000025c67c38000

Marking Bits: (CMBitMap*) 0x0000025c520657a0
 Bits: [0x0000025c6bc40000, 0x0000025c73a80000)

Polling page: 0x0000025c4fe60000

Metaspace:

Usage:
  Non-class:      9.12 MB used.
      Class:    851.34 KB used.
       Both:      9.96 MB used.

Virtual space:
  Non-class space:       64.00 MB reserved,       9.25 MB ( 14%) committed,  1 nodes.
      Class space:        1.00 GB reserved,     960.00 KB ( <1%) committed,  1 nodes.
             Both:        1.06 GB reserved,      10.19 MB ( <1%) committed. 

Chunk freelists:
   Non-Class:  6.48 MB
       Class:  15.06 MB
        Both:  21.55 MB

MaxMetaspaceSize: unlimited
CompressedClassSpaceSize: 1.00 GB
Initial GC threshold: 21.00 MB
Current GC threshold: 21.00 MB
CDS: on
 - commit_granule_bytes: 65536.
 - commit_granule_words: 8192.
 - virtual_space_node_default_size: 8388608.
 - enlarge_chunks_in_place: 1.
UseCompressedClassPointers 1, UseCompactObjectHeaders 0
Narrow klass pointer bits 32, Max shift 3
Narrow klass base: 0x0000025c00000000, Narrow klass shift: 0
Encoding Range: [0x0000025c00000000 - 0x0000025d00000000), (4294967296 bytes)
Klass Range:    [0x0000025c00000000 - 0x0000025c41000000), (1090519040 bytes)
Klass ID Range:  [8 - 1090519033) (1090519025)


Internal statistics:

num_allocs_failed_limit: 0.
num_arena_births: 176.
num_arena_deaths: 0.
num_vsnodes_births: 2.
num_vsnodes_deaths: 0.
num_space_committed: 163.
num_space_uncommitted: 0.
num_chunks_returned_to_freelist: 0.
num_chunks_taken_from_freelist: 232.
num_chunk_merges: 0.
num_chunk_splits: 141.
num_chunks_enlarged: 71.
num_inconsistent_stats: 0.

CodeHeap 'non-profiled nmethods': size=120064Kb used=915Kb max_used=915Kb free=119148Kb
 bounds [0x0000025c62320000, 0x0000025c62590000, 0x0000025c69860000]
CodeHeap 'profiled nmethods': size=120000Kb used=4019Kb max_used=4019Kb free=115980Kb
 bounds [0x0000025c5a860000, 0x0000025c5ac50000, 0x0000025c61d90000]
CodeHeap 'non-nmethods': size=5696Kb used=1698Kb max_used=1794Kb free=3997Kb
 bounds [0x0000025c61d90000, 0x0000025c62000000, 0x0000025c62320000]
CodeCache: size=245760Kb, used=6632Kb, max_used=6728Kb, free=239125Kb
 total_blobs=3188, nmethods=2490, adapters=602, full_count=0
Compilation: enabled, stopped_count=0, restarted_count=0

Compilation events (20 events):
Event: 21.779 Thread 0x0000025c75e1bc10 2481   !   4       sun.awt.PostEventQueue::flush (168 bytes)
Event: 21.836 Thread 0x0000025c75e1bc10 nmethod 2481 0x0000025c623f8088 code [0x0000025c623f8780, 0x0000025c62400a48]
Event: 21.836 Thread 0x0000025c75e1bc10 2482       4       java.awt.Component::contains (7 bytes)
Event: 21.837 Thread 0x0000025c75e1bc10 nmethod 2482 0x0000025c62400d08 code [0x0000025c62400e00, 0x0000025c62400e98]
Event: 21.837 Thread 0x0000025c75e1bc10 2483       4       javax.swing.text.DefaultCaret::mouseMoved (1 bytes)
Event: 21.837 Thread 0x0000025c75e1bc10 nmethod 2483 0x0000025c62401008 code [0x0000025c62401100, 0x0000025c62401178]
Event: 29.453 Thread 0x0000025c75e1bc10 2484       4       java.awt.EventDispatchThread$HierarchyEventFilter::acceptEvent (225 bytes)
Event: 29.454 Thread 0x0000025c75e1bc10 nmethod 2484 0x0000025c62401308 code [0x0000025c62401400, 0x0000025c624014a8]
Event: 29.696 Thread 0x0000025c75e1bc10 2485       4       java.awt.Toolkit$SelectiveAWTEventListener::eventDispatched (745 bytes)
Event: 29.699 Thread 0x0000025c75e1bc10 nmethod 2485 0x0000025c62401608 code [0x0000025c62401780, 0x0000025c62401f48]
Event: 31.898 Thread 0x0000025c75e1bc10 2486       4       sun.awt.SunToolkit::postEvent (147 bytes)
Event: 31.907 Thread 0x0000025c75e1bc10 nmethod 2486 0x0000025c62401f88 code [0x0000025c62402260, 0x0000025c62403e00]
Event: 36.494 Thread 0x0000025c75e1bc10 2487       4       java.util.concurrent.locks.ReentrantLock$NonfairSync::tryAcquire (27 bytes)
Event: 36.495 Thread 0x0000025c75e1bc10 nmethod 2487 0x0000025c62404108 code [0x0000025c62404200, 0x0000025c624043a8]
Event: 91.110 Thread 0x0000025c450177c0 2488       1       java.util.Collections$EmptyList::isEmpty (2 bytes)
Event: 91.110 Thread 0x0000025c450177c0 nmethod 2488 0x0000025c62404408 code [0x0000025c62404500, 0x0000025c624045c8]
Event: 91.111 Thread 0x0000025c75e1bc10 2489       4       sun.java2d.SunGraphics2D::translate (68 bytes)
Event: 91.111 Thread 0x0000025c75e1bc10 nmethod 2489 0x0000025c62404708 code [0x0000025c62404820, 0x0000025c62404968]
Event: 91.605 Thread 0x0000025c75e1bc10 2490       4       java.awt.event.InputEvent::consume (6 bytes)
Event: 91.605 Thread 0x0000025c75e1bc10 nmethod 2490 0x0000025c62404a08 code [0x0000025c62404b00, 0x0000025c62404b78]

GC Heap History (0 events):
No events

Dll operation events (12 events):
Event: 0.008 Loaded shared library C:\Users\Palgo\.jdks\openjdk-24.0.1\bin\java.dll
Event: 0.048 Loaded shared library C:\Users\Palgo\.jdks\openjdk-24.0.1\bin\jsvml.dll
Event: 0.072 Loaded shared library C:\Users\Palgo\.jdks\openjdk-24.0.1\bin\zip.dll
Event: 0.073 Loaded shared library C:\Users\Palgo\.jdks\openjdk-24.0.1\bin\instrument.dll
Event: 0.082 Loaded shared library C:\Users\Palgo\.jdks\openjdk-24.0.1\bin\net.dll
Event: 0.083 Loaded shared library C:\Users\Palgo\.jdks\openjdk-24.0.1\bin\nio.dll
Event: 0.085 Loaded shared library C:\Users\Palgo\.jdks\openjdk-24.0.1\bin\zip.dll
Event: 0.103 Loaded shared library C:\Users\Palgo\.jdks\openjdk-24.0.1\bin\extnet.dll
Event: 0.155 Loaded shared library C:\Users\Palgo\.jdks\openjdk-24.0.1\bin\jimage.dll
Event: 0.168 Loaded shared library C:\Users\Palgo\.jdks\openjdk-24.0.1\bin\awt.dll
Event: 0.490 Loaded shared library C:\Users\Palgo\.jdks\openjdk-24.0.1\bin\freetype.dll
Event: 0.493 Loaded shared library C:\Users\Palgo\.jdks\openjdk-24.0.1\bin\fontmanager.dll

Deoptimization events (20 events):
Event: 7.556 Thread 0x0000025c457324b0 DEOPT PACKING pc=0x0000025c623792e4 sp=0x000000a3b18fe400
Event: 7.556 Thread 0x0000025c457324b0 DEOPT UNPACKING pc=0x0000025c61eb1002 sp=0x000000a3b18fe2c8 mode 2
Event: 7.823 Thread 0x0000025c4b296a10 Uncommon trap: trap_request=0xffffff4d fr.pc=0x0000025c6239a7f0 relative=0x0000000000004450
Event: 7.823 Thread 0x0000025c4b296a10 Uncommon trap: reason=unstable_if action=reinterpret pc=0x0000025c6239a7f0 method=java.util.concurrent.locks.AbstractQueuedSynchronizer.signalNext(Ljava/util/concurrent/locks/AbstractQueuedSynchronizer$Node;)V @ 17 c2
Event: 7.823 Thread 0x0000025c4b296a10 DEOPT PACKING pc=0x0000025c6239a7f0 sp=0x000000a3b1bfeef0
Event: 7.823 Thread 0x0000025c4b296a10 DEOPT UNPACKING pc=0x0000025c61eb1002 sp=0x000000a3b1bfed20 mode 2
Event: 12.077 Thread 0x0000025c4b296a10 Uncommon trap: trap_request=0xffffff4d fr.pc=0x0000025c623782b0 relative=0x0000000000000110
Event: 12.077 Thread 0x0000025c4b296a10 Uncommon trap: reason=unstable_if action=reinterpret pc=0x0000025c623782b0 method=java.util.concurrent.locks.AbstractQueuedSynchronizer.signalNext(Ljava/util/concurrent/locks/AbstractQueuedSynchronizer$Node;)V @ 17 c2
Event: 12.077 Thread 0x0000025c4b296a10 DEOPT PACKING pc=0x0000025c623782b0 sp=0x000000a3b1bfef90
Event: 12.077 Thread 0x0000025c4b296a10 DEOPT UNPACKING pc=0x0000025c61eb1002 sp=0x000000a3b1bfef10 mode 2
Event: 12.497 Thread 0x0000025c4b296a10 DEOPT PACKING pc=0x0000025c5ab2e26e sp=0x000000a3b1bfd830
Event: 12.497 Thread 0x0000025c4b296a10 DEOPT UNPACKING pc=0x0000025c61de6642 sp=0x000000a3b1bfccb0 mode 0
Event: 14.747 Thread 0x0000025c4b296a10 Uncommon trap: trap_request=0xffffff45 fr.pc=0x0000025c6239d7a0 relative=0x00000000000000a0
Event: 14.747 Thread 0x0000025c4b296a10 Uncommon trap: reason=unstable_fused_if action=reinterpret pc=0x0000025c6239d7a0 method=java.awt.EventQueue.eventToCacheIndex(Ljava/awt/AWTEvent;)I @ 4 c2
Event: 14.747 Thread 0x0000025c4b296a10 DEOPT PACKING pc=0x0000025c6239d7a0 sp=0x000000a3b1bfed40
Event: 14.747 Thread 0x0000025c4b296a10 DEOPT UNPACKING pc=0x0000025c61eb1002 sp=0x000000a3b1bfecd8 mode 2
Event: 14.747 Thread 0x0000025c4b296a10 Uncommon trap: trap_request=0xffffff4d fr.pc=0x0000025c623dc084 relative=0x0000000000000244
Event: 14.747 Thread 0x0000025c4b296a10 Uncommon trap: reason=unstable_if action=reinterpret pc=0x0000025c623dc084 method=java.awt.EventQueue.eventToCacheIndex(Ljava/awt/AWTEvent;)I @ 4 c2
Event: 14.747 Thread 0x0000025c4b296a10 DEOPT PACKING pc=0x0000025c623dc084 sp=0x000000a3b1bfefd0
Event: 14.747 Thread 0x0000025c4b296a10 DEOPT UNPACKING pc=0x0000025c61eb1002 sp=0x000000a3b1bfee80 mode 2

Classes loaded (20 events):
Event: 5.153 Loading class java/text/AttributedString$AttributedStringIterator
Event: 5.153 Loading class java/text/AttributedCharacterIterator
Event: 5.153 Loading class java/text/AttributedCharacterIterator done
Event: 5.153 Loading class java/text/AttributedString$AttributedStringIterator done
Event: 5.248 Loading class javax/swing/text/AbstractDocument$UndoRedoDocumentEvent
Event: 5.248 Loading class javax/swing/text/AbstractDocument$UndoRedoDocumentEvent done
Event: 5.248 Loading class javax/swing/text/DefaultCaret$1
Event: 5.248 Loading class javax/swing/text/DefaultCaret$1 done
Event: 5.248 Loading class javax/swing/text/GapContent$RemoveUndo
Event: 5.248 Loading class javax/swing/text/GapContent$RemoveUndo done
Event: 5.248 Loading class javax/swing/text/GapContent$UndoPosRef
Event: 5.248 Loading class javax/swing/text/GapContent$UndoPosRef done
Event: 9.455 Loading class java/util/Collections$SingletonList
Event: 9.455 Loading class java/util/Collections$SingletonList done
Event: 11.362 Loading class java/awt/Polygon
Event: 11.363 Loading class java/awt/Polygon done
Event: 11.363 Loading class java/awt/Polygon$PolygonPathIterator
Event: 11.363 Loading class java/awt/Polygon$PolygonPathIterator done
Event: 11.363 Loading class java/awt/geom/AreaIterator
Event: 11.363 Loading class java/awt/geom/AreaIterator done

Classes unloaded (0 events):
No events

Classes redefined (0 events):
No events

Internal exceptions (20 events):
Event: 0.428 Thread 0x0000025c51fbdb20 Exception <a 'java/lang/NoSuchMethodError'{0x00000006265b5688}: 'void java.lang.invoke.DirectMethodHandle$Holder.invokeSpecial(java.lang.Object, java.lang.Object, java.lang.Object)'> (0x00000006265b5688) 
thrown [s\open\src\hotspot\share\interpreter\linkResolver.cpp, line 805]
Event: 0.432 Thread 0x0000025c51fbdb20 Exception <a 'java/lang/NoSuchMethodError'{0x000000062671ac60}: 'java.lang.Object java.lang.invoke.DirectMethodHandle$Holder.newInvokeSpecial(java.lang.Object, java.lang.Object, java.lang.Object, java.lang.Object, java.lang.Object)'> (0x000000062671ac60) 
thrown [s\open\src\hotspot\share\interpreter\linkResolver.cpp, line 805]
Event: 0.435 Thread 0x0000025c51fbdb20 Exception <a 'java/lang/NoSuchMethodError'{0x0000000626782da8}: 'java.lang.Object java.lang.invoke.DirectMethodHandle$Holder.invokeStatic(java.lang.Object, int, java.lang.Object)'> (0x0000000626782da8) 
thrown [s\open\src\hotspot\share\interpreter\linkResolver.cpp, line 805]
Event: 0.451 Thread 0x0000025c51fbdb20 Exception <a 'java/lang/ClassNotFoundException'{0x00000006261b3a80}: com/sun/swing/internal/plaf/metal/resources/spi/metalProvider> (0x00000006261b3a80) 
thrown [s\open\src\hotspot\share\classfile\systemDictionary.cpp, line 327]
Event: 0.451 Thread 0x0000025c51fbdb20 Exception <a 'java/lang/ClassNotFoundException'{0x00000006261b81a8}: com/sun/swing/internal/plaf/basic/resources/spi/basicProvider> (0x00000006261b81a8) 
thrown [s\open\src\hotspot\share\classfile\systemDictionary.cpp, line 327]
Event: 0.456 Thread 0x0000025c51fbdb20 Exception <a 'java/lang/NoSuchMethodError'{0x00000006261e0db0}: 'int java.lang.invoke.Invokers$Holder.invokeExact_MT(java.lang.Object, java.lang.Object)'> (0x00000006261e0db0) 
thrown [s\open\src\hotspot\share\interpreter\linkResolver.cpp, line 805]
Event: 0.497 Thread 0x0000025c51fbdb20 Exception <a 'java/lang/NoSuchMethodError'{0x0000000626249a80}: 'long java.lang.invoke.DirectMethodHandle$Holder.invokeStaticInit(java.lang.Object, long, long, long, long)'> (0x0000000626249a80) 
thrown [s\open\src\hotspot\share\interpreter\linkResolver.cpp, line 805]
Event: 0.498 Thread 0x0000025c51fbdb20 Exception <a 'java/lang/NoSuchMethodError'{0x0000000626252488}: 'java.lang.Object java.lang.invoke.DirectMethodHandle$Holder.invokeInterface(java.lang.Object, java.lang.Object, long, long)'> (0x0000000626252488) 
thrown [s\open\src\hotspot\share\interpreter\linkResolver.cpp, line 805]
Event: 0.499 Thread 0x0000025c51fbdb20 Exception <a 'java/lang/NoSuchMethodError'{0x000000062626ad60}: 'void java.lang.invoke.DirectMethodHandle$Holder.invokeStaticInit(java.lang.Object, java.lang.Object, long, java.lang.Object)'> (0x000000062626ad60) 
thrown [s\open\src\hotspot\share\interpreter\linkResolver.cpp, line 805]
Event: 0.499 Thread 0x0000025c51fbdb20 Exception <a 'java/lang/NoSuchMethodError'{0x0000000626273948}: 'long java.lang.invoke.DirectMethodHandle$Holder.invokeStatic(java.lang.Object, long, long)'> (0x0000000626273948) 
thrown [s\open\src\hotspot\share\interpreter\linkResolver.cpp, line 805]
Event: 0.500 Thread 0x0000025c51fbdb20 Exception <a 'java/lang/NoSuchMethodError'{0x000000062629ca18}: 'java.lang.Object java.lang.invoke.DirectMethodHandle$Holder.newInvokeSpecial(java.lang.Object, int, java.lang.Object)'> (0x000000062629ca18) 
thrown [s\open\src\hotspot\share\interpreter\linkResolver.cpp, line 805]
Event: 0.522 Thread 0x0000025c51fbdb20 Exception <a 'java/lang/NoSuchMethodError'{0x0000000626316b00}: 'void java.lang.invoke.DelegatingMethodHandle$Holder.reinvoke_L(java.lang.Object, java.lang.Object, java.lang.Object, java.lang.Object, long, long, float)'> (0x0000000626316b00) 
thrown [s\open\src\hotspot\share\interpreter\linkResolver.cpp, line 805]
Event: 0.523 Thread 0x0000025c51fbdb20 Exception <a 'java/lang/NoSuchMethodError'{0x0000000626336ea0}: 'java.lang.Object java.lang.invoke.DirectMethodHandle$Holder.invokeStatic(java.lang.Object, java.lang.Object, java.lang.Object, java.lang.Object, java.lang.Object, long)'> (0x0000000626336ea0) 
thrown [s\open\src\hotspot\share\interpreter\linkResolver.cpp, line 805]
Event: 0.525 Thread 0x0000025c51fbdb20 Exception <a 'java/lang/NoSuchMethodError'{0x000000062637a350}: 'float java.lang.invoke.DelegatingMethodHandle$Holder.reinvoke_L(java.lang.Object, java.lang.Object, java.lang.Object, java.lang.Object, long, long)'> (0x000000062637a350) 
thrown [s\open\src\hotspot\share\interpreter\linkResolver.cpp, line 805]
Event: 0.538 Thread 0x0000025c51fbdb20 Exception <a 'java/lang/NoSuchMethodError'{0x00000006263d2d08}: 'void java.lang.invoke.DirectMethodHandle$Holder.invokeStatic(java.lang.Object, java.lang.Object, java.lang.Object, java.lang.Object)'> (0x00000006263d2d08) 
thrown [s\open\src\hotspot\share\interpreter\linkResolver.cpp, line 805]
Event: 0.569 Thread 0x0000025c51fbdb20 Exception <a 'java/lang/NoSuchMethodError'{0x0000000625c57b68}: 'void java.lang.invoke.DelegatingMethodHandle$Holder.reinvoke_L(java.lang.Object, java.lang.Object, java.lang.Object, java.lang.Object, long, long, int)'> (0x0000000625c57b68) 
thrown [s\open\src\hotspot\share\interpreter\linkResolver.cpp, line 805]
Event: 0.571 Thread 0x0000025c51fbdb20 Exception <a 'java/lang/NoSuchMethodError'{0x0000000625c82400}: 'void java.lang.invoke.DelegatingMethodHandle$Holder.reinvoke_L(java.lang.Object, java.lang.Object, java.lang.Object, java.lang.Object, long, long, long)'> (0x0000000625c82400) 
thrown [s\open\src\hotspot\share\interpreter\linkResolver.cpp, line 805]
Event: 0.572 Thread 0x0000025c51fbdb20 Exception <a 'java/lang/NoSuchMethodError'{0x0000000625c9ba90}: 'void java.lang.invoke.DirectMethodHandle$Holder.invokeStaticInit(java.lang.Object)'> (0x0000000625c9ba90) 
thrown [s\open\src\hotspot\share\interpreter\linkResolver.cpp, line 805]
Event: 0.641 Thread 0x0000025c457324b0 Exception <a 'java/lang/NoSuchMethodError'{0x00000006265ffd70}: 'void java.lang.invoke.DirectMethodHandle$Holder.invokeVirtual(java.lang.Object, java.lang.Object)'> (0x00000006265ffd70) 
thrown [s\open\src\hotspot\share\interpreter\linkResolver.cpp, line 805]
Event: 0.660 Thread 0x0000025c4b296a10 Exception <a 'java/lang/NoSuchMethodError'{0x0000000625e169f0}: 'void java.lang.invoke.DelegatingMethodHandle$Holder.reinvoke_L(java.lang.Object, java.lang.Object, java.lang.Object, java.lang.Object, long, long, double)'> (0x0000000625e169f0) 
thrown [s\open\src\hotspot\share\interpreter\linkResolver.cpp, line 805]

VM Operations (9 events):
Event: 0.065 Executing VM operation: HandshakeAllThreads (Deoptimize)
Event: 0.065 Executing VM operation: HandshakeAllThreads (Deoptimize) done
Event: 0.482 Executing VM operation: HandshakeAllThreads (Deoptimize)
Event: 0.482 Executing VM operation: HandshakeAllThreads (Deoptimize) done
Event: 60.241 Executing VM operation: HandshakeAllThreads (HandshakeForDeflation)
Event: 60.241 Executing VM operation: HandshakeAllThreads (HandshakeForDeflation) done
Event: 60.241 Executing VM operation: RendezvousGCThreads
Event: 60.241 Executing VM operation: RendezvousGCThreads done
Event: 92.084 Executing VM operation: Exit

Memory protections (0 events):
No events

Nmethod flushes (0 events):
No events

Events (20 events):
Event: 0.044 Thread 0x0000025c51fbdb20 Thread added: 0x0000025c75e1bc10
Event: 0.047 Thread 0x0000025c51fbdb20 Thread added: 0x0000025c450177c0
Event: 0.075 Thread 0x0000025c51fbdb20 Thread added: 0x0000025c451af490
Event: 0.094 Thread 0x0000025c51fbdb20 Thread added: 0x0000025c451bda10
Event: 0.094 Thread 0x0000025c51fbdb20 Thread added: 0x0000025c4520c5a0
Event: 0.202 Thread 0x0000025c51fbdb20 Thread added: 0x0000025c45731630
Event: 0.202 Thread 0x0000025c51fbdb20 Thread added: 0x0000025c45731d70
Event: 0.202 Thread 0x0000025c51fbdb20 Thread added: 0x0000025c457324b0
Event: 0.535 Thread 0x0000025c51fbdb20 Thread added: 0x0000025c4b296a10
Event: 0.646 Thread 0x0000025c51fbdb20 Thread exited: 0x0000025c51fbdb20
Event: 0.646 Thread 0x0000025c51fbdb20 Thread added: 0x0000025c51fbdb20
Event: 0.651 Thread 0x0000025c4b296a10 Thread added: 0x0000025c4523e910
Event: 0.691 Thread 0x0000025c4b296a10 Thread added: 0x0000025c4b44faa0
Event: 91.983 Thread 0x0000025c4b296a10 Thread added: 0x0000025c4548be70
Event: 91.983 Thread 0x0000025c4b296a10 Thread added: 0x0000025c4548b720
Event: 91.984 Thread 0x0000025c4548b720 Thread exited: 0x0000025c4548b720
Event: 91.984 Thread 0x0000025c4523e910 Thread exited: 0x0000025c4523e910
Event: 92.016 Thread 0x0000025c457324b0 Thread exited: 0x0000025c457324b0
Event: 92.084 Thread 0x0000025c4548be70 Thread exited: 0x0000025c4548be70
Event: 92.084 Thread 0x0000025c4b296a10 Before exit entered


Dynamic libraries:
0x00007ff7358a0000 - 0x00007ff7358ae000 	C:\Users\Palgo\.jdks\openjdk-24.0.1\bin\java.exe
0x00007ffa6bef0000 - 0x00007ffa6c107000 	C:\Windows\SYSTEM32\ntdll.dll
0x00007ffa6b0b0000 - 0x00007ffa6b174000 	C:\Windows\System32\KERNEL32.DLL
0x00007ffa693c0000 - 0x00007ffa69793000 	C:\Windows\System32\KERNELBASE.dll
0x00007ffa697d0000 - 0x00007ffa698e1000 	C:\Windows\System32\ucrtbase.dll
0x00007ffa56430000 - 0x00007ffa56446000 	C:\Users\Palgo\.jdks\openjdk-24.0.1\bin\jli.dll
0x00007ffa55440000 - 0x00007ffa5545b000 	C:\Users\Palgo\.jdks\openjdk-24.0.1\bin\VCRUNTIME140.dll
0x00007ffa6a2b0000 - 0x00007ffa6a461000 	C:\Windows\System32\USER32.dll
0x00007ffa69060000 - 0x00007ffa69086000 	C:\Windows\System32\win32u.dll
0x00007ffa6a280000 - 0x00007ffa6a2a9000 	C:\Windows\System32\GDI32.dll
0x00007ffa69a50000 - 0x00007ffa69b72000 	C:\Windows\System32\gdi32full.dll
0x00007ffa698f0000 - 0x00007ffa6998a000 	C:\Windows\System32\msvcp_win.dll
0x00007ffa53db0000 - 0x00007ffa5404b000 	C:\Windows\WinSxS\amd64_microsoft.windows.common-controls_6595b64144ccf1df_6.0.22621.5262_none_2712bde373830908\COMCTL32.dll
0x00007ffa6bd50000 - 0x00007ffa6bdf7000 	C:\Windows\System32\msvcrt.dll
0x00007ffa6b3a0000 - 0x00007ffa6b3d1000 	C:\Windows\System32\IMM32.DLL
0x00007ffa62070000 - 0x00007ffa6207c000 	C:\Users\Palgo\.jdks\openjdk-24.0.1\bin\vcruntime140_1.dll
0x00007ffa40010000 - 0x00007ffa4009e000 	C:\Users\Palgo\.jdks\openjdk-24.0.1\bin\msvcp140.dll
0x00007ff916a10000 - 0x00007ff9177b2000 	C:\Users\Palgo\.jdks\openjdk-24.0.1\bin\server\jvm.dll
0x00007ffa6bc90000 - 0x00007ffa6bd41000 	C:\Windows\System32\ADVAPI32.dll
0x00007ffa6b860000 - 0x00007ffa6b907000 	C:\Windows\System32\sechost.dll
0x00007ffa697a0000 - 0x00007ffa697c8000 	C:\Windows\System32\bcrypt.dll
0x00007ffa6b990000 - 0x00007ffa6baa4000 	C:\Windows\System32\RPCRT4.dll
0x00007ffa6be00000 - 0x00007ffa6be71000 	C:\Windows\System32\WS2_32.dll
0x00007ffa67e30000 - 0x00007ffa67e7d000 	C:\Windows\SYSTEM32\POWRPROF.dll
0x00007ffa62640000 - 0x00007ffa62674000 	C:\Windows\SYSTEM32\WINMM.dll
0x00007ffa64b00000 - 0x00007ffa64b0a000 	C:\Windows\SYSTEM32\VERSION.dll
0x00007ffa67e10000 - 0x00007ffa67e23000 	C:\Windows\SYSTEM32\UMPDC.dll
0x00007ffa680d0000 - 0x00007ffa680e8000 	C:\Windows\SYSTEM32\kernel.appcore.dll
0x00007ffa573b0000 - 0x00007ffa573ba000 	C:\Users\Palgo\.jdks\openjdk-24.0.1\bin\jimage.dll
0x00007ffa5fd50000 - 0x00007ffa5ff82000 	C:\Windows\SYSTEM32\DBGHELP.DLL
0x00007ffa6a470000 - 0x00007ffa6a803000 	C:\Windows\System32\combase.dll
0x00007ffa69b90000 - 0x00007ffa69c67000 	C:\Windows\System32\OLEAUT32.dll
0x00007ffa3a360000 - 0x00007ffa3a392000 	C:\Windows\SYSTEM32\dbgcore.DLL
0x00007ffa68fe0000 - 0x00007ffa6905b000 	C:\Windows\System32\bcryptPrimitives.dll
0x00007ffa57360000 - 0x00007ffa5736f000 	C:\Users\Palgo\.jdks\openjdk-24.0.1\bin\instrument.dll
0x00007ffa40890000 - 0x00007ffa408ae000 	C:\Users\Palgo\.jdks\openjdk-24.0.1\bin\java.dll
0x00007ffa69c90000 - 0x00007ffa69e31000 	C:\Windows\System32\ole32.dll
0x00007ffa6a810000 - 0x00007ffa6b0ad000 	C:\Windows\System32\SHELL32.dll
0x00007ffa69090000 - 0x00007ffa691cf000 	C:\Windows\System32\wintypes.dll
0x00007ffa66ee0000 - 0x00007ffa677fd000 	C:\Windows\SYSTEM32\windows.storage.dll
0x00007ffa6b180000 - 0x00007ffa6b28b000 	C:\Windows\System32\SHCORE.dll
0x00007ffa6bc20000 - 0x00007ffa6bc86000 	C:\Windows\System32\shlwapi.dll
0x00007ffa68f10000 - 0x00007ffa68f3b000 	C:\Windows\SYSTEM32\profapi.dll
0x00007ffa3fd00000 - 0x00007ffa3fdd7000 	C:\Users\Palgo\.jdks\openjdk-24.0.1\bin\jsvml.dll
0x00007ffa40740000 - 0x00007ffa40757000 	C:\Users\Palgo\.jdks\openjdk-24.0.1\bin\zip.dll
0x00007ffa43b30000 - 0x00007ffa43b40000 	C:\Users\Palgo\.jdks\openjdk-24.0.1\bin\net.dll
0x00007ffa68540000 - 0x00007ffa685aa000 	C:\Windows\system32\mswsock.dll
0x00007ffa3fed0000 - 0x00007ffa3fee6000 	C:\Users\Palgo\.jdks\openjdk-24.0.1\bin\nio.dll
0x00007ffa40880000 - 0x00007ffa40889000 	C:\Users\Palgo\.jdks\openjdk-24.0.1\bin\extnet.dll
0x00007ffa196d0000 - 0x00007ffa1984e000 	C:\Users\Palgo\.jdks\openjdk-24.0.1\bin\awt.dll
0x00007ffa64b10000 - 0x00007ffa64ba7000 	C:\Windows\SYSTEM32\apphelp.dll
0x00007ffa667c0000 - 0x00007ffa667ee000 	C:\Windows\system32\DWMAPI.DLL
0x00007ffa66520000 - 0x00007ffa665d3000 	C:\Windows\system32\uxtheme.dll
0x00007ff9e05d0000 - 0x00007ff9e06d0000 	C:\Windows\system32\opengl32.dll
0x00007ff9e05a0000 - 0x00007ff9e05cd000 	C:\Windows\SYSTEM32\GLU32.dll
0x00007ffa66820000 - 0x00007ffa66857000 	C:\Windows\SYSTEM32\dxcore.dll
0x0000000180000000 - 0x0000000188179000 	C:\Program Files (x86)\ASUS\GPUTweakIII\GTIII-OSD\x64\GTIII-OSD64-VK.dll
0x00007ff9dd240000 - 0x00007ff9dd3c5000 	C:\Windows\SYSTEM32\vulkan-1.dll
0x00007ffa68cd0000 - 0x00007ffa68d1e000 	C:\Windows\SYSTEM32\CFGMGR32.dll
0x00007ffa6bac0000 - 0x00007ffa6bc1e000 	C:\Windows\System32\MSCTF.dll
0x00007ffa68c80000 - 0x00007ffa68c92000 	C:\Windows\SYSTEM32\msasn1.dll
0x00007ffa60c80000 - 0x00007ffa60cb2000 	C:\Windows\SYSTEM32\cryptnet.dll
0x00007ffa691d0000 - 0x00007ffa69337000 	C:\Windows\System32\CRYPT32.dll
0x00007ffa68870000 - 0x00007ffa6887c000 	C:\Windows\SYSTEM32\cryptbase.dll
0x00007ffa687c0000 - 0x00007ffa68810000 	C:\Windows\SYSTEM32\wldp.dll
0x00007ffa601c0000 - 0x00007ffa60322000 	C:\Windows\SYSTEM32\drvstore.dll
0x00007ffa68ca0000 - 0x00007ffa68ccc000 	C:\Windows\SYSTEM32\devobj.dll
0x00007ffa69340000 - 0x00007ffa693bc000 	C:\Windows\System32\wintrust.dll
0x00007ffa6be90000 - 0x00007ffa6beaf000 	C:\Windows\System32\imagehlp.dll
0x00007ffa68890000 - 0x00007ffa688ab000 	C:\Windows\SYSTEM32\CRYPTSP.dll
0x00007ffa68030000 - 0x00007ffa68067000 	C:\Windows\system32\rsaenh.dll
0x00007ff9e0290000 - 0x00007ff9e0596000 	C:\Windows\system32\nvspcap64.dll
0x00007ffa681e0000 - 0x00007ffa68214000 	C:\Windows\SYSTEM32\ntmarta.dll
0x00007ffa685b0000 - 0x00007ffa685d6000 	C:\Windows\SYSTEM32\gpapi.dll
0x00007ff9df7b0000 - 0x00007ff9df964000 	C:\Windows\System32\DriverStore\FileRepository\nv_dispi.inf_amd64_2c61c4d89b199ea8\nvppex.dll
0x00007ffa28a10000 - 0x00007ffa28a97000 	C:\Users\Palgo\.jdks\openjdk-24.0.1\bin\freetype.dll
0x00007ffa1be60000 - 0x00007ffa1bf37000 	C:\Users\Palgo\.jdks\openjdk-24.0.1\bin\fontmanager.dll
0x00007ffa6a000000 - 0x00007ffa6a0b0000 	C:\Windows\System32\clbcatq.dll
0x00007ffa66330000 - 0x00007ffa664e0000 	C:\Windows\SYSTEM32\WindowsCodecs.dll
0x00007ffa4cc20000 - 0x00007ffa4cd63000 	C:\Windows\SYSTEM32\textinputframework.dll
0x0000025c788d0000 - 0x0000025c80b60000 	C:\Program Files (x86)\ASUS\GPUTweakIII\GTIII-OSD\x64\GTIII-OSD64.dll
0x00007ff9e1280000 - 0x00007ff9e12a6000 	C:\Windows\SYSTEM32\d3d12.dll
0x00007ffa202c0000 - 0x00007ffa202f7000 	C:\Windows\SYSTEM32\d3d10_1.dll
0x00007ff9dd5b0000 - 0x00007ff9dd813000 	C:\Windows\SYSTEM32\d3dx9_43.dll
0x00007ffa62bc0000 - 0x00007ffa62fa6000 	C:\Windows\SYSTEM32\D3DCOMPILER_47.dll
0x00007ffa565c0000 - 0x00007ffa565ce000 	C:\Windows\SYSTEM32\d3d10_1core.dll
0x00007ffa63240000 - 0x00007ffa63497000 	C:\Windows\SYSTEM32\d3d11.dll
0x00007ffa666b0000 - 0x00007ffa667a7000 	C:\Windows\SYSTEM32\dxgi.dll
0x0000025c80b60000 - 0x0000025c88cbe000 	C:\Program Files (x86)\ASUS\GPUTweakIII\GTIII-OSD\x64\GTIII-OSD64-GL.dll
0x00007ffa6be80000 - 0x00007ffa6be88000 	C:\Windows\System32\PSAPI.DLL
0x00000000516a0000 - 0x0000000051703000 	C:\Program Files (x86)\ASUS\GPUTweakIII\GTIII-OSD\x64\glew32.dll
0x00007ffa64210000 - 0x00007ffa64345000 	C:\Windows\SYSTEM32\CoreMessaging.dll
0x00007ffa5e4f0000 - 0x00007ffa5e85c000 	C:\Windows\SYSTEM32\CoreUIComponents.dll

JVMTI agents:
E:\IntelliJ IDEA Community Edition 2025.1.1.1\lib\idea_rt.jar path:C:\Users\Palgo\.jdks\openjdk-24.0.1\bin\instrument.dll, loaded, initialized, instrumentlib options:52127

dbghelp: loaded successfully - version: 4.0.5 - missing functions: none
symbol engine: initialized successfully - sym options: 0x614 - pdb path: .;C:\Users\Palgo\.jdks\openjdk-24.0.1\bin;C:\Windows\SYSTEM32;C:\Windows\WinSxS\amd64_microsoft.windows.common-controls_6595b64144ccf1df_6.0.22621.5262_none_2712bde373830908;C:\Users\Palgo\.jdks\openjdk-24.0.1\bin\server;C:\Program Files (x86)\ASUS\GPUTweakIII\GTIII-OSD\x64;C:\Windows\System32\DriverStore\FileRepository\nv_dispi.inf_amd64_2c61c4d89b199ea8

VM Arguments:
jvm_args: -javaagent:E:\IntelliJ IDEA Community Edition 2025.1.1.1\lib\idea_rt.jar=52127 -Dfile.encoding=UTF-8 -Dsun.stdout.encoding=UTF-8 -Dsun.stderr.encoding=UTF-8 
java_command: main.java.com.muteStone.Main
java_class_path (initial): C:\Users\Palgo\IdeaProjects\MiniCityTycoon\out\production\MiniCityTycoon
Launcher Type: SUN_STANDARD

[Global flags]
     intx CICompilerCount                          = 4                                         {product} {ergonomic}
     uint ConcGCThreads                            = 2                                         {product} {ergonomic}
     uint G1ConcRefinementThreads                  = 8                                         {product} {ergonomic}
   size_t G1HeapRegionSize                         = 4194304                                   {product} {ergonomic}
   size_t InitialHeapSize                          = 532676608                                 {product} {ergonomic}
   size_t MarkStackSize                            = 4194304                                   {product} {ergonomic}
   size_t MarkStackSizeMax                         = 536870912                                 {product} {ergonomic}
   size_t MaxHeapSize                              = 8472494080                                {product} {ergonomic}
   size_t MaxNewSize                               = 5083496448                                {product} {ergonomic}
   size_t MinHeapDeltaBytes                        = 4194304                                   {product} {ergonomic}
   size_t MinHeapSize                              = 8388608                                   {product} {ergonomic}
    uintx NonNMethodCodeHeapSize                   = 5832704                                {pd product} {ergonomic}
    uintx NonProfiledCodeHeapSize                  = 122945536                              {pd product} {ergonomic}
    uintx ProfiledCodeHeapSize                     = 122880000                              {pd product} {ergonomic}
    uintx ReservedCodeCacheSize                    = 251658240                              {pd product} {ergonomic}
     bool SegmentedCodeCache                       = true                                      {product} {ergonomic}
   size_t SoftMaxHeapSize                          = 8472494080                             {manageable} {ergonomic}
     bool UseCompressedOops                        = true                           {product lp64_product} {ergonomic}
     bool UseG1GC                                  = true                                      {product} {ergonomic}
     bool UseLargePagesIndividualAllocation        = false                                  {pd product} {ergonomic}

Logging:
Log output configuration:
 #0: stdout all=off uptime,level,tags foldmultilines=false
 #1: stderr all=off uptime,level,tags foldmultilines=false

Environment Variables:
PATH=C:\Program Files (x86)\Razer Chroma SDK\bin;C:\Program Files\Razer Chroma SDK\bin;C:\Program Files (x86)\Razer\ChromaBroadcast\bin;C:\Program Files\Razer\ChromaBroadcast\bin;C:\Program Files (x86)\Common Files\Intel\Shared Libraries\redist\intel64\compiler;C:\Windows\system32;C:\Windows;C:\Windows\System32\Wbem;C:\Windows\System32\WindowsPowerShell\v1.0\;C:\Windows\System32\OpenSSH\;C:\Program Files (x86)\NVIDIA Corporation\PhysX\Common;C:\Program Files\dotnet\;C:\Windows\syswow64\config\systemprofile\AppData\Local\Microsoft\WindowsApps;C:\Users\Palgo\AppData\Local\Microsoft\WindowsApps;C:\Users\Palgo\AppData\Local\GitHubDesktop\bin;E:\Microsoft VS Code\bin;C:\Program Files\NVIDIA Corporation\NVIDIA App\NvDLISR;C:\Program Files\Git\cmd;C:\Users\Palgo\AppData\Local\Microsoft\WindowsApps;C:\Users\Palgo\AppData\Local\GitHubDesktop\bin;E:\IntelliJ IDEA Community Edition 2025.1.1.1\bin;
USERNAME=Palgo
OS=Windows_NT
PROCESSOR_IDENTIFIER=AMD64 Family 25 Model 97 Stepping 2, AuthenticAMD
TMP=C:\Users\Palgo\AppData\Local\Temp
TEMP=C:\Users\Palgo\AppData\Local\Temp




Periodic native trim disabled

---------------  S Y S T E M  ---------------

OS:
 Windows 11 , 64 bit Build 22621 (10.0.22621.5262)
OS uptime: 9 days 11:38 hours
Hyper-V role detected

CPU: total 8 (initial active 8) (8 cores per cpu, 1 threads per core) family 25 model 97 stepping 2 microcode 0x0, cx8, cmov, fxsr, mmx, 3dnowpref, sse, sse2, sse3, ssse3, sse4a, sse4.1, sse4.2, popcnt, lzcnt, tsc, tscinvbit, avx, avx2, aes, erms, clmul, bmi1, bmi2, adx, avx512f, avx512dq, avx512cd, avx512bw, avx512vl, sha, fma, vzeroupper, avx512_vpopcntdq, avx512_vpclmulqdq, avx512_vaes, avx512_vnni, clflush, clflushopt, avx512_vbmi2, avx512_vbmi, hv, rdtscp, rdpid, fsrm, gfni, avx512_bitalg, f16c, cet_ss, avx512_ifma
Processor Information for the first 8 processors :
  Max Mhz: 4201, Current Mhz: 4201, Mhz Limit: 4201

Memory: 4k page, system-wide physical 32313M (6139M free)
TotalPageFile size 64093M (AvailPageFile size 7217M)
current process WorkingSet (physical memory assigned to process): 108M, peak: 138M
current process commit charge ("private bytes"): 1048M, peak: 1093M

vm_info: OpenJDK 64-Bit Server VM (24.0.1+9-30) for windows-amd64 JRE (24.0.1+9-30), built on 2025-03-05T07:23:45Z with MS VC++ 17.6 (VS2022)

END.
