#
# A fatal error has been detected by the Java Runtime Environment:
#
#  EXCEPTION_ACCESS_VIOLATION (0xc0000005) at pc=0x000001860840362a, pid=112396, tid=45436
#
# JRE version: OpenJDK Runtime Environment (24.0.1+9) (build 24.0.1+9-30)
# Java VM: OpenJDK 64-Bit Server VM (24.0.1+9-30, mixed mode, sharing, tiered, compressed oops, compressed class ptrs, g1 gc, windows-amd64)
# Problematic frame:
# C  [GTIII-OSD64.dll+0x362a]
#
# No core dump will be written. Minidumps are not enabled by default on client versions of Windows
#
# If you would like to submit a bug report, please visit:
#   https://bugreport.java.com/bugreport/crash.jsp
#

---------------  S U M M A R Y ------------

Command Line: -Dfile.encoding=UTF-8 -Duser.country=DE -Duser.language=de -Duser.variant com.muteStone.Main

Host: AMD Ryzen 7 7800X3D 8-Core Processor           , 8 cores, 31G,  Windows 11 , 64 bit Build 22621 (10.0.22621.5262)
Time: Thu Jun  5 15:50:20 2025 Mitteleuropäische Sommerzeit elapsed time: 13.296958 seconds (0d 0h 0m 13s)

---------------  T H R E A D  ---------------

Current thread (0x000001863763c780):  VMThread "VM Thread"          [id=45436, stack(0x000000126b100000,0x000000126b200000) (1024K)]

Stack: [0x000000126b100000,0x000000126b200000],  sp=0x000000126b1fee40,  free space=1019k
Native frames: (J=compiled Java code, j=interpreted, Vv=VM code, C=native code)
C  [GTIII-OSD64.dll+0x362a]  (no source info available)
C  [GTIII-OSD64.dll+0x4010]  (no source info available)
C  [GTIII-OSD64.dll+0x34641]  (no source info available)
C  [GTIII-OSD64.dll+0x37320]  (no source info available)
C  [GTIII-OSD64.dll+0x3077a]  (no source info available)
C  [GTIII-OSD64.dll+0x307f7]  (no source info available)
C  [GTIII-OSD64.dll+0x30d47]  (no source info available)
C  [GTIII-OSD64.dll+0xd8fef]  (no source info available)
C  [ntdll.dll+0x28baf]  (no source info available)
C  [ntdll.dll+0x515b6]  (no source info available)
C  [ntdll.dll+0x511ad]  (no source info available)
C  [KERNEL32.DLL+0x17fcb]  (no source info available)
C  [ucrtbase.dll+0x1bed8]  (no source info available)
C  [ucrtbase.dll+0x1c099]  (no source info available)
V  [jvm.dll+0x72919c]  (no source info available)
V  [jvm.dll+0x728cd0]  (no source info available)
V  [jvm.dll+0x41b404]  (no source info available)
V  [jvm.dll+0x8e2742]  (no source info available)
V  [jvm.dll+0x8e3a8c]  (no source info available)
V  [jvm.dll+0x8e3ff8]  (no source info available)
V  [jvm.dll+0x8e4293]  (no source info available)
V  [jvm.dll+0x87d76b]  (no source info available)
V  [jvm.dll+0x72ee55]  (no source info available)
C  [ucrtbase.dll+0x29333]  (no source info available)
C  [KERNEL32.DLL+0x1259d]  (no source info available)
C  [ntdll.dll+0x5af58]  (no source info available)


siginfo: EXCEPTION_ACCESS_VIOLATION (0xc0000005), reading address 0x00007ff9e13c83c0


Registers:
RAX=0x0000000000000000, RBX=0x00000186106b09e0, RCX=0x0000000000000006, RDX=0x0000000000000000
RSP=0x000000126b1fee40, RBP=0x0000000000000000, RSI=0x00007ff9e13c83c0, RDI=0x00007ff9e13c83c0
R8 =0x000000126b1feec0, R9 =0x0000000000000000, R10=0x0000000000000000, R11=0x000000126b1fee50
R12=0x000000126b1feec0, R13=0x00007ff90ef4cae0, R14=0x0000000000000005, R15=0x0000000000000006
RIP=0x000001860840362a, EFLAGS=0x0000000000010246

XMM[0]=0x0000000000000000 0x0000000000000000
XMM[1]=0x0000000000000000 0x0000000000000000
XMM[2]=0x0000000000000000 0x0000000000000000
XMM[3]=0x0000000000000000 0x0000000000000000
XMM[4]=0x0000000000000000 0x0000000000000000
XMM[5]=0x0000000000000000 0x0000000000000000
XMM[6]=0x0000000000000000 0x0000000000000000
XMM[7]=0x0000000000000000 0x404e000000000000
XMM[8]=0x0000000000000000 0x0000000000000000
XMM[9]=0x0000000000000000 0x0000000000000000
XMM[10]=0x0000000000000000 0x0000000000000000
XMM[11]=0x0000000000000000 0x0000000000000000
XMM[12]=0x0000000000000000 0x0000000000000000
XMM[13]=0x0000000000000000 0x0000000000000000
XMM[14]=0x0000000000000000 0x0000000000000000
XMM[15]=0x0000000000000000 0x0000000000000000
  MXCSR=0x00001fa0


Register to memory mapping:

RAX=0x0 is null
RBX=0x00000186106b09e0 points into unknown readable memory: 0x0000000000000001 | 01 00 00 00 00 00 00 00
RCX=0x0000000000000006 is an unknown value
RDX=0x0 is null
RSP=0x000000126b1fee40 points into unknown readable memory: 0x0000ff2c208431c2 | c2 31 84 20 2c ff 00 00
RBP=0x0 is null
RSI=0x00007ff9e13c83c0 is an unknown value
RDI=0x00007ff9e13c83c0 is an unknown value
R8 =0x000000126b1feec0 points into unknown readable memory: 0x0000000000000000 | 00 00 00 00 00 00 00 00
R9 =0x0 is null
R10=0x0 is null
R11=0x000000126b1fee50 points into unknown readable memory: 0x0000018608400000 | 00 00 40 08 86 01 00 00
R12=0x000000126b1feec0 points into unknown readable memory: 0x0000000000000000 | 00 00 00 00 00 00 00 00
R13=0x00007ff90ef4cae0 jvm.dll
R14=0x0000000000000005 is an unknown value
R15=0x0000000000000006 is an unknown value

Top of Stack: (sp=0x000000126b1fee40)
0x000000126b1fee40:   0000ff2c208431c2 0000000000000000   .1. ,...........
0x000000126b1fee50:   0000018608400000 0000000000000002   ..@.............
0x000000126b1fee60:   0000000000000000 000001860840347f   .........4@.....
0x000000126b1fee70:   0000000000000001 0000018608400000   ..........@.....
0x000000126b1fee80:   00000186084d9094 0000000000000002   ..M.............
0x000000126b1fee90:   0000000000000000 0000018608404010   .........@@.....
0x000000126b1feea0:   0000000000000001 0000000000000006   ................
0x000000126b1feeb0:   000000126b1ff2b0 0000000000000aa0   ...k............
0x000000126b1feec0:   0000000000000000 0000000000000000   ................
0x000000126b1feed0:   0000000000000001 0000018608434641   ........AFC.....
0x000000126b1feee0:   0000000000000001 0000018608400000   ..........@.....
0x000000126b1feef0:   000000126b1fee68 0000000000000000   h..k............
0x000000126b1fef00:   0000000000000001 0000018608437320   ........ sC.....
0x000000126b1fef10:   000001867f731610 000000000000b17c   ..s.....|.......
0x000000126b1fef20:   00000186104ce3c4 000000000001b70c   ..L.............
0x000000126b1fef30:   000000000001b70c 000001860843077a   ........z.C.....
0x000000126b1fef40:   0000000000000000 00007ffa6a2d7511   .........u-j....
0x000000126b1fef50:   000000000000c425 0000018608400000   %.........@.....
0x000000126b1fef60:   0000000000000000 00000186084307f7   ..........C.....
0x000000126b1fef70:   0000000000000000 000001867f731620   ........ .s.....
0x000000126b1fef80:   000000126b1fef70 00007ffa00000001   p..k............
0x000000126b1fef90:   0000000000000000 0000018608430d47   ........G.C.....
0x000000126b1fefa0:   0000000000000000 00007ffa6bf16b47   ........Gk.k....
0x000000126b1fefb0:   0000000000000000 00007ffa6428288d   .........((d....
0x000000126b1fefc0:   0000000000000001 0000000000000001   ................
0x000000126b1fefd0:   0000000000000000 00007ffa6bf18b13   ...........k....
0x000000126b1fefe0:   0000000000000001 00000186084d8fef   ..........M.....
0x000000126b1feff0:   0000000000000001 000000007ffe0385   ................
0x000000126b1ff000:   0000000000000000 00000000516bfad5   ..........kQ....
0x000000126b1ff010:   00000186116bff28 00007ffa697e364b   (.k.....K6~i....
0x000000126b1ff020:   0000000000000001 0000000000000016   ................
0x000000126b1ff030:   0000018608400000 000000007ffe0384   ..@.............

Instructions: (pc=0x000001860840362a)
  0x000001860840352a:   00 48 8b 43 08 48 89 44 24 20 48 8b 43 18 48 83
  0x000001860840353a:   c0 1e 48 89 44 24 28 e8 4a 0b 00 00 85 c0 75 07
  0x000001860840354a:   b8 08 00 00 00 eb 5b 83 7c 24 34 00 48 8b 4b 08
  0x000001860840355a:   74 16 8b 41 fb 89 43 20 0f b7 41 ff 66 89 43 24
  0x000001860840356a:   8a 41 01 88 43 26 eb 0b 8b 01 89 43 20 8a 41 04
  0x000001860840357a:   88 43 24 8a 44 24 34 80 63 28 fe 24 01 08 43 28
  0x000001860840358a:   8b 44 24 38 83 63 2c f0 83 e0 0f 09 43 2c 48 8b
  0x000001860840359a:   44 24 3c 48 89 43 30 48 8b 44 24 44 48 89 43 38
  0x00000186084035aa:   33 c0 48 8b 4c 24 50 48 33 cc e8 d7 4a 0d 00 48
  0x00000186084035ba:   83 c4 60 5b c3 cc 48 89 5c 24 10 48 89 6c 24 18
  0x00000186084035ca:   56 57 41 54 41 56 41 57 48 83 ec 30 8b d9 4d 8b
  0x00000186084035da:   e0 48 c1 e3 06 8b ea 48 03 1d 48 35 0b 08 44 8b
  0x00000186084035ea:   f9 4c 8b 73 08 49 8b fe 85 d2 74 10 41 8b cf e8
  0x00000186084035fa:   fe fe ff ff 85 c0 0f 85 19 01 00 00 8a 43 28 24
  0x000001860840360a:   01 74 04 49 8d 7e fb 84 c0 49 8d 76 fb 0f b6 c0
  0x000001860840361a:   49 0f 44 f6 4c 8d 34 45 05 00 00 00 85 ed 75 35
=>0x000001860840362a:   80 3e e9 75 30 48 63 46 01 4c 8d 56 f5 4c 03 d0
  0x000001860840363a:   4c 39 53 18 74 1f 48 8b 53 08 4c 8d 0d 75 ff ff
  0x000001860840364a:   ff 49 8b 4a 08 45 8b c7 4c 89 64 24 20 41 ff 12
  0x000001860840365a:   e9 c0 00 00 00 4c 8d 4c 24 60 41 b8 40 00 00 00
  0x000001860840366a:   49 8b d6 48 8b cf ff 15 12 4d 12 00 85 c0 75 0a
  0x000001860840367a:   b8 0a 00 00 00 e9 9b 00 00 00 85 ed 74 1f c6 06
  0x000001860840368a:   e9 8b 43 18 2b c7 83 c0 0b 89 46 01 f6 43 28 01
  0x000001860840369a:   74 2c 48 8b 43 08 66 c7 00 eb f9 eb 21 8b 43 20
  0x00000186084036aa:   f6 43 28 01 89 07 74 10 0f b7 43 24 66 89 47 04
  0x00000186084036ba:   8a 43 26 88 47 06 eb 06 8a 43 24 88 47 04 44 8b
  0x00000186084036ca:   44 24 60 4c 8d 4c 24 60 49 8b d6 48 8b cf ff 15
  0x00000186084036da:   aa 4c 12 00 ff 15 7c 4a 12 00 4d 8b c6 48 8b d7
  0x00000186084036ea:   48 8b c8 ff 15 a5 4b 12 00 44 8b c5 41 8b d7 49
  0x00000186084036fa:   8b cc e8 e3 fb ff ff 80 63 28 fd 40 80 e5 01 40
  0x000001860840370a:   8a c5 40 c0 e5 02 02 c0 0a 43 28 24 fb 40 0a c5
  0x000001860840371a:   88 43 28 33 c0 48 8b 5c 24 68 48 8b 6c 24 70 48


Stack slot to memory mapping:

stack at sp + 0 slots: 0x0000ff2c208431c2 is an unknown value
stack at sp + 1 slots: 0x0 is null
stack at sp + 2 slots: 0x0000018608400000 GTIII-OSD64.dll
stack at sp + 3 slots: 0x0000000000000002 is an unknown value
stack at sp + 4 slots: 0x0 is null
stack at sp + 5 slots: 0x000001860840347f GTIII-OSD64.dll
stack at sp + 6 slots: 0x0000000000000001 is an unknown value
stack at sp + 7 slots: 0x0000018608400000 GTIII-OSD64.dll

VM_Operation (0x000000126c1fea90): Exit, mode: safepoint, requested by thread 0x000001867f3c2b90


---------------  P R O C E S S  ---------------

Threads class SMR info:
_java_thread_list=0x000001867f4e4ea0, length=15, elements={
0x000001863764df00, 0x000001867d000080, 0x000001867d0063f0, 0x000001867d007140,
0x000001867d0083f0, 0x000001867d00a3d0, 0x000001867d00ac00, 0x000001867d015b70,
0x000001867d0e0ad0, 0x000001867d0e2230, 0x000001867d3f95c0, 0x000001867d7b4cc0,
0x000001867f3c2b90, 0x00000186116df210, 0x000001867f537ba0
}

Java Threads: ( => current thread )
  0x000001863764df00 JavaThread "Reference Handler"          daemon [_thread_blocked, id=110792, stack(0x000000126b200000,0x000000126b300000) (1024K)]
  0x000001867d000080 JavaThread "Finalizer"                  daemon [_thread_blocked, id=112080, stack(0x000000126b300000,0x000000126b400000) (1024K)]
  0x000001867d0063f0 JavaThread "Signal Dispatcher"          daemon [_thread_blocked, id=118756, stack(0x000000126b400000,0x000000126b500000) (1024K)]
  0x000001867d007140 JavaThread "Attach Listener"            daemon [_thread_blocked, id=95416, stack(0x000000126b500000,0x000000126b600000) (1024K)]
  0x000001867d0083f0 JavaThread "Service Thread"             daemon [_thread_blocked, id=113412, stack(0x000000126b600000,0x000000126b700000) (1024K)]
  0x000001867d00a3d0 JavaThread "Monitor Deflation Thread"   daemon [_thread_blocked, id=120656, stack(0x000000126b700000,0x000000126b800000) (1024K)]
  0x000001867d00ac00 JavaThread "C2 CompilerThread0"         daemon [_thread_blocked, id=47996, stack(0x000000126b800000,0x000000126b900000) (1024K)]
  0x000001867d015b70 JavaThread "C1 CompilerThread0"         daemon [_thread_blocked, id=110848, stack(0x000000126b900000,0x000000126ba00000) (1024K)]
  0x000001867d0e0ad0 JavaThread "Notification Thread"        daemon [_thread_blocked, id=117164, stack(0x000000126ba00000,0x000000126bb00000) (1024K)]
  0x000001867d0e2230 JavaThread "Common-Cleaner"             daemon [_thread_blocked, id=99744, stack(0x000000126bb00000,0x000000126bc00000) (1024K)]
  0x000001867d3f95c0 JavaThread "Java2D Disposer"            daemon [_thread_blocked, id=105292, stack(0x000000126bd00000,0x000000126be00000) (1024K)]
  0x000001867d7b4cc0 JavaThread "AWT-Shutdown"                      [_thread_blocked, id=119368, stack(0x000000126be00000,0x000000126bf00000) (1024K)]
  0x000001867f3c2b90 JavaThread "AWT-EventQueue-0"                  [_thread_blocked, id=104100, stack(0x000000126c100000,0x000000126c200000) (1024K)]
  0x00000186116df210 JavaThread "DestroyJavaVM"                     [_thread_blocked, id=114884, stack(0x000000126aa00000,0x000000126ab00000) (1024K)]
  0x000001867f537ba0 JavaThread "TimerQueue"                 daemon [_thread_blocked, id=96496, stack(0x000000126c600000,0x000000126c700000) (1024K)]
Total: 15

Other Threads:
=>0x000001863763c780 VMThread "VM Thread"                           [id=45436, stack(0x000000126b100000,0x000000126b200000) (1024K)]
  0x00000186119353d0 WorkerThread "GC Thread#0"                     [id=61516, stack(0x000000126ab00000,0x000000126ac00000) (1024K)]
  0x0000018611949fc0 ConcurrentGCThread "G1 Main Marker"            terminated
  0x000001861194b270 WorkerThread "G1 Conc#0"                       [id=120504, stack(0x000000126ad00000,0x000000126ae00000) (1024K)]
  0x00000186374e8b50 ConcurrentGCThread "G1 Refine#0"               terminated
  0x00000186374e96d0 ConcurrentGCThread "G1 Service"                terminated
Total: 6

Threads with active compile tasks:
Total: 0

VM state: at safepoint (shutting down)

VM Mutex/Monitor currently owned by a thread:  ([mutex/lock_event])
[0x00007ff90ef244b0] Threads_lock - owner thread: 0x000001863763c780
[0x00007ff90ef245b0] Heap_lock - owner thread: 0x000001867f3c2b90

Heap address: 0x0000000607000000, size: 8080 MB, Compressed Oops mode: Zero based, Oop shift amount: 3

CDS archive(s) mapped at: [0x0000018638000000-0x0000018638d40000-0x0000018638d40000), size 13893632, SharedBaseAddress: 0x0000018638000000, ArchiveRelocationMode: 1.
Compressed class space mapped at: 0x0000018639000000-0x0000018679000000, reserved size: 1073741824
UseCompressedClassPointers 1, UseCompactObjectHeaders 0
Narrow klass pointer bits 32, Max shift 3
Narrow klass base: 0x0000018638000000, Narrow klass shift: 0
Encoding Range: [0x0000018638000000 - 0x0000018738000000), (4294967296 bytes)
Klass Range:    [0x0000018638000000 - 0x0000018679000000), (1090519040 bytes)
Klass ID Range:  [8 - 1090519033) (1090519025)

GC Precious Log:
 CardTable entry size: 512
 Card Set container configuration: InlinePtr #cards 4 size 8 Array Of Cards #cards 32 size 80 Howl #buckets 8 coarsen threshold 7372 Howl Bitmap #cards 1024 size 144 coarsen threshold 921 Card regions per heap region 1 cards per card region 8192
 CPUs: 8 total, 8 available
 Memory: 32313M
 Large Page Support: Disabled
 NUMA Support: Disabled
 Compressed Oops: Enabled (Zero based)
 Heap Region Size: 4M
 Heap Min Capacity: 8M
 Heap Initial Capacity: 508M
 Heap Max Capacity: 8080M
 Pre-touch: Disabled
 Parallel Workers: 8
 Concurrent Workers: 2
 Concurrent Refinement Workers: 8
 Periodic GC: Disabled

Heap:
 garbage-first heap   total reserved 8273920K, committed 524288K, used 42096K [0x0000000607000000, 0x0000000800000000)
  region size 4096K, 11 young (45056K), 0 survivors (0K)
 Metaspace       used 17289K, committed 17600K, reserved 1114112K
  class space    used 1603K, committed 1728K, reserved 1048576K

Heap Regions: E=young(eden), S=young(survivor), O=old, HS=humongous(starts), HC=humongous(continues), CS=collection set, F=free, TAMS=top-at-mark-start, PB=parsable bottom
|   0|0x0000000607000000, 0x0000000607000000, 0x0000000607400000|  0%| F|  |TAMS 0x0000000607000000| PB 0x0000000607000000| Untracked |  0
|   1|0x0000000607400000, 0x0000000607400000, 0x0000000607800000|  0%| F|  |TAMS 0x0000000607400000| PB 0x0000000607400000| Untracked |  0
|   2|0x0000000607800000, 0x0000000607800000, 0x0000000607c00000|  0%| F|  |TAMS 0x0000000607800000| PB 0x0000000607800000| Untracked |  0
|   3|0x0000000607c00000, 0x0000000607c00000, 0x0000000608000000|  0%| F|  |TAMS 0x0000000607c00000| PB 0x0000000607c00000| Untracked |  0
|   4|0x0000000608000000, 0x0000000608000000, 0x0000000608400000|  0%| F|  |TAMS 0x0000000608000000| PB 0x0000000608000000| Untracked |  0
|   5|0x0000000608400000, 0x0000000608400000, 0x0000000608800000|  0%| F|  |TAMS 0x0000000608400000| PB 0x0000000608400000| Untracked |  0
|   6|0x0000000608800000, 0x0000000608800000, 0x0000000608c00000|  0%| F|  |TAMS 0x0000000608800000| PB 0x0000000608800000| Untracked |  0
|   7|0x0000000608c00000, 0x0000000608c00000, 0x0000000609000000|  0%| F|  |TAMS 0x0000000608c00000| PB 0x0000000608c00000| Untracked |  0
|   8|0x0000000609000000, 0x0000000609000000, 0x0000000609400000|  0%| F|  |TAMS 0x0000000609000000| PB 0x0000000609000000| Untracked |  0
|   9|0x0000000609400000, 0x0000000609400000, 0x0000000609800000|  0%| F|  |TAMS 0x0000000609400000| PB 0x0000000609400000| Untracked |  0
|  10|0x0000000609800000, 0x0000000609800000, 0x0000000609c00000|  0%| F|  |TAMS 0x0000000609800000| PB 0x0000000609800000| Untracked |  0
|  11|0x0000000609c00000, 0x0000000609c00000, 0x000000060a000000|  0%| F|  |TAMS 0x0000000609c00000| PB 0x0000000609c00000| Untracked |  0
|  12|0x000000060a000000, 0x000000060a000000, 0x000000060a400000|  0%| F|  |TAMS 0x000000060a000000| PB 0x000000060a000000| Untracked |  0
|  13|0x000000060a400000, 0x000000060a400000, 0x000000060a800000|  0%| F|  |TAMS 0x000000060a400000| PB 0x000000060a400000| Untracked |  0
|  14|0x000000060a800000, 0x000000060a800000, 0x000000060ac00000|  0%| F|  |TAMS 0x000000060a800000| PB 0x000000060a800000| Untracked |  0
|  15|0x000000060ac00000, 0x000000060ac00000, 0x000000060b000000|  0%| F|  |TAMS 0x000000060ac00000| PB 0x000000060ac00000| Untracked |  0
|  16|0x000000060b000000, 0x000000060b000000, 0x000000060b400000|  0%| F|  |TAMS 0x000000060b000000| PB 0x000000060b000000| Untracked |  0
|  17|0x000000060b400000, 0x000000060b400000, 0x000000060b800000|  0%| F|  |TAMS 0x000000060b400000| PB 0x000000060b400000| Untracked |  0
|  18|0x000000060b800000, 0x000000060b800000, 0x000000060bc00000|  0%| F|  |TAMS 0x000000060b800000| PB 0x000000060b800000| Untracked |  0
|  19|0x000000060bc00000, 0x000000060bc00000, 0x000000060c000000|  0%| F|  |TAMS 0x000000060bc00000| PB 0x000000060bc00000| Untracked |  0
|  20|0x000000060c000000, 0x000000060c000000, 0x000000060c400000|  0%| F|  |TAMS 0x000000060c000000| PB 0x000000060c000000| Untracked |  0
|  21|0x000000060c400000, 0x000000060c400000, 0x000000060c800000|  0%| F|  |TAMS 0x000000060c400000| PB 0x000000060c400000| Untracked |  0
|  22|0x000000060c800000, 0x000000060c800000, 0x000000060cc00000|  0%| F|  |TAMS 0x000000060c800000| PB 0x000000060c800000| Untracked |  0
|  23|0x000000060cc00000, 0x000000060cc00000, 0x000000060d000000|  0%| F|  |TAMS 0x000000060cc00000| PB 0x000000060cc00000| Untracked |  0
|  24|0x000000060d000000, 0x000000060d000000, 0x000000060d400000|  0%| F|  |TAMS 0x000000060d000000| PB 0x000000060d000000| Untracked |  0
|  25|0x000000060d400000, 0x000000060d400000, 0x000000060d800000|  0%| F|  |TAMS 0x000000060d400000| PB 0x000000060d400000| Untracked |  0
|  26|0x000000060d800000, 0x000000060d800000, 0x000000060dc00000|  0%| F|  |TAMS 0x000000060d800000| PB 0x000000060d800000| Untracked |  0
|  27|0x000000060dc00000, 0x000000060dc00000, 0x000000060e000000|  0%| F|  |TAMS 0x000000060dc00000| PB 0x000000060dc00000| Untracked |  0
|  28|0x000000060e000000, 0x000000060e000000, 0x000000060e400000|  0%| F|  |TAMS 0x000000060e000000| PB 0x000000060e000000| Untracked |  0
|  29|0x000000060e400000, 0x000000060e400000, 0x000000060e800000|  0%| F|  |TAMS 0x000000060e400000| PB 0x000000060e400000| Untracked |  0
|  30|0x000000060e800000, 0x000000060e800000, 0x000000060ec00000|  0%| F|  |TAMS 0x000000060e800000| PB 0x000000060e800000| Untracked |  0
|  31|0x000000060ec00000, 0x000000060ec00000, 0x000000060f000000|  0%| F|  |TAMS 0x000000060ec00000| PB 0x000000060ec00000| Untracked |  0
|  32|0x000000060f000000, 0x000000060f000000, 0x000000060f400000|  0%| F|  |TAMS 0x000000060f000000| PB 0x000000060f000000| Untracked |  0
|  33|0x000000060f400000, 0x000000060f400000, 0x000000060f800000|  0%| F|  |TAMS 0x000000060f400000| PB 0x000000060f400000| Untracked |  0
|  34|0x000000060f800000, 0x000000060f800000, 0x000000060fc00000|  0%| F|  |TAMS 0x000000060f800000| PB 0x000000060f800000| Untracked |  0
|  35|0x000000060fc00000, 0x000000060fc00000, 0x0000000610000000|  0%| F|  |TAMS 0x000000060fc00000| PB 0x000000060fc00000| Untracked |  0
|  36|0x0000000610000000, 0x0000000610000000, 0x0000000610400000|  0%| F|  |TAMS 0x0000000610000000| PB 0x0000000610000000| Untracked |  0
|  37|0x0000000610400000, 0x0000000610400000, 0x0000000610800000|  0%| F|  |TAMS 0x0000000610400000| PB 0x0000000610400000| Untracked |  0
|  38|0x0000000610800000, 0x0000000610800000, 0x0000000610c00000|  0%| F|  |TAMS 0x0000000610800000| PB 0x0000000610800000| Untracked |  0
|  39|0x0000000610c00000, 0x0000000610c00000, 0x0000000611000000|  0%| F|  |TAMS 0x0000000610c00000| PB 0x0000000610c00000| Untracked |  0
|  40|0x0000000611000000, 0x0000000611000000, 0x0000000611400000|  0%| F|  |TAMS 0x0000000611000000| PB 0x0000000611000000| Untracked |  0
|  41|0x0000000611400000, 0x0000000611400000, 0x0000000611800000|  0%| F|  |TAMS 0x0000000611400000| PB 0x0000000611400000| Untracked |  0
|  42|0x0000000611800000, 0x0000000611800000, 0x0000000611c00000|  0%| F|  |TAMS 0x0000000611800000| PB 0x0000000611800000| Untracked |  0
|  43|0x0000000611c00000, 0x0000000611c00000, 0x0000000612000000|  0%| F|  |TAMS 0x0000000611c00000| PB 0x0000000611c00000| Untracked |  0
|  44|0x0000000612000000, 0x0000000612000000, 0x0000000612400000|  0%| F|  |TAMS 0x0000000612000000| PB 0x0000000612000000| Untracked |  0
|  45|0x0000000612400000, 0x0000000612400000, 0x0000000612800000|  0%| F|  |TAMS 0x0000000612400000| PB 0x0000000612400000| Untracked |  0
|  46|0x0000000612800000, 0x0000000612800000, 0x0000000612c00000|  0%| F|  |TAMS 0x0000000612800000| PB 0x0000000612800000| Untracked |  0
|  47|0x0000000612c00000, 0x0000000612c00000, 0x0000000613000000|  0%| F|  |TAMS 0x0000000612c00000| PB 0x0000000612c00000| Untracked |  0
|  48|0x0000000613000000, 0x0000000613000000, 0x0000000613400000|  0%| F|  |TAMS 0x0000000613000000| PB 0x0000000613000000| Untracked |  0
|  49|0x0000000613400000, 0x0000000613400000, 0x0000000613800000|  0%| F|  |TAMS 0x0000000613400000| PB 0x0000000613400000| Untracked |  0
|  50|0x0000000613800000, 0x0000000613800000, 0x0000000613c00000|  0%| F|  |TAMS 0x0000000613800000| PB 0x0000000613800000| Untracked |  0
|  51|0x0000000613c00000, 0x0000000613c00000, 0x0000000614000000|  0%| F|  |TAMS 0x0000000613c00000| PB 0x0000000613c00000| Untracked |  0
|  52|0x0000000614000000, 0x0000000614000000, 0x0000000614400000|  0%| F|  |TAMS 0x0000000614000000| PB 0x0000000614000000| Untracked |  0
|  53|0x0000000614400000, 0x0000000614400000, 0x0000000614800000|  0%| F|  |TAMS 0x0000000614400000| PB 0x0000000614400000| Untracked |  0
|  54|0x0000000614800000, 0x0000000614800000, 0x0000000614c00000|  0%| F|  |TAMS 0x0000000614800000| PB 0x0000000614800000| Untracked |  0
|  55|0x0000000614c00000, 0x0000000614c00000, 0x0000000615000000|  0%| F|  |TAMS 0x0000000614c00000| PB 0x0000000614c00000| Untracked |  0
|  56|0x0000000615000000, 0x0000000615000000, 0x0000000615400000|  0%| F|  |TAMS 0x0000000615000000| PB 0x0000000615000000| Untracked |  0
|  57|0x0000000615400000, 0x0000000615400000, 0x0000000615800000|  0%| F|  |TAMS 0x0000000615400000| PB 0x0000000615400000| Untracked |  0
|  58|0x0000000615800000, 0x0000000615800000, 0x0000000615c00000|  0%| F|  |TAMS 0x0000000615800000| PB 0x0000000615800000| Untracked |  0
|  59|0x0000000615c00000, 0x0000000615c00000, 0x0000000616000000|  0%| F|  |TAMS 0x0000000615c00000| PB 0x0000000615c00000| Untracked |  0
|  60|0x0000000616000000, 0x0000000616000000, 0x0000000616400000|  0%| F|  |TAMS 0x0000000616000000| PB 0x0000000616000000| Untracked |  0
|  61|0x0000000616400000, 0x0000000616400000, 0x0000000616800000|  0%| F|  |TAMS 0x0000000616400000| PB 0x0000000616400000| Untracked |  0
|  62|0x0000000616800000, 0x0000000616800000, 0x0000000616c00000|  0%| F|  |TAMS 0x0000000616800000| PB 0x0000000616800000| Untracked |  0
|  63|0x0000000616c00000, 0x0000000616c00000, 0x0000000617000000|  0%| F|  |TAMS 0x0000000616c00000| PB 0x0000000616c00000| Untracked |  0
|  64|0x0000000617000000, 0x0000000617000000, 0x0000000617400000|  0%| F|  |TAMS 0x0000000617000000| PB 0x0000000617000000| Untracked |  0
|  65|0x0000000617400000, 0x0000000617400000, 0x0000000617800000|  0%| F|  |TAMS 0x0000000617400000| PB 0x0000000617400000| Untracked |  0
|  66|0x0000000617800000, 0x0000000617800000, 0x0000000617c00000|  0%| F|  |TAMS 0x0000000617800000| PB 0x0000000617800000| Untracked |  0
|  67|0x0000000617c00000, 0x0000000617c00000, 0x0000000618000000|  0%| F|  |TAMS 0x0000000617c00000| PB 0x0000000617c00000| Untracked |  0
|  68|0x0000000618000000, 0x0000000618000000, 0x0000000618400000|  0%| F|  |TAMS 0x0000000618000000| PB 0x0000000618000000| Untracked |  0
|  69|0x0000000618400000, 0x0000000618400000, 0x0000000618800000|  0%| F|  |TAMS 0x0000000618400000| PB 0x0000000618400000| Untracked |  0
|  70|0x0000000618800000, 0x0000000618800000, 0x0000000618c00000|  0%| F|  |TAMS 0x0000000618800000| PB 0x0000000618800000| Untracked |  0
|  71|0x0000000618c00000, 0x0000000618c00000, 0x0000000619000000|  0%| F|  |TAMS 0x0000000618c00000| PB 0x0000000618c00000| Untracked |  0
|  72|0x0000000619000000, 0x0000000619000000, 0x0000000619400000|  0%| F|  |TAMS 0x0000000619000000| PB 0x0000000619000000| Untracked |  0
|  73|0x0000000619400000, 0x0000000619400000, 0x0000000619800000|  0%| F|  |TAMS 0x0000000619400000| PB 0x0000000619400000| Untracked |  0
|  74|0x0000000619800000, 0x0000000619800000, 0x0000000619c00000|  0%| F|  |TAMS 0x0000000619800000| PB 0x0000000619800000| Untracked |  0
|  75|0x0000000619c00000, 0x0000000619c00000, 0x000000061a000000|  0%| F|  |TAMS 0x0000000619c00000| PB 0x0000000619c00000| Untracked |  0
|  76|0x000000061a000000, 0x000000061a000000, 0x000000061a400000|  0%| F|  |TAMS 0x000000061a000000| PB 0x000000061a000000| Untracked |  0
|  77|0x000000061a400000, 0x000000061a400000, 0x000000061a800000|  0%| F|  |TAMS 0x000000061a400000| PB 0x000000061a400000| Untracked |  0
|  78|0x000000061a800000, 0x000000061a800000, 0x000000061ac00000|  0%| F|  |TAMS 0x000000061a800000| PB 0x000000061a800000| Untracked |  0
|  79|0x000000061ac00000, 0x000000061ac00000, 0x000000061b000000|  0%| F|  |TAMS 0x000000061ac00000| PB 0x000000061ac00000| Untracked |  0
|  80|0x000000061b000000, 0x000000061b000000, 0x000000061b400000|  0%| F|  |TAMS 0x000000061b000000| PB 0x000000061b000000| Untracked |  0
|  81|0x000000061b400000, 0x000000061b400000, 0x000000061b800000|  0%| F|  |TAMS 0x000000061b400000| PB 0x000000061b400000| Untracked |  0
|  82|0x000000061b800000, 0x000000061b800000, 0x000000061bc00000|  0%| F|  |TAMS 0x000000061b800000| PB 0x000000061b800000| Untracked |  0
|  83|0x000000061bc00000, 0x000000061bc00000, 0x000000061c000000|  0%| F|  |TAMS 0x000000061bc00000| PB 0x000000061bc00000| Untracked |  0
|  84|0x000000061c000000, 0x000000061c000000, 0x000000061c400000|  0%| F|  |TAMS 0x000000061c000000| PB 0x000000061c000000| Untracked |  0
|  85|0x000000061c400000, 0x000000061c400000, 0x000000061c800000|  0%| F|  |TAMS 0x000000061c400000| PB 0x000000061c400000| Untracked |  0
|  86|0x000000061c800000, 0x000000061c800000, 0x000000061cc00000|  0%| F|  |TAMS 0x000000061c800000| PB 0x000000061c800000| Untracked |  0
|  87|0x000000061cc00000, 0x000000061cc00000, 0x000000061d000000|  0%| F|  |TAMS 0x000000061cc00000| PB 0x000000061cc00000| Untracked |  0
|  88|0x000000061d000000, 0x000000061d000000, 0x000000061d400000|  0%| F|  |TAMS 0x000000061d000000| PB 0x000000061d000000| Untracked |  0
|  89|0x000000061d400000, 0x000000061d400000, 0x000000061d800000|  0%| F|  |TAMS 0x000000061d400000| PB 0x000000061d400000| Untracked |  0
|  90|0x000000061d800000, 0x000000061d800000, 0x000000061dc00000|  0%| F|  |TAMS 0x000000061d800000| PB 0x000000061d800000| Untracked |  0
|  91|0x000000061dc00000, 0x000000061dc00000, 0x000000061e000000|  0%| F|  |TAMS 0x000000061dc00000| PB 0x000000061dc00000| Untracked |  0
|  92|0x000000061e000000, 0x000000061e000000, 0x000000061e400000|  0%| F|  |TAMS 0x000000061e000000| PB 0x000000061e000000| Untracked |  0
|  93|0x000000061e400000, 0x000000061e400000, 0x000000061e800000|  0%| F|  |TAMS 0x000000061e400000| PB 0x000000061e400000| Untracked |  0
|  94|0x000000061e800000, 0x000000061e800000, 0x000000061ec00000|  0%| F|  |TAMS 0x000000061e800000| PB 0x000000061e800000| Untracked |  0
|  95|0x000000061ec00000, 0x000000061ec00000, 0x000000061f000000|  0%| F|  |TAMS 0x000000061ec00000| PB 0x000000061ec00000| Untracked |  0
|  96|0x000000061f000000, 0x000000061f000000, 0x000000061f400000|  0%| F|  |TAMS 0x000000061f000000| PB 0x000000061f000000| Untracked |  0
|  97|0x000000061f400000, 0x000000061f400000, 0x000000061f800000|  0%| F|  |TAMS 0x000000061f400000| PB 0x000000061f400000| Untracked |  0
|  98|0x000000061f800000, 0x000000061f800000, 0x000000061fc00000|  0%| F|  |TAMS 0x000000061f800000| PB 0x000000061f800000| Untracked |  0
|  99|0x000000061fc00000, 0x000000061fc00000, 0x0000000620000000|  0%| F|  |TAMS 0x000000061fc00000| PB 0x000000061fc00000| Untracked |  0
| 100|0x0000000620000000, 0x0000000620000000, 0x0000000620400000|  0%| F|  |TAMS 0x0000000620000000| PB 0x0000000620000000| Untracked |  0
| 101|0x0000000620400000, 0x0000000620400000, 0x0000000620800000|  0%| F|  |TAMS 0x0000000620400000| PB 0x0000000620400000| Untracked |  0
| 102|0x0000000620800000, 0x0000000620800000, 0x0000000620c00000|  0%| F|  |TAMS 0x0000000620800000| PB 0x0000000620800000| Untracked |  0
| 103|0x0000000620c00000, 0x0000000620c00000, 0x0000000621000000|  0%| F|  |TAMS 0x0000000620c00000| PB 0x0000000620c00000| Untracked |  0
| 104|0x0000000621000000, 0x0000000621000000, 0x0000000621400000|  0%| F|  |TAMS 0x0000000621000000| PB 0x0000000621000000| Untracked |  0
| 105|0x0000000621400000, 0x0000000621400000, 0x0000000621800000|  0%| F|  |TAMS 0x0000000621400000| PB 0x0000000621400000| Untracked |  0
| 106|0x0000000621800000, 0x0000000621800000, 0x0000000621c00000|  0%| F|  |TAMS 0x0000000621800000| PB 0x0000000621800000| Untracked |  0
| 107|0x0000000621c00000, 0x0000000621c00000, 0x0000000622000000|  0%| F|  |TAMS 0x0000000621c00000| PB 0x0000000621c00000| Untracked |  0
| 108|0x0000000622000000, 0x0000000622000000, 0x0000000622400000|  0%| F|  |TAMS 0x0000000622000000| PB 0x0000000622000000| Untracked |  0
| 109|0x0000000622400000, 0x0000000622400000, 0x0000000622800000|  0%| F|  |TAMS 0x0000000622400000| PB 0x0000000622400000| Untracked |  0
| 110|0x0000000622800000, 0x0000000622800000, 0x0000000622c00000|  0%| F|  |TAMS 0x0000000622800000| PB 0x0000000622800000| Untracked |  0
| 111|0x0000000622c00000, 0x0000000622c00000, 0x0000000623000000|  0%| F|  |TAMS 0x0000000622c00000| PB 0x0000000622c00000| Untracked |  0
| 112|0x0000000623000000, 0x0000000623000000, 0x0000000623400000|  0%| F|  |TAMS 0x0000000623000000| PB 0x0000000623000000| Untracked |  0
| 113|0x0000000623400000, 0x0000000623400000, 0x0000000623800000|  0%| F|  |TAMS 0x0000000623400000| PB 0x0000000623400000| Untracked |  0
| 114|0x0000000623800000, 0x0000000623800000, 0x0000000623c00000|  0%| F|  |TAMS 0x0000000623800000| PB 0x0000000623800000| Untracked |  0
| 115|0x0000000623c00000, 0x0000000623c00000, 0x0000000624000000|  0%| F|  |TAMS 0x0000000623c00000| PB 0x0000000623c00000| Untracked |  0
| 116|0x0000000624000000, 0x00000006242e14e0, 0x0000000624400000| 72%| E|  |TAMS 0x0000000624000000| PB 0x0000000624000000| Complete |  0
| 117|0x0000000624400000, 0x0000000624800000, 0x0000000624800000|100%| E|CS|TAMS 0x0000000624400000| PB 0x0000000624400000| Complete |  0
| 118|0x0000000624800000, 0x0000000624c00000, 0x0000000624c00000|100%| E|CS|TAMS 0x0000000624800000| PB 0x0000000624800000| Complete |  0
| 119|0x0000000624c00000, 0x0000000625000000, 0x0000000625000000|100%| E|CS|TAMS 0x0000000624c00000| PB 0x0000000624c00000| Complete |  0
| 120|0x0000000625000000, 0x0000000625400000, 0x0000000625400000|100%| E|CS|TAMS 0x0000000625000000| PB 0x0000000625000000| Complete |  0
| 121|0x0000000625400000, 0x0000000625800000, 0x0000000625800000|100%| E|CS|TAMS 0x0000000625400000| PB 0x0000000625400000| Complete |  0
| 122|0x0000000625800000, 0x0000000625c00000, 0x0000000625c00000|100%| E|CS|TAMS 0x0000000625800000| PB 0x0000000625800000| Complete |  0
| 123|0x0000000625c00000, 0x0000000626000000, 0x0000000626000000|100%| E|CS|TAMS 0x0000000625c00000| PB 0x0000000625c00000| Complete |  0
| 124|0x0000000626000000, 0x0000000626400000, 0x0000000626400000|100%| E|CS|TAMS 0x0000000626000000| PB 0x0000000626000000| Complete |  0
| 125|0x0000000626400000, 0x0000000626800000, 0x0000000626800000|100%| E|CS|TAMS 0x0000000626400000| PB 0x0000000626400000| Complete |  0
| 126|0x0000000626800000, 0x0000000626c00000, 0x0000000626c00000|100%| E|CS|TAMS 0x0000000626800000| PB 0x0000000626800000| Complete |  0
|2019|0x00000007ffc00000, 0x00000007ffd1c288, 0x0000000800000000| 27%| O|  |TAMS 0x00000007ffc00000| PB 0x00000007ffc00000| Untracked |  0

Card table byte_map: [0x000001862c4a0000,0x000001862d470000] _byte_map_base: 0x0000018629468000

Marking Bits: (CMBitMap*) 0x0000018611935ae0
 Bits: [0x000001862d470000, 0x00000186352b0000)

Polling page: 0x0000018611960000

Metaspace:

Usage:
  Non-class:     15.32 MB used.
      Class:      1.57 MB used.
       Both:     16.88 MB used.

Virtual space:
  Non-class space:       64.00 MB reserved,      15.50 MB ( 24%) committed,  1 nodes.
      Class space:        1.00 GB reserved,       1.69 MB ( <1%) committed,  1 nodes.
             Both:        1.06 GB reserved,      17.19 MB (  2%) committed. 

Chunk freelists:
   Non-Class:  308.00 KB
       Class:  14.14 MB
        Both:  14.44 MB

MaxMetaspaceSize: unlimited
CompressedClassSpaceSize: 1.00 GB
Initial GC threshold: 21.00 MB
Current GC threshold: 21.00 MB
CDS: on
 - commit_granule_bytes: 65536.
 - commit_granule_words: 8192.
 - virtual_space_node_default_size: 8388608.
 - enlarge_chunks_in_place: 1.
UseCompressedClassPointers 1, UseCompactObjectHeaders 0
Narrow klass pointer bits 32, Max shift 3
Narrow klass base: 0x0000018638000000, Narrow klass shift: 0
Encoding Range: [0x0000018638000000 - 0x0000018738000000), (4294967296 bytes)
Klass Range:    [0x0000018638000000 - 0x0000018679000000), (1090519040 bytes)
Klass ID Range:  [8 - 1090519033) (1090519025)


Internal statistics:

num_allocs_failed_limit: 0.
num_arena_births: 202.
num_arena_deaths: 0.
num_vsnodes_births: 2.
num_vsnodes_deaths: 0.
num_space_committed: 275.
num_space_uncommitted: 0.
num_chunks_returned_to_freelist: 0.
num_chunks_taken_from_freelist: 402.
num_chunk_merges: 0.
num_chunk_splits: 286.
num_chunks_enlarged: 205.
num_inconsistent_stats: 0.

CodeHeap 'non-profiled nmethods': size=120064Kb used=803Kb max_used=803Kb free=119260Kb
 bounds [0x0000018623510000, 0x0000018623780000, 0x000001862aa50000]
CodeHeap 'profiled nmethods': size=120000Kb used=4500Kb max_used=4500Kb free=115499Kb
 bounds [0x000001861ba50000, 0x000001861bec0000, 0x0000018622f80000]
CodeHeap 'non-nmethods': size=5696Kb used=1788Kb max_used=1879Kb free=3908Kb
 bounds [0x0000018622f80000, 0x00000186231f0000, 0x0000018623510000]
CodeCache: size=245760Kb, used=7091Kb, max_used=7182Kb, free=238667Kb
 total_blobs=3391, nmethods=2618, adapters=677, full_count=0
Compilation: enabled, stopped_count=0, restarted_count=0

Compilation events (20 events):
Event: 11.832 Thread 0x000001867d00ac00 2609       4       java.util.IdentityHashMap::get (60 bytes)
Event: 11.834 Thread 0x000001867d00ac00 nmethod 2609 0x00000186235c9f08 code [0x00000186235ca040, 0x00000186235ca290]
Event: 11.839 Thread 0x000001867d00ac00 2610       4       java.util.HashSet::add (20 bytes)
Event: 11.840 Thread 0x000001867d00ac00 nmethod 2610 0x00000186235ca308 code [0x00000186235ca420, 0x00000186235ca590]
Event: 11.853 Thread 0x000001867d00ac00 2611   !   4       java.util.concurrent.locks.AbstractQueuedSynchronizer::acquire (448 bytes)
Event: 11.856 Thread 0x000001867d00ac00 nmethod 2611 0x00000186235ca608 code [0x00000186235ca780, 0x00000186235cbab8]
Event: 11.949 Thread 0x000001867d00ac00 2612       4       java.awt.LightweightDispatcher::retargetMouseEvent (372 bytes)
Event: 11.958 Thread 0x000001867d00ac00 nmethod 2612 0x00000186235cbb88 code [0x00000186235cbd20, 0x00000186235ccce0]
Event: 11.958 Thread 0x000001867d00ac00 2613       4       java.awt.event.InputEvent::consume (6 bytes)
Event: 11.958 Thread 0x000001867d00ac00 nmethod 2613 0x00000186235cce88 code [0x00000186235ccf80, 0x00000186235ccff8]
Event: 12.464 Thread 0x000001867d00ac00 2614   !   4       java.awt.EventQueue::setCurrentEventAndMostRecentTimeImpl (191 bytes)
Event: 12.467 Thread 0x000001867d00ac00 nmethod 2614 0x00000186235cd188 code [0x00000186235cd320, 0x00000186235cdc70]
Event: 12.570 Thread 0x000001867d00ac00 2615       4       java.awt.EventQueue::dispatchEvent (48 bytes)
Event: 12.585 Thread 0x000001867d00ac00 nmethod 2615 0x00000186235cde08 code [0x00000186235ce140, 0x00000186235cfcd0]
Event: 12.585 Thread 0x000001867d00ac00 2616       4       sun.awt.SunToolkit::postEvent (147 bytes)
Event: 12.591 Thread 0x000001867d00ac00 nmethod 2616 0x00000186235d0008 code [0x00000186235d02c0, 0x00000186235d1e98]
Event: 12.598 Thread 0x000001867d00ac00 2617   !   4       java.awt.Container::dispatchEventImpl (129 bytes)
Event: 12.659 Thread 0x000001867d00ac00 nmethod 2617 0x00000186235d2108 code [0x00000186235d2940, 0x00000186235d8990]
Event: 13.187 Thread 0x000001867d015b70 2618       3       java.util.HashMap$HashIterator::<init> (79 bytes)
Event: 13.187 Thread 0x000001867d015b70 nmethod 2618 0x000001861beb4c08 code [0x000001861beb4d40, 0x000001861beb5140]

GC Heap History (0 events):
No events

Dll operation events (9 events):
Event: 0.007 Loaded shared library C:\Users\Palgo\.jdks\openjdk-24.0.1\bin\java.dll
Event: 0.023 Loaded shared library C:\Users\Palgo\.jdks\openjdk-24.0.1\bin\jsvml.dll
Event: 0.041 Loaded shared library C:\Users\Palgo\.jdks\openjdk-24.0.1\bin\jimage.dll
Event: 0.045 Loaded shared library C:\Users\Palgo\.jdks\openjdk-24.0.1\bin\net.dll
Event: 0.046 Loaded shared library C:\Users\Palgo\.jdks\openjdk-24.0.1\bin\nio.dll
Event: 0.050 Loaded shared library C:\Users\Palgo\.jdks\openjdk-24.0.1\bin\zip.dll
Event: 0.058 Loaded shared library C:\Users\Palgo\.jdks\openjdk-24.0.1\bin\awt.dll
Event: 0.349 Loaded shared library C:\Users\Palgo\.jdks\openjdk-24.0.1\bin\freetype.dll
Event: 0.349 Loaded shared library C:\Users\Palgo\.jdks\openjdk-24.0.1\bin\fontmanager.dll

Deoptimization events (20 events):
Event: 9.525 Thread 0x000001867f3c2b90 DEOPT PACKING pc=0x0000018623564cfc sp=0x000000126c1fb400
Event: 9.525 Thread 0x000001867f3c2b90 DEOPT UNPACKING pc=0x00000186230a5902 sp=0x000000126c1fb380 mode 2
Event: 9.525 Thread 0x000001867f3c2b90 Uncommon trap: trap_request=0xffffffde fr.pc=0x0000018623564cfc relative=0x00000000000002bc
Event: 9.525 Thread 0x000001867f3c2b90 Uncommon trap: reason=class_check action=maybe_recompile pc=0x0000018623564cfc method=java.util.HashMap.getNode(Ljava/lang/Object;)Ljava/util/HashMap$Node; @ 82 c2
Event: 9.525 Thread 0x000001867f3c2b90 DEOPT PACKING pc=0x0000018623564cfc sp=0x000000126c1fb400
Event: 9.525 Thread 0x000001867f3c2b90 DEOPT UNPACKING pc=0x00000186230a5902 sp=0x000000126c1fb380 mode 2
Event: 9.584 Thread 0x000001867f3c2b90 DEOPT PACKING pc=0x000001861bdaf479 sp=0x000000126c1f9610
Event: 9.584 Thread 0x000001867f3c2b90 DEOPT UNPACKING pc=0x0000018622fd6642 sp=0x000000126c1f8a60 mode 0
Event: 9.643 Thread 0x000001867f3c2b90 Uncommon trap: trap_request=0xffffff6e fr.pc=0x00000186235bd868 relative=0x0000000000000268
Event: 9.643 Thread 0x000001867f3c2b90 Uncommon trap: reason=loop_limit_check action=maybe_recompile pc=0x00000186235bd868 method=java.math.BigInteger.implMulAdd([I[IIII)I @ 26 c2
Event: 9.643 Thread 0x000001867f3c2b90 DEOPT PACKING pc=0x00000186235bd868 sp=0x000000126c1fc660
Event: 9.643 Thread 0x000001867f3c2b90 DEOPT UNPACKING pc=0x00000186230a5902 sp=0x000000126c1fc5b0 mode 2
Event: 9.657 Thread 0x000001867f3c2b90 DEOPT PACKING pc=0x000001861bdb5af0 sp=0x000000126c1f9a60
Event: 9.657 Thread 0x000001867f3c2b90 DEOPT UNPACKING pc=0x0000018622fd6642 sp=0x000000126c1f8f68 mode 0
Event: 9.694 Thread 0x000001867f3c2b90 DEOPT PACKING pc=0x000001861bbfc5d4 sp=0x000000126c1feae0
Event: 9.694 Thread 0x000001867f3c2b90 DEOPT UNPACKING pc=0x0000018622fd6642 sp=0x000000126c1fdf78 mode 0
Event: 9.694 Thread 0x000001867f3c2b90 Uncommon trap: trap_request=0xffffff4d fr.pc=0x000001862358acf0 relative=0x0000000000000070
Event: 9.694 Thread 0x000001867f3c2b90 Uncommon trap: reason=unstable_if action=reinterpret pc=0x000001862358acf0 method=java.awt.Component.getInputContext()Ljava/awt/im/InputContext; @ 6 c2
Event: 9.694 Thread 0x000001867f3c2b90 DEOPT PACKING pc=0x000001862358acf0 sp=0x000000126c1fe610
Event: 9.694 Thread 0x000001867f3c2b90 DEOPT UNPACKING pc=0x00000186230a5902 sp=0x000000126c1fe5a0 mode 2

Classes loaded (20 events):
Event: 9.683 Loading class jdk/internal/classfile/impl/StackMapDecoder
Event: 9.683 Loading class jdk/internal/classfile/impl/StackMapDecoder done
Event: 9.684 Loading class jdk/internal/classfile/impl/StackMapDecoder$1
Event: 9.684 Loading class jdk/internal/classfile/impl/StackMapDecoder$1 done
Event: 9.685 Loading class java/lang/reflect/UndeclaredThrowableException
Event: 9.685 Loading class java/lang/reflect/UndeclaredThrowableException done
Event: 9.686 Loading class sun/invoke/util/ValueConversions$1
Event: 9.686 Loading class sun/invoke/util/ValueConversions$1 done
Event: 9.686 Loading class java/lang/invoke/BoundMethodHandle$Species_LI
Event: 9.686 Loading class java/lang/invoke/BoundMethodHandle$Species_LI done
Event: 9.690 Loading class java/lang/invoke/TypeConvertingMethodAdapter$1
Event: 9.690 Loading class java/lang/invoke/TypeConvertingMethodAdapter$1 done
Event: 9.690 Loading class java/lang/invoke/TypeConvertingMethodAdapter$BoxHolder
Event: 9.690 Loading class java/lang/invoke/TypeConvertingMethodAdapter$BoxHolder done
Event: 9.690 Loading class javax/swing/text/GapContent$RemoveUndo
Event: 9.691 Loading class javax/swing/text/GapContent$RemoveUndo done
Event: 9.691 Loading class javax/swing/text/GapContent$UndoPosRef
Event: 9.691 Loading class javax/swing/text/GapContent$UndoPosRef done
Event: 9.692 Loading class java/util/EnumMap$EntryIterator$Entry
Event: 9.692 Loading class java/util/EnumMap$EntryIterator$Entry done

Classes unloaded (0 events):
No events

Classes redefined (0 events):
No events

Internal exceptions (20 events):
Event: 0.354 Thread 0x00000186116df210 Exception <a 'java/lang/NoSuchMethodError'{0x00000006261c9318}: 'java.lang.Object java.lang.invoke.DirectMethodHandle$Holder.invokeInterface(java.lang.Object, java.lang.Object, long, long)'> (0x00000006261c9318) 
thrown [s\open\src\hotspot\share\interpreter\linkResolver.cpp, line 805]
Event: 0.354 Thread 0x00000186116df210 Exception <a 'java/lang/NoSuchMethodError'{0x00000006261e1c00}: 'void java.lang.invoke.DirectMethodHandle$Holder.invokeStaticInit(java.lang.Object, java.lang.Object, long, java.lang.Object)'> (0x00000006261e1c00) 
thrown [s\open\src\hotspot\share\interpreter\linkResolver.cpp, line 805]
Event: 0.354 Thread 0x00000186116df210 Exception <a 'java/lang/NoSuchMethodError'{0x00000006261ea7e8}: 'long java.lang.invoke.DirectMethodHandle$Holder.invokeStatic(java.lang.Object, long, long)'> (0x00000006261ea7e8) 
thrown [s\open\src\hotspot\share\interpreter\linkResolver.cpp, line 805]
Event: 0.356 Thread 0x00000186116df210 Exception <a 'java/lang/NoSuchMethodError'{0x0000000626217558}: 'java.lang.Object java.lang.invoke.DirectMethodHandle$Holder.newInvokeSpecial(java.lang.Object, int, java.lang.Object)'> (0x0000000626217558) 
thrown [s\open\src\hotspot\share\interpreter\linkResolver.cpp, line 805]
Event: 0.371 Thread 0x00000186116df210 Exception <a 'java/lang/NoSuchMethodError'{0x00000006262928a8}: 'void java.lang.invoke.DelegatingMethodHandle$Holder.reinvoke_L(java.lang.Object, java.lang.Object, java.lang.Object, java.lang.Object, long, long, float)'> (0x00000006262928a8) 
thrown [s\open\src\hotspot\share\interpreter\linkResolver.cpp, line 805]
Event: 0.372 Thread 0x00000186116df210 Exception <a 'java/lang/NoSuchMethodError'{0x00000006262b2c48}: 'java.lang.Object java.lang.invoke.DirectMethodHandle$Holder.invokeStatic(java.lang.Object, java.lang.Object, java.lang.Object, java.lang.Object, java.lang.Object, long)'> (0x00000006262b2c48) 
thrown [s\open\src\hotspot\share\interpreter\linkResolver.cpp, line 805]
Event: 0.375 Thread 0x00000186116df210 Exception <a 'java/lang/NoSuchMethodError'{0x00000006262f8388}: 'float java.lang.invoke.DelegatingMethodHandle$Holder.reinvoke_L(java.lang.Object, java.lang.Object, java.lang.Object, java.lang.Object, long, long)'> (0x00000006262f8388) 
thrown [s\open\src\hotspot\share\interpreter\linkResolver.cpp, line 805]
Event: 0.389 Thread 0x00000186116df210 Exception <a 'java/lang/NoSuchMethodError'{0x0000000626370330}: 'void java.lang.invoke.DirectMethodHandle$Holder.invokeStatic(java.lang.Object, java.lang.Object, java.lang.Object, java.lang.Object)'> (0x0000000626370330) 
thrown [s\open\src\hotspot\share\interpreter\linkResolver.cpp, line 805]
Event: 0.411 Thread 0x00000186116df210 Exception <a 'java/lang/NoSuchMethodError'{0x00000006263cd6a0}: 'void java.lang.invoke.DelegatingMethodHandle$Holder.reinvoke_L(java.lang.Object, java.lang.Object, java.lang.Object, java.lang.Object, long, long, int)'> (0x00000006263cd6a0) 
thrown [s\open\src\hotspot\share\interpreter\linkResolver.cpp, line 805]
Event: 0.412 Thread 0x00000186116df210 Exception <a 'java/lang/NoSuchMethodError'{0x0000000625c15088}: 'void java.lang.invoke.DelegatingMethodHandle$Holder.reinvoke_L(java.lang.Object, java.lang.Object, java.lang.Object, java.lang.Object, long, long, long)'> (0x0000000625c15088) 
thrown [s\open\src\hotspot\share\interpreter\linkResolver.cpp, line 805]
Event: 0.413 Thread 0x00000186116df210 Exception <a 'java/lang/NoSuchMethodError'{0x0000000625c2e718}: 'void java.lang.invoke.DirectMethodHandle$Holder.invokeStaticInit(java.lang.Object)'> (0x0000000625c2e718) 
thrown [s\open\src\hotspot\share\interpreter\linkResolver.cpp, line 805]
Event: 0.441 Thread 0x00000186116df210 Exception <a 'java/lang/NoSuchMethodError'{0x0000000625c68af0}: 'int java.lang.invoke.DelegatingMethodHandle$Holder.reinvoke_L(java.lang.Object, java.lang.Object, java.lang.Object, java.lang.Object, long, long)'> (0x0000000625c68af0) 
thrown [s\open\src\hotspot\share\interpreter\linkResolver.cpp, line 805]
Event: 0.462 Thread 0x000001867d7eaea0 Exception <a 'java/lang/NoSuchMethodError'{0x0000000626410558}: 'void java.lang.invoke.DirectMethodHandle$Holder.invokeVirtual(java.lang.Object, java.lang.Object)'> (0x0000000626410558) 
thrown [s\open\src\hotspot\share\interpreter\linkResolver.cpp, line 805]
Event: 0.483 Thread 0x000001867f3c2b90 Exception <a 'java/lang/NoSuchMethodError'{0x0000000625e12f20}: 'void java.lang.invoke.DelegatingMethodHandle$Holder.reinvoke_L(java.lang.Object, java.lang.Object, java.lang.Object, java.lang.Object, long, long, double)'> (0x0000000625e12f20) 
thrown [s\open\src\hotspot\share\interpreter\linkResolver.cpp, line 805]
Event: 1.570 Thread 0x000001867f3c2b90 Exception <a 'java/lang/NoSuchMethodError'{0x00000006258be850}: 'int java.lang.invoke.DirectMethodHandle$Holder.invokeStatic(java.lang.Object)'> (0x00000006258be850) 
thrown [s\open\src\hotspot\share\interpreter\linkResolver.cpp, line 805]
Event: 9.686 Thread 0x000001867f3c2b90 Exception <a 'java/lang/NoSuchMethodError'{0x000000062473bbe8}: 'void java.lang.invoke.DirectMethodHandle$Holder.invokeVirtual(java.lang.Object, java.lang.Object, int)'> (0x000000062473bbe8) 
thrown [s\open\src\hotspot\share\interpreter\linkResolver.cpp, line 805]
Event: 9.687 Thread 0x000001867f3c2b90 Exception <a 'java/lang/NoSuchMethodError'{0x00000006247539f8}: 'java.lang.Object java.lang.invoke.DirectMethodHandle$Holder.invokeStatic(java.lang.Object, java.lang.Object, java.lang.Object, java.lang.Object, int)'> (0x00000006247539f8) 
thrown [s\open\src\hotspot\share\interpreter\linkResolver.cpp, line 805]
Event: 9.687 Thread 0x000001867f3c2b90 Exception <a 'java/lang/NoSuchMethodError'{0x000000062476c5e8}: 'void java.lang.invoke.DelegatingMethodHandle$Holder.reinvoke_L(java.lang.Object, java.lang.Object, int)'> (0x000000062476c5e8) 
thrown [s\open\src\hotspot\share\interpreter\linkResolver.cpp, line 805]
Event: 9.688 Thread 0x000001867f3c2b90 Exception <a 'java/lang/NoSuchMethodError'{0x000000062477dcc0}: 'int java.lang.invoke.DirectMethodHandle$Holder.invokeSpecial(java.lang.Object, java.lang.Object, java.lang.Object)'> (0x000000062477dcc0) 
thrown [s\open\src\hotspot\share\interpreter\linkResolver.cpp, line 805]
Event: 9.690 Thread 0x000001867f3c2b90 Exception <a 'java/lang/NoSuchMethodError'{0x00000006247b4ac0}: 'void java.lang.invoke.DirectMethodHandle$Holder.invokeVirtual(java.lang.Object, java.lang.Object, java.lang.Object, int)'> (0x00000006247b4ac0) 
thrown [s\open\src\hotspot\share\interpreter\linkResolver.cpp, line 805]

VM Operations (19 events):
Event: 0.343 Executing VM operation: HandshakeAllThreads (Deoptimize)
Event: 0.343 Executing VM operation: HandshakeAllThreads (Deoptimize) done
Event: 0.505 Executing VM operation: HandshakeAllThreads (Deoptimize)
Event: 0.505 Executing VM operation: HandshakeAllThreads (Deoptimize) done
Event: 1.406 Executing VM operation: HandshakeAllThreads (Deoptimize)
Event: 1.406 Executing VM operation: HandshakeAllThreads (Deoptimize) done
Event: 1.414 Executing VM operation: HandshakeAllThreads (Deoptimize)
Event: 1.414 Executing VM operation: HandshakeAllThreads (Deoptimize) done
Event: 1.423 Executing VM operation: HandshakeAllThreads (Deoptimize)
Event: 1.423 Executing VM operation: HandshakeAllThreads (Deoptimize) done
Event: 1.426 Executing VM operation: HandshakeAllThreads (Deoptimize)
Event: 1.426 Executing VM operation: HandshakeAllThreads (Deoptimize) done
Event: 2.613 Executing VM operation: HandshakeAllThreads (Deoptimize)
Event: 2.613 Executing VM operation: HandshakeAllThreads (Deoptimize) done
Event: 9.637 Executing VM operation: HandshakeAllThreads (Deoptimize)
Event: 9.637 Executing VM operation: HandshakeAllThreads (Deoptimize) done
Event: 9.683 Executing VM operation: HandshakeAllThreads (Deoptimize)
Event: 9.683 Executing VM operation: HandshakeAllThreads (Deoptimize) done
Event: 13.288 Executing VM operation: Exit

Memory protections (0 events):
No events

Nmethod flushes (0 events):
No events

Events (20 events):
Event: 1.545 Thread 0x000001867f70a130 Thread exited: 0x000001867f70a130
Event: 1.559 Thread 0x000001867f3c2b90 Thread added: 0x000001867f709290
Event: 1.564 Thread 0x000001867f709290 Thread exited: 0x000001867f709290
Event: 1.589 Thread 0x000001867d015b70 Thread added: 0x000001867d0144c0
Event: 1.910 Thread 0x000001867d0144c0 Thread exited: 0x000001867d0144c0
Event: 3.740 Thread 0x000001867f3c2b90 Thread added: 0x000001867f70be70
Event: 3.754 Thread 0x000001867f70be70 Thread exited: 0x000001867f70be70
Event: 8.240 Thread 0x000001867f3c2b90 Thread added: 0x000001867d462c20
Event: 8.241 Thread 0x000001867d462c20 Thread exited: 0x000001867d462c20
Event: 8.748 Thread 0x000001867f6c4b20 Thread exited: 0x000001867f6c4b20
Event: 13.186 Thread 0x000001867f3c2b90 Thread added: 0x000001867d460790
Event: 13.186 Thread 0x000001867f3c2b90 Thread added: 0x000001867d461630
Event: 13.186 Thread 0x000001867f3c2b90 Thread added: 0x000001867d4624d0
Event: 13.186 Thread 0x000001867d460790 Thread exited: 0x000001867d460790
Event: 13.186 Thread 0x000001867d131590 Thread exited: 0x000001867d131590
Event: 13.187 Thread 0x000001867d461630 Thread exited: 0x000001867d461630
Event: 13.188 Thread 0x000001867f61d940 Thread exited: 0x000001867f61d940
Event: 13.236 Thread 0x000001867d7eaea0 Thread exited: 0x000001867d7eaea0
Event: 13.288 Thread 0x000001867d4624d0 Thread exited: 0x000001867d4624d0
Event: 13.288 Thread 0x000001867f3c2b90 Before exit entered


Dynamic libraries:
0x00007ff714340000 - 0x00007ff71434e000 	C:\Users\Palgo\.jdks\openjdk-24.0.1\bin\java.exe
0x00007ffa6bef0000 - 0x00007ffa6c107000 	C:\Windows\SYSTEM32\ntdll.dll
0x00007ffa6b0b0000 - 0x00007ffa6b174000 	C:\Windows\System32\KERNEL32.DLL
0x00007ffa693c0000 - 0x00007ffa69793000 	C:\Windows\System32\KERNELBASE.dll
0x00007ffa697d0000 - 0x00007ffa698e1000 	C:\Windows\System32\ucrtbase.dll
0x00007ffa40020000 - 0x00007ffa40036000 	C:\Users\Palgo\.jdks\openjdk-24.0.1\bin\jli.dll
0x00007ffa3fed0000 - 0x00007ffa3feeb000 	C:\Users\Palgo\.jdks\openjdk-24.0.1\bin\VCRUNTIME140.dll
0x00007ffa6a2b0000 - 0x00007ffa6a461000 	C:\Windows\System32\USER32.dll
0x00007ffa69060000 - 0x00007ffa69086000 	C:\Windows\System32\win32u.dll
0x00007ffa53db0000 - 0x00007ffa5404b000 	C:\Windows\WinSxS\amd64_microsoft.windows.common-controls_6595b64144ccf1df_6.0.22621.5262_none_2712bde373830908\COMCTL32.dll
0x00007ffa6a280000 - 0x00007ffa6a2a9000 	C:\Windows\System32\GDI32.dll
0x00007ffa6bd50000 - 0x00007ffa6bdf7000 	C:\Windows\System32\msvcrt.dll
0x00007ffa69a50000 - 0x00007ffa69b72000 	C:\Windows\System32\gdi32full.dll
0x00007ffa698f0000 - 0x00007ffa6998a000 	C:\Windows\System32\msvcp_win.dll
0x00007ffa6b3a0000 - 0x00007ffa6b3d1000 	C:\Windows\System32\IMM32.DLL
0x00007ffa40c70000 - 0x00007ffa40c7c000 	C:\Users\Palgo\.jdks\openjdk-24.0.1\bin\vcruntime140_1.dll
0x00007ffa34d60000 - 0x00007ffa34dee000 	C:\Users\Palgo\.jdks\openjdk-24.0.1\bin\msvcp140.dll
0x00007ff90e260000 - 0x00007ff90f002000 	C:\Users\Palgo\.jdks\openjdk-24.0.1\bin\server\jvm.dll
0x00007ffa6bc90000 - 0x00007ffa6bd41000 	C:\Windows\System32\ADVAPI32.dll
0x00007ffa6b860000 - 0x00007ffa6b907000 	C:\Windows\System32\sechost.dll
0x00007ffa697a0000 - 0x00007ffa697c8000 	C:\Windows\System32\bcrypt.dll
0x00007ffa6b990000 - 0x00007ffa6baa4000 	C:\Windows\System32\RPCRT4.dll
0x00007ffa6be00000 - 0x00007ffa6be71000 	C:\Windows\System32\WS2_32.dll
0x00007ffa67e30000 - 0x00007ffa67e7d000 	C:\Windows\SYSTEM32\POWRPROF.dll
0x00007ffa64b00000 - 0x00007ffa64b0a000 	C:\Windows\SYSTEM32\VERSION.dll
0x00007ffa62640000 - 0x00007ffa62674000 	C:\Windows\SYSTEM32\WINMM.dll
0x00007ffa67e10000 - 0x00007ffa67e23000 	C:\Windows\SYSTEM32\UMPDC.dll
0x00007ffa680d0000 - 0x00007ffa680e8000 	C:\Windows\SYSTEM32\kernel.appcore.dll
0x00007ffa40be0000 - 0x00007ffa40bea000 	C:\Users\Palgo\.jdks\openjdk-24.0.1\bin\jimage.dll
0x00007ffa5fd50000 - 0x00007ffa5ff82000 	C:\Windows\SYSTEM32\DBGHELP.DLL
0x00007ffa6a470000 - 0x00007ffa6a803000 	C:\Windows\System32\combase.dll
0x00007ffa69b90000 - 0x00007ffa69c67000 	C:\Windows\System32\OLEAUT32.dll
0x00007ffa3a360000 - 0x00007ffa3a392000 	C:\Windows\SYSTEM32\dbgcore.DLL
0x00007ffa68fe0000 - 0x00007ffa6905b000 	C:\Windows\System32\bcryptPrimitives.dll
0x00007ffa3feb0000 - 0x00007ffa3fece000 	C:\Users\Palgo\.jdks\openjdk-24.0.1\bin\java.dll
0x00007ffa69c90000 - 0x00007ffa69e31000 	C:\Windows\System32\ole32.dll
0x00007ffa6a810000 - 0x00007ffa6b0ad000 	C:\Windows\System32\SHELL32.dll
0x00007ffa69090000 - 0x00007ffa691cf000 	C:\Windows\System32\wintypes.dll
0x00007ffa66ee0000 - 0x00007ffa677fd000 	C:\Windows\SYSTEM32\windows.storage.dll
0x00007ffa6b180000 - 0x00007ffa6b28b000 	C:\Windows\System32\SHCORE.dll
0x00007ffa6bc20000 - 0x00007ffa6bc86000 	C:\Windows\System32\shlwapi.dll
0x00007ffa68f10000 - 0x00007ffa68f3b000 	C:\Windows\SYSTEM32\profapi.dll
0x00007ffa19770000 - 0x00007ffa19847000 	C:\Users\Palgo\.jdks\openjdk-24.0.1\bin\jsvml.dll
0x00007ffa40010000 - 0x00007ffa40020000 	C:\Users\Palgo\.jdks\openjdk-24.0.1\bin\net.dll
0x00007ffa68540000 - 0x00007ffa685aa000 	C:\Windows\system32\mswsock.dll
0x00007ffa3ac90000 - 0x00007ffa3aca6000 	C:\Users\Palgo\.jdks\openjdk-24.0.1\bin\nio.dll
0x00007ffa3fca0000 - 0x00007ffa3fcb7000 	C:\Users\Palgo\.jdks\openjdk-24.0.1\bin\zip.dll
0x00007ffa14680000 - 0x00007ffa147fe000 	C:\Users\Palgo\.jdks\openjdk-24.0.1\bin\awt.dll
0x00007ffa64b10000 - 0x00007ffa64ba7000 	C:\Windows\SYSTEM32\apphelp.dll
0x00007ffa667c0000 - 0x00007ffa667ee000 	C:\Windows\system32\DWMAPI.DLL
0x00007ffa66520000 - 0x00007ffa665d3000 	C:\Windows\system32\uxtheme.dll
0x00007ff9e05d0000 - 0x00007ff9e06d0000 	C:\Windows\system32\opengl32.dll
0x00007ff9e05a0000 - 0x00007ff9e05cd000 	C:\Windows\SYSTEM32\GLU32.dll
0x00007ffa66820000 - 0x00007ffa66857000 	C:\Windows\SYSTEM32\dxcore.dll
0x0000000180000000 - 0x0000000188179000 	C:\Program Files (x86)\ASUS\GPUTweakIII\GTIII-OSD\x64\GTIII-OSD64-VK.dll
0x00007ff9dd240000 - 0x00007ff9dd3c5000 	C:\Windows\SYSTEM32\vulkan-1.dll
0x00007ffa68cd0000 - 0x00007ffa68d1e000 	C:\Windows\SYSTEM32\CFGMGR32.dll
0x00007ffa6bac0000 - 0x00007ffa6bc1e000 	C:\Windows\System32\MSCTF.dll
0x00007ffa68c80000 - 0x00007ffa68c92000 	C:\Windows\SYSTEM32\msasn1.dll
0x00007ffa60c80000 - 0x00007ffa60cb2000 	C:\Windows\SYSTEM32\cryptnet.dll
0x00007ffa691d0000 - 0x00007ffa69337000 	C:\Windows\System32\CRYPT32.dll
0x00007ffa68870000 - 0x00007ffa6887c000 	C:\Windows\SYSTEM32\cryptbase.dll
0x00007ffa687c0000 - 0x00007ffa68810000 	C:\Windows\SYSTEM32\wldp.dll
0x00007ffa601c0000 - 0x00007ffa60322000 	C:\Windows\SYSTEM32\drvstore.dll
0x00007ffa68ca0000 - 0x00007ffa68ccc000 	C:\Windows\SYSTEM32\devobj.dll
0x00007ffa69340000 - 0x00007ffa693bc000 	C:\Windows\System32\wintrust.dll
0x00007ffa6be90000 - 0x00007ffa6beaf000 	C:\Windows\System32\imagehlp.dll
0x00007ffa68890000 - 0x00007ffa688ab000 	C:\Windows\SYSTEM32\CRYPTSP.dll
0x00007ffa68030000 - 0x00007ffa68067000 	C:\Windows\system32\rsaenh.dll
0x00007ff9e0290000 - 0x00007ff9e0596000 	C:\Windows\system32\nvspcap64.dll
0x00007ffa681e0000 - 0x00007ffa68214000 	C:\Windows\SYSTEM32\ntmarta.dll
0x00007ffa685b0000 - 0x00007ffa685d6000 	C:\Windows\SYSTEM32\gpapi.dll
0x00007ff9df7b0000 - 0x00007ff9df964000 	C:\Windows\System32\DriverStore\FileRepository\nv_dispi.inf_amd64_2c61c4d89b199ea8\nvppex.dll
0x00007ff9eca10000 - 0x00007ff9eca97000 	C:\Users\Palgo\.jdks\openjdk-24.0.1\bin\freetype.dll
0x00007ff9ec930000 - 0x00007ff9eca07000 	C:\Users\Palgo\.jdks\openjdk-24.0.1\bin\fontmanager.dll
0x00007ffa6a000000 - 0x00007ffa6a0b0000 	C:\Windows\System32\clbcatq.dll
0x00007ffa66330000 - 0x00007ffa664e0000 	C:\Windows\SYSTEM32\WindowsCodecs.dll
0x00007ffa265d0000 - 0x00007ffa2662e000 	C:\Windows\system32\dataexchange.dll
0x00007ffa5a510000 - 0x00007ffa5a7b6000 	C:\Windows\system32\twinapi.appcore.dll
0x00007ffa4cc20000 - 0x00007ffa4cd63000 	C:\Windows\SYSTEM32\textinputframework.dll
0x0000018608400000 - 0x0000018610690000 	C:\Program Files (x86)\ASUS\GPUTweakIII\GTIII-OSD\x64\GTIII-OSD64.dll
0x00007ffa202c0000 - 0x00007ffa202f7000 	C:\Windows\SYSTEM32\d3d10_1.dll
0x00007ff9e1280000 - 0x00007ff9e12a6000 	C:\Windows\SYSTEM32\d3d12.dll
0x00007ffa62bc0000 - 0x00007ffa62fa6000 	C:\Windows\SYSTEM32\D3DCOMPILER_47.dll
0x00007ff9dd5b0000 - 0x00007ff9dd813000 	C:\Windows\SYSTEM32\d3dx9_43.dll
0x00007ffa565c0000 - 0x00007ffa565ce000 	C:\Windows\SYSTEM32\d3d10_1core.dll
0x00007ffa63240000 - 0x00007ffa63497000 	C:\Windows\SYSTEM32\d3d11.dll
0x00007ffa666b0000 - 0x00007ffa667a7000 	C:\Windows\SYSTEM32\dxgi.dll
0x00007ffa64210000 - 0x00007ffa64345000 	C:\Windows\SYSTEM32\CoreMessaging.dll
0x00007ffa5e4f0000 - 0x00007ffa5e85c000 	C:\Windows\SYSTEM32\CoreUIComponents.dll
0x00007ffa4e360000 - 0x00007ffa4e413000 	C:\Windows\WinSxS\amd64_microsoft.windows.common-controls_6595b64144ccf1df_5.82.22621.3527_none_b43b7f4b638cc64f\comctl32.dll
0x00007ffa65e10000 - 0x00007ffa65f16000 	C:\Windows\SYSTEM32\PROPSYS.dll
0x00007ffa3db50000 - 0x00007ffa3dc0b000 	C:\Windows\System32\Windows.FileExplorer.Common.dll
0x00007ff9ecc40000 - 0x00007ff9ecc5a000 	C:\Windows\system32\NetworkExplorer.dll
0x00007ffa5e3b0000 - 0x00007ffa5e4ef000 	C:\Windows\System32\Windows.System.Launcher.dll
0x00007ffa65b70000 - 0x00007ffa65c03000 	C:\Windows\System32\msvcp110_win.dll
0x00007ffa61c90000 - 0x00007ffa61caa000 	C:\Windows\SYSTEM32\windows.staterepositorycore.dll
0x00007ffa45580000 - 0x00007ffa4559e000 	C:\Windows\SYSTEM32\MPR.dll
0x00007ffa3ffe0000 - 0x00007ffa4000b000 	C:\Windows\System32\p9np.dll
0x00007ffa43b20000 - 0x00007ffa43b2c000 	C:\Windows\System32\drprov.dll
0x00007ffa3ffc0000 - 0x00007ffa3ffd9000 	C:\Windows\System32\ntlanman.dll
0x00007ffa245b0000 - 0x00007ffa245cf000 	C:\Windows\System32\davclnt.dll
0x00007ffa67a60000 - 0x00007ffa67acd000 	C:\Windows\System32\WINSTA.dll
0x00007ffa62300000 - 0x00007ffa6231a000 	C:\Windows\System32\wkscli.dll
0x00007ffa4e670000 - 0x00007ffa4e682000 	C:\Windows\SYSTEM32\cscapi.dll
0x00007ffa67a50000 - 0x00007ffa67a5c000 	C:\Windows\System32\netutils.dll
0x00007ffa2acd0000 - 0x00007ffa2ad2e000 	C:\Windows\System32\dlnashext.dll
0x00007ffa1d3a0000 - 0x00007ffa1d409000 	C:\Windows\System32\PlayToDevice.dll
0x00007ffa3a0d0000 - 0x00007ffa3a0f1000 	C:\Windows\System32\DevDispItemProvider.dll
0x00007ffa4d5f0000 - 0x00007ffa4d68e000 	C:\Windows\System32\MMDevApi.dll
0x00007ff970690000 - 0x00007ff97073a000 	C:\Windows\system32\wpdshext.dll
0x00007ffa54060000 - 0x00007ffa54221000 	C:\Windows\WinSxS\amd64_microsoft.windows.gdiplus_6595b64144ccf1df_1.1.22621.5331_none_57fac68ece181d81\gdiplus.dll
0x00007ffa20630000 - 0x00007ffa206ce000 	C:\Windows\System32\PortableDeviceApi.dll
0x00007ffa6b3e0000 - 0x00007ffa6b854000 	C:\Windows\System32\SETUPAPI.dll
0x00007ffa55440000 - 0x00007ffa55464000 	C:\Windows\System32\EhStorAPI.dll
0x00007ffa67e80000 - 0x00007ffa67e94000 	C:\Windows\System32\WTSAPI32.dll
0x00007ffa24aa0000 - 0x00007ffa24aad000 	C:\Windows\SYSTEM32\LINKINFO.dll
0x0000018680000000 - 0x000001868815e000 	C:\Program Files (x86)\ASUS\GPUTweakIII\GTIII-OSD\x64\GTIII-OSD64-GL.dll
0x00007ffa6be80000 - 0x00007ffa6be88000 	C:\Windows\System32\PSAPI.DLL
0x00000000516a0000 - 0x0000000051703000 	C:\Program Files (x86)\ASUS\GPUTweakIII\GTIII-OSD\x64\glew32.dll

JVMTI agents: none

dbghelp: loaded successfully - version: 4.0.5 - missing functions: none
symbol engine: initialized successfully - sym options: 0x614 - pdb path: .;C:\Users\Palgo\.jdks\openjdk-24.0.1\bin;C:\Windows\SYSTEM32;C:\Windows\WinSxS\amd64_microsoft.windows.common-controls_6595b64144ccf1df_6.0.22621.5262_none_2712bde373830908;C:\Users\Palgo\.jdks\openjdk-24.0.1\bin\server;C:\Program Files (x86)\ASUS\GPUTweakIII\GTIII-OSD\x64;C:\Windows\System32\DriverStore\FileRepository\nv_dispi.inf_amd64_2c61c4d89b199ea8;C:\Windows\WinSxS\amd64_microsoft.windows.common-controls_6595b64144ccf1df_5.82.22621.3527_none_b43b7f4b638cc64f;C:\Windows\WinSxS\amd64_microsoft.windows.gdiplus_6595b64144ccf1df_1.1.22621.5331_none_57fac68ece181d81

VM Arguments:
jvm_args: -Dfile.encoding=UTF-8 -Duser.country=DE -Duser.language=de -Duser.variant 
java_command: com.muteStone.Main
java_class_path (initial): C:\Users\Palgo\IdeaProjects\MiniCityTycoon\build\classes\java\main;C:\Users\Palgo\IdeaProjects\MiniCityTycoon\build\resources\main;C:\Users\Palgo\.gradle\caches\modules-2\files-2.1\com.fasterxml.jackson.core\jackson-core\2.17.0\a6e5058ef9720623c517252d17162f845306ff3a\jackson-core-2.17.0.jar;C:\Users\Palgo\.gradle\caches\modules-2\files-2.1\com.fasterxml.jackson.core\jackson-annotations\2.17.0\880a742337010da4c851f843d8cac150e22dff9f\jackson-annotations-2.17.0.jar;C:\Users\Palgo\.gradle\caches\modules-2\files-2.1\com.fasterxml.jackson.core\jackson-databind\2.17.0\7173e9e1d4bc6d7ca03bc4eeedcd548b8b580b34\jackson-databind-2.17.0.jar;C:\Users\Palgo\.gradle\caches\modules-2\files-2.1\net.bytebuddy\byte-buddy\1.14.9\b69e7fff6c473d3ed2b489cdfd673a091fd94226\byte-buddy-1.14.9.jar
Launcher Type: SUN_STANDARD

[Global flags]
     intx CICompilerCount                          = 4                                         {product} {ergonomic}
     uint ConcGCThreads                            = 2                                         {product} {ergonomic}
     uint G1ConcRefinementThreads                  = 8                                         {product} {ergonomic}
   size_t G1HeapRegionSize                         = 4194304                                   {product} {ergonomic}
   size_t InitialHeapSize                          = 532676608                                 {product} {ergonomic}
   size_t MarkStackSize                            = 4194304                                   {product} {ergonomic}
   size_t MarkStackSizeMax                         = 536870912                                 {product} {ergonomic}
   size_t MaxHeapSize                              = 8472494080                                {product} {ergonomic}
   size_t MaxNewSize                               = 5083496448                                {product} {ergonomic}
   size_t MinHeapDeltaBytes                        = 4194304                                   {product} {ergonomic}
   size_t MinHeapSize                              = 8388608                                   {product} {ergonomic}
    uintx NonNMethodCodeHeapSize                   = 5832704                                {pd product} {ergonomic}
    uintx NonProfiledCodeHeapSize                  = 122945536                              {pd product} {ergonomic}
    uintx ProfiledCodeHeapSize                     = 122880000                              {pd product} {ergonomic}
    uintx ReservedCodeCacheSize                    = 251658240                              {pd product} {ergonomic}
     bool SegmentedCodeCache                       = true                                      {product} {ergonomic}
   size_t SoftMaxHeapSize                          = 8472494080                             {manageable} {ergonomic}
     bool UseCompressedOops                        = true                           {product lp64_product} {ergonomic}
     bool UseG1GC                                  = true                                      {product} {ergonomic}
     bool UseLargePagesIndividualAllocation        = false                                  {pd product} {ergonomic}

Logging:
Log output configuration:
 #0: stdout all=off uptime,level,tags foldmultilines=false
 #1: stderr all=off uptime,level,tags foldmultilines=false

Environment Variables:
PATH=C:\Program Files (x86)\Razer Chroma SDK\bin;C:\Program Files\Razer Chroma SDK\bin;C:\Program Files (x86)\Razer\ChromaBroadcast\bin;C:\Program Files\Razer\ChromaBroadcast\bin;C:\Program Files (x86)\Common Files\Intel\Shared Libraries\redist\intel64\compiler;C:\Windows\system32;C:\Windows;C:\Windows\System32\Wbem;C:\Windows\System32\WindowsPowerShell\v1.0\;C:\Windows\System32\OpenSSH\;C:\Program Files (x86)\NVIDIA Corporation\PhysX\Common;C:\Program Files\dotnet\;C:\Windows\syswow64\config\systemprofile\AppData\Local\Microsoft\WindowsApps;C:\Users\Palgo\AppData\Local\Microsoft\WindowsApps;C:\Users\Palgo\AppData\Local\GitHubDesktop\bin;E:\Microsoft VS Code\bin;C:\Program Files\NVIDIA Corporation\NVIDIA App\NvDLISR;C:\Program Files\Git\cmd;C:\Users\Palgo\AppData\Local\Microsoft\WindowsApps;C:\Users\Palgo\AppData\Local\GitHubDesktop\bin;E:\IntelliJ IDEA Community Edition 2025.1.1.1\bin;
USERNAME=Palgo
OS=Windows_NT
PROCESSOR_IDENTIFIER=AMD64 Family 25 Model 97 Stepping 2, AuthenticAMD
TMP=C:\Users\Palgo\AppData\Local\Temp
TEMP=C:\Users\Palgo\AppData\Local\Temp




Periodic native trim disabled

---------------  S Y S T E M  ---------------

OS:
 Windows 11 , 64 bit Build 22621 (10.0.22621.5262)
OS uptime: 10 days 9:27 hours
Hyper-V role detected

CPU: total 8 (initial active 8) (8 cores per cpu, 1 threads per core) family 25 model 97 stepping 2 microcode 0x0, cx8, cmov, fxsr, mmx, 3dnowpref, sse, sse2, sse3, ssse3, sse4a, sse4.1, sse4.2, popcnt, lzcnt, tsc, tscinvbit, avx, avx2, aes, erms, clmul, bmi1, bmi2, adx, avx512f, avx512dq, avx512cd, avx512bw, avx512vl, sha, fma, vzeroupper, avx512_vpopcntdq, avx512_vpclmulqdq, avx512_vaes, avx512_vnni, clflush, clflushopt, avx512_vbmi2, avx512_vbmi, hv, rdtscp, rdpid, fsrm, gfni, avx512_bitalg, f16c, cet_ss, avx512_ifma
Processor Information for the first 8 processors :
  Max Mhz: 4201, Current Mhz: 4201, Mhz Limit: 4201

Memory: 4k page, system-wide physical 32313M (4993M free)
TotalPageFile size 62925M (AvailPageFile size 6869M)
current process WorkingSet (physical memory assigned to process): 146M, peak: 167M
current process commit charge ("private bytes"): 1059M, peak: 1096M

vm_info: OpenJDK 64-Bit Server VM (24.0.1+9-30) for windows-amd64 JRE (24.0.1+9-30), built on 2025-03-05T07:23:45Z with MS VC++ 17.6 (VS2022)

END.
