#
# A fatal error has been detected by the Java Runtime Environment:
#
#  EXCEPTION_ACCESS_VIOLATION (0xc0000005) at pc=0x00000257f809362a, pid=118712, tid=115504
#
# JRE version: OpenJDK Runtime Environment (24.0.1+9) (build 24.0.1+9-30)
# Java VM: OpenJDK 64-Bit Server VM (24.0.1+9-30, mixed mode, sharing, tiered, compressed oops, compressed class ptrs, g1 gc, windows-amd64)
# Problematic frame:
# C  [GTIII-OSD64.dll+0x362a]
#
# No core dump will be written. Minidumps are not enabled by default on client versions of Windows
#
# If you would like to submit a bug report, please visit:
#   https://bugreport.java.com/bugreport/crash.jsp
#

---------------  S U M M A R Y ------------

Command Line: -Dfile.encoding=UTF-8 -Duser.country=DE -Duser.language=de -Duser.variant com.muteStone.Main

Host: AMD Ryzen 7 7800X3D 8-Core Processor           , 8 cores, 31G,  Windows 11 , 64 bit Build 22621 (10.0.22621.5262)
Time: Thu Jun  5 16:27:51 2025 Mitteleuropäische Sommerzeit elapsed time: 24.793111 seconds (0d 0h 0m 24s)

---------------  T H R E A D  ---------------

Current thread (0x00000257f78fe400):  VMThread "VM Thread"          [id=115504, stack(0x000000e4dd300000,0x000000e4dd400000) (1024K)]

Stack: [0x000000e4dd300000,0x000000e4dd400000],  sp=0x000000e4dd3fef40,  free space=1019k
Native frames: (J=compiled Java code, j=interpreted, Vv=VM code, C=native code)
C  [GTIII-OSD64.dll+0x362a]  (no source info available)
C  [GTIII-OSD64.dll+0x4010]  (no source info available)
C  [GTIII-OSD64.dll+0x34641]  (no source info available)
C  [GTIII-OSD64.dll+0x37320]  (no source info available)
C  [GTIII-OSD64.dll+0x3077a]  (no source info available)
C  [GTIII-OSD64.dll+0x307f7]  (no source info available)
C  [GTIII-OSD64.dll+0x30d47]  (no source info available)
C  [GTIII-OSD64.dll+0xd8fef]  (no source info available)
C  [ntdll.dll+0x28baf]  (no source info available)
C  [ntdll.dll+0x515b6]  (no source info available)
C  [ntdll.dll+0x511ad]  (no source info available)
C  [KERNEL32.DLL+0x17fcb]  (no source info available)
C  [ucrtbase.dll+0x1bed8]  (no source info available)
C  [ucrtbase.dll+0x1c099]  (no source info available)
V  [jvm.dll+0x72919c]  (no source info available)
V  [jvm.dll+0x728cd0]  (no source info available)
V  [jvm.dll+0x41b404]  (no source info available)
V  [jvm.dll+0x8e2742]  (no source info available)
V  [jvm.dll+0x8e3a8c]  (no source info available)
V  [jvm.dll+0x8e3ff8]  (no source info available)
V  [jvm.dll+0x8e4293]  (no source info available)
V  [jvm.dll+0x87d76b]  (no source info available)
V  [jvm.dll+0x72ee55]  (no source info available)
C  [ucrtbase.dll+0x29333]  (no source info available)
C  [KERNEL32.DLL+0x1259d]  (no source info available)
C  [ntdll.dll+0x5af58]  (no source info available)


siginfo: EXCEPTION_ACCESS_VIOLATION (0xc0000005), reading address 0x00007ff9e13c83c0


Registers:
RAX=0x0000000000000000, RBX=0x00000257ce1a09e0, RCX=0x0000000000000006, RDX=0x0000000000000000
RSP=0x000000e4dd3fef40, RBP=0x0000000000000000, RSI=0x00007ff9e13c83c0, RDI=0x00007ff9e13c83c0
R8 =0x000000e4dd3fefc0, R9 =0x0000000000000000, R10=0x0000000000000000, R11=0x000000e4dd3fef50
R12=0x000000e4dd3fefc0, R13=0x00007ff90ef4cae0, R14=0x0000000000000005, R15=0x0000000000000006
RIP=0x00000257f809362a, EFLAGS=0x0000000000010246

XMM[0]=0x0000000000000000 0x0000000000000000
XMM[1]=0x0000000000000000 0x0000000000000000
XMM[2]=0x0000000000000000 0x0000000000000000
XMM[3]=0x0000000000000000 0x0000000000000000
XMM[4]=0x0000000000000000 0x0000000000000000
XMM[5]=0x0000000000000000 0x0000000000000000
XMM[6]=0x0000000000000000 0x0000000000000000
XMM[7]=0x0000000000000000 0x404e000000000000
XMM[8]=0x0000000000000000 0x0000000000000000
XMM[9]=0x0000000000000000 0x0000000000000000
XMM[10]=0x0000000000000000 0x0000000000000000
XMM[11]=0x0000000000000000 0x0000000000000000
XMM[12]=0x0000000000000000 0x0000000000000000
XMM[13]=0x0000000000000000 0x0000000000000000
XMM[14]=0x0000000000000000 0x0000000000000000
XMM[15]=0x0000000000000000 0x0000000000000000
  MXCSR=0x00001fa0


Register to memory mapping:

RAX=0x0 is null
RBX=0x00000257ce1a09e0 points into unknown readable memory: 0x0000000000000001 | 01 00 00 00 00 00 00 00
RCX=0x0000000000000006 is an unknown value
RDX=0x0 is null
RSP=0x000000e4dd3fef40 points into unknown readable memory: 0x00009e7b22f8c296 | 96 c2 f8 22 7b 9e 00 00
RBP=0x0 is null
RSI=0x00007ff9e13c83c0 is an unknown value
RDI=0x00007ff9e13c83c0 is an unknown value
R8 =0x000000e4dd3fefc0 points into unknown readable memory: 0x0000000000000000 | 00 00 00 00 00 00 00 00
R9 =0x0 is null
R10=0x0 is null
R11=0x000000e4dd3fef50 points into unknown readable memory: 0x00000257f8090000 | 00 00 09 f8 57 02 00 00
R12=0x000000e4dd3fefc0 points into unknown readable memory: 0x0000000000000000 | 00 00 00 00 00 00 00 00
R13=0x00007ff90ef4cae0 jvm.dll
R14=0x0000000000000005 is an unknown value
R15=0x0000000000000006 is an unknown value

Top of Stack: (sp=0x000000e4dd3fef40)
0x000000e4dd3fef40:   00009e7b22f8c296 0000000000000000   ..."{...........
0x000000e4dd3fef50:   00000257f8090000 0000000000000002   ....W...........
0x000000e4dd3fef60:   0000000000000000 00000257f809347f   .........4..W...
0x000000e4dd3fef70:   0000000000000001 00000257f8090000   ............W...
0x000000e4dd3fef80:   00000257f8169094 0000000000000002   ....W...........
0x000000e4dd3fef90:   0000000000000000 00000257f8094010   .........@..W...
0x000000e4dd3fefa0:   0000000000000001 0000000000000006   ................
0x000000e4dd3fefb0:   000000e4dd3ff3b0 0000000000000a9c   ..?.............
0x000000e4dd3fefc0:   0000000000000000 0000000000000000   ................
0x000000e4dd3fefd0:   0000000000000001 00000257f80c4641   ........AF..W...
0x000000e4dd3fefe0:   0000000000000001 00000257f8090000   ............W...
0x000000e4dd3feff0:   000000e4dd3fef68 0000000000000000   h.?.............
0x000000e4dd3ff000:   0000000000000001 00000257f80c7320   ........ s..W...
0x000000e4dd3ff010:   00000257cf964a40 000000000001c330   @J..W...0.......
0x000000e4dd3ff020:   000002580015e3c4 000000000001cfb8   ....X...........
0x000000e4dd3ff030:   000000000001cfb8 00000257f80c077a   ........z...W...
0x000000e4dd3ff040:   0000000000000000 00007ffa6a2d7511   .........u-j....
0x000000e4dd3ff050:   000000000000c425 00000257f8090000   %...........W...
0x000000e4dd3ff060:   0000000000000000 00000257f80c07f7   ............W...
0x000000e4dd3ff070:   0000000000000000 00000257cf964a50   ........PJ..W...
0x000000e4dd3ff080:   000000e4dd3ff070 0000025700000001   p.?.........W...
0x000000e4dd3ff090:   0000000000000000 00000257f80c0d47   ........G...W...
0x000000e4dd3ff0a0:   00000257ce355a70 00007ffa6bf16b47   pZ5.W...Gk.k....
0x000000e4dd3ff0b0:   0000000000000001 00000000516a0000   ..........jQ....
0x000000e4dd3ff0c0:   00007ff90ef4cae0 00000000516a0000   ..........jQ....
0x000000e4dd3ff0d0:   0000000000000001 00007ffa6bf18b13   ...........k....
0x000000e4dd3ff0e0:   0000000000000001 00000257f8168fef   ............W...
0x000000e4dd3ff0f0:   0000000000000001 000000007ffe0385   ................
0x000000e4dd3ff100:   0000000000000000 00000000516bfad5   ..........kQ....
0x000000e4dd3ff110:   00000257d18e0108 00007ffa697e364b   ....W...K6~i....
0x000000e4dd3ff120:   0000000000000001 0000000000000016   ................
0x000000e4dd3ff130:   00000257f8090000 000000007ffe0384   ....W...........

Instructions: (pc=0x00000257f809362a)
  0x00000257f809352a:   00 48 8b 43 08 48 89 44 24 20 48 8b 43 18 48 83
  0x00000257f809353a:   c0 1e 48 89 44 24 28 e8 4a 0b 00 00 85 c0 75 07
  0x00000257f809354a:   b8 08 00 00 00 eb 5b 83 7c 24 34 00 48 8b 4b 08
  0x00000257f809355a:   74 16 8b 41 fb 89 43 20 0f b7 41 ff 66 89 43 24
  0x00000257f809356a:   8a 41 01 88 43 26 eb 0b 8b 01 89 43 20 8a 41 04
  0x00000257f809357a:   88 43 24 8a 44 24 34 80 63 28 fe 24 01 08 43 28
  0x00000257f809358a:   8b 44 24 38 83 63 2c f0 83 e0 0f 09 43 2c 48 8b
  0x00000257f809359a:   44 24 3c 48 89 43 30 48 8b 44 24 44 48 89 43 38
  0x00000257f80935aa:   33 c0 48 8b 4c 24 50 48 33 cc e8 d7 4a 0d 00 48
  0x00000257f80935ba:   83 c4 60 5b c3 cc 48 89 5c 24 10 48 89 6c 24 18
  0x00000257f80935ca:   56 57 41 54 41 56 41 57 48 83 ec 30 8b d9 4d 8b
  0x00000257f80935da:   e0 48 c1 e3 06 8b ea 48 03 1d 48 35 0b 08 44 8b
  0x00000257f80935ea:   f9 4c 8b 73 08 49 8b fe 85 d2 74 10 41 8b cf e8
  0x00000257f80935fa:   fe fe ff ff 85 c0 0f 85 19 01 00 00 8a 43 28 24
  0x00000257f809360a:   01 74 04 49 8d 7e fb 84 c0 49 8d 76 fb 0f b6 c0
  0x00000257f809361a:   49 0f 44 f6 4c 8d 34 45 05 00 00 00 85 ed 75 35
=>0x00000257f809362a:   80 3e e9 75 30 48 63 46 01 4c 8d 56 f5 4c 03 d0
  0x00000257f809363a:   4c 39 53 18 74 1f 48 8b 53 08 4c 8d 0d 75 ff ff
  0x00000257f809364a:   ff 49 8b 4a 08 45 8b c7 4c 89 64 24 20 41 ff 12
  0x00000257f809365a:   e9 c0 00 00 00 4c 8d 4c 24 60 41 b8 40 00 00 00
  0x00000257f809366a:   49 8b d6 48 8b cf ff 15 12 4d 12 00 85 c0 75 0a
  0x00000257f809367a:   b8 0a 00 00 00 e9 9b 00 00 00 85 ed 74 1f c6 06
  0x00000257f809368a:   e9 8b 43 18 2b c7 83 c0 0b 89 46 01 f6 43 28 01
  0x00000257f809369a:   74 2c 48 8b 43 08 66 c7 00 eb f9 eb 21 8b 43 20
  0x00000257f80936aa:   f6 43 28 01 89 07 74 10 0f b7 43 24 66 89 47 04
  0x00000257f80936ba:   8a 43 26 88 47 06 eb 06 8a 43 24 88 47 04 44 8b
  0x00000257f80936ca:   44 24 60 4c 8d 4c 24 60 49 8b d6 48 8b cf ff 15
  0x00000257f80936da:   aa 4c 12 00 ff 15 7c 4a 12 00 4d 8b c6 48 8b d7
  0x00000257f80936ea:   48 8b c8 ff 15 a5 4b 12 00 44 8b c5 41 8b d7 49
  0x00000257f80936fa:   8b cc e8 e3 fb ff ff 80 63 28 fd 40 80 e5 01 40
  0x00000257f809370a:   8a c5 40 c0 e5 02 02 c0 0a 43 28 24 fb 40 0a c5
  0x00000257f809371a:   88 43 28 33 c0 48 8b 5c 24 68 48 8b 6c 24 70 48


Stack slot to memory mapping:

stack at sp + 0 slots: 0x00009e7b22f8c296 is an unknown value
stack at sp + 1 slots: 0x0 is null
stack at sp + 2 slots: 0x00000257f8090000 GTIII-OSD64.dll
stack at sp + 3 slots: 0x0000000000000002 is an unknown value
stack at sp + 4 slots: 0x0 is null
stack at sp + 5 slots: 0x00000257f809347f GTIII-OSD64.dll
stack at sp + 6 slots: 0x0000000000000001 is an unknown value
stack at sp + 7 slots: 0x00000257f8090000 GTIII-OSD64.dll

VM_Operation (0x000000e4de4fe5d0): Exit, mode: safepoint, requested by thread 0x00000257cb49d7c0


---------------  P R O C E S S  ---------------

Threads class SMR info:
_java_thread_list=0x00000257cee7efc0, length=16, elements={
0x00000257f790d870, 0x00000257f790e470, 0x00000257c5017a90, 0x00000257c5018e70,
0x00000257c501aac0, 0x00000257c501baf0, 0x00000257c5026b90, 0x00000257c50366e0,
0x00000257c50c8930, 0x00000257c50cb890, 0x00000257c540b000, 0x00000257c5925a50,
0x00000257cb49d7c0, 0x00000257d19008f0, 0x00000257cb5b07a0, 0x00000257cb547950
}

Java Threads: ( => current thread )
  0x00000257f790d870 JavaThread "Reference Handler"          daemon [_thread_blocked, id=96736, stack(0x000000e4dd400000,0x000000e4dd500000) (1024K)]
  0x00000257f790e470 JavaThread "Finalizer"                  daemon [_thread_blocked, id=108048, stack(0x000000e4dd500000,0x000000e4dd600000) (1024K)]
  0x00000257c5017a90 JavaThread "Signal Dispatcher"          daemon [_thread_blocked, id=107228, stack(0x000000e4dd600000,0x000000e4dd700000) (1024K)]
  0x00000257c5018e70 JavaThread "Attach Listener"            daemon [_thread_blocked, id=34096, stack(0x000000e4dd700000,0x000000e4dd800000) (1024K)]
  0x00000257c501aac0 JavaThread "Service Thread"             daemon [_thread_blocked, id=117724, stack(0x000000e4dd800000,0x000000e4dd900000) (1024K)]
  0x00000257c501baf0 JavaThread "Monitor Deflation Thread"   daemon [_thread_blocked, id=118524, stack(0x000000e4dd900000,0x000000e4dda00000) (1024K)]
  0x00000257c5026b90 JavaThread "C2 CompilerThread0"         daemon [_thread_blocked, id=110468, stack(0x000000e4dda00000,0x000000e4ddb00000) (1024K)]
  0x00000257c50366e0 JavaThread "C1 CompilerThread0"         daemon [_thread_blocked, id=102836, stack(0x000000e4ddb00000,0x000000e4ddc00000) (1024K)]
  0x00000257c50c8930 JavaThread "Notification Thread"        daemon [_thread_blocked, id=103568, stack(0x000000e4ddc00000,0x000000e4ddd00000) (1024K)]
  0x00000257c50cb890 JavaThread "Common-Cleaner"             daemon [_thread_blocked, id=117136, stack(0x000000e4ddd00000,0x000000e4dde00000) (1024K)]
  0x00000257c540b000 JavaThread "Java2D Disposer"            daemon [_thread_blocked, id=121096, stack(0x000000e4ddf00000,0x000000e4de000000) (1024K)]
  0x00000257c5925a50 JavaThread "AWT-Shutdown"                      [_thread_blocked, id=109416, stack(0x000000e4de000000,0x000000e4de100000) (1024K)]
  0x00000257cb49d7c0 JavaThread "AWT-EventQueue-0"                  [_thread_blocked, id=119700, stack(0x000000e4de400000,0x000000e4de500000) (1024K)]
  0x00000257d19008f0 JavaThread "DestroyJavaVM"                     [_thread_blocked, id=120660, stack(0x000000e4dcc00000,0x000000e4dcd00000) (1024K)]
  0x00000257cb5b07a0 JavaThread "TimerQueue"                 daemon [_thread_blocked, id=72416, stack(0x000000e4de800000,0x000000e4de900000) (1024K)]
  0x00000257cb547950 JavaThread "Image Fetcher 0"            daemon [_thread_blocked, id=119864, stack(0x000000e4ded00000,0x000000e4dee00000) (1024K)]
Total: 16

Other Threads:
=>0x00000257f78fe400 VMThread "VM Thread"                           [id=115504, stack(0x000000e4dd300000,0x000000e4dd400000) (1024K)]
  0x00000257d3cf2a40 WorkerThread "GC Thread#0"                     [id=99648, stack(0x000000e4dcd00000,0x000000e4dce00000) (1024K)]
  0x00000257cf1f1570 WorkerThread "GC Thread#1"                     [id=75968, stack(0x000000e4de900000,0x000000e4dea00000) (1024K)]
  0x00000257cf1f2430 WorkerThread "GC Thread#2"                     [id=89244, stack(0x000000e4dee00000,0x000000e4def00000) (1024K)]
  0x00000257cf1f27e0 WorkerThread "GC Thread#3"                     [id=101760, stack(0x000000e4def00000,0x000000e4df000000) (1024K)]
  0x00000257cf1f1920 WorkerThread "GC Thread#4"                     [id=107656, stack(0x000000e4df000000,0x000000e4df100000) (1024K)]
  0x00000257cf1f1cd0 WorkerThread "GC Thread#5"                     [id=119640, stack(0x000000e4df100000,0x000000e4df200000) (1024K)]
  0x00000257cb7c41b0 WorkerThread "GC Thread#6"                     [id=119100, stack(0x000000e4df200000,0x000000e4df300000) (1024K)]
  0x00000257cb7c4cc0 WorkerThread "GC Thread#7"                     [id=120508, stack(0x000000e4df300000,0x000000e4df400000) (1024K)]
  0x00000257d3d077b0 ConcurrentGCThread "G1 Main Marker"            terminated
  0x00000257d3d09270 WorkerThread "G1 Conc#0"                       [id=111332, stack(0x000000e4dcf00000,0x000000e4dd000000) (1024K)]
  0x00000257f77ab5a0 ConcurrentGCThread "G1 Refine#0"               terminated
  0x00000257f77ac130 ConcurrentGCThread "G1 Service"                terminated
Total: 13

Threads with active compile tasks:
Total: 0

VM state: at safepoint (shutting down)

VM Mutex/Monitor currently owned by a thread:  ([mutex/lock_event])
[0x00007ff90ef244b0] Threads_lock - owner thread: 0x00000257f78fe400
[0x00007ff90ef245b0] Heap_lock - owner thread: 0x00000257cb49d7c0

Heap address: 0x0000000607000000, size: 8080 MB, Compressed Oops mode: Zero based, Oop shift amount: 3

CDS archive(s) mapped at: [0x0000025780000000-0x0000025780d40000-0x0000025780d40000), size 13893632, SharedBaseAddress: 0x0000025780000000, ArchiveRelocationMode: 1.
Compressed class space mapped at: 0x0000025781000000-0x00000257c1000000, reserved size: 1073741824
UseCompressedClassPointers 1, UseCompactObjectHeaders 0
Narrow klass pointer bits 32, Max shift 3
Narrow klass base: 0x0000025780000000, Narrow klass shift: 0
Encoding Range: [0x0000025780000000 - 0x0000025880000000), (4294967296 bytes)
Klass Range:    [0x0000025780000000 - 0x00000257c1000000), (1090519040 bytes)
Klass ID Range:  [8 - 1090519033) (1090519025)

GC Precious Log:
 CardTable entry size: 512
 Card Set container configuration: InlinePtr #cards 4 size 8 Array Of Cards #cards 32 size 80 Howl #buckets 8 coarsen threshold 7372 Howl Bitmap #cards 1024 size 144 coarsen threshold 921 Card regions per heap region 1 cards per card region 8192
 CPUs: 8 total, 8 available
 Memory: 32313M
 Large Page Support: Disabled
 NUMA Support: Disabled
 Compressed Oops: Enabled (Zero based)
 Heap Region Size: 4M
 Heap Min Capacity: 8M
 Heap Initial Capacity: 508M
 Heap Max Capacity: 8080M
 Pre-touch: Disabled
 Parallel Workers: 8
 Concurrent Workers: 2
 Concurrent Refinement Workers: 8
 Periodic GC: Disabled

Heap:
 garbage-first heap   total reserved 8273920K, committed 524288K, used 34000K [0x0000000607000000, 0x0000000800000000)
  region size 4096K, 11 young (45056K), 2 survivors (8192K)
 Metaspace       used 20747K, committed 21312K, reserved 1114112K
  class space    used 1973K, committed 2240K, reserved 1048576K

Heap Regions: E=young(eden), S=young(survivor), O=old, HS=humongous(starts), HC=humongous(continues), CS=collection set, F=free, TAMS=top-at-mark-start, PB=parsable bottom
|   0|0x0000000607000000, 0x0000000607000000, 0x0000000607400000|  0%| F|  |TAMS 0x0000000607000000| PB 0x0000000607000000| Untracked |  0
|   1|0x0000000607400000, 0x0000000607400000, 0x0000000607800000|  0%| F|  |TAMS 0x0000000607400000| PB 0x0000000607400000| Untracked |  0
|   2|0x0000000607800000, 0x0000000607800000, 0x0000000607c00000|  0%| F|  |TAMS 0x0000000607800000| PB 0x0000000607800000| Untracked |  0
|   3|0x0000000607c00000, 0x0000000607c00000, 0x0000000608000000|  0%| F|  |TAMS 0x0000000607c00000| PB 0x0000000607c00000| Untracked |  0
|   4|0x0000000608000000, 0x0000000608000000, 0x0000000608400000|  0%| F|  |TAMS 0x0000000608000000| PB 0x0000000608000000| Untracked |  0
|   5|0x0000000608400000, 0x0000000608400000, 0x0000000608800000|  0%| F|  |TAMS 0x0000000608400000| PB 0x0000000608400000| Untracked |  0
|   6|0x0000000608800000, 0x0000000608800000, 0x0000000608c00000|  0%| F|  |TAMS 0x0000000608800000| PB 0x0000000608800000| Untracked |  0
|   7|0x0000000608c00000, 0x0000000608c00000, 0x0000000609000000|  0%| F|  |TAMS 0x0000000608c00000| PB 0x0000000608c00000| Untracked |  0
|   8|0x0000000609000000, 0x0000000609000000, 0x0000000609400000|  0%| F|  |TAMS 0x0000000609000000| PB 0x0000000609000000| Untracked |  0
|   9|0x0000000609400000, 0x0000000609400000, 0x0000000609800000|  0%| F|  |TAMS 0x0000000609400000| PB 0x0000000609400000| Untracked |  0
|  10|0x0000000609800000, 0x0000000609800000, 0x0000000609c00000|  0%| F|  |TAMS 0x0000000609800000| PB 0x0000000609800000| Untracked |  0
|  11|0x0000000609c00000, 0x0000000609c00000, 0x000000060a000000|  0%| F|  |TAMS 0x0000000609c00000| PB 0x0000000609c00000| Untracked |  0
|  12|0x000000060a000000, 0x000000060a000000, 0x000000060a400000|  0%| F|  |TAMS 0x000000060a000000| PB 0x000000060a000000| Untracked |  0
|  13|0x000000060a400000, 0x000000060a400000, 0x000000060a800000|  0%| F|  |TAMS 0x000000060a400000| PB 0x000000060a400000| Untracked |  0
|  14|0x000000060a800000, 0x000000060a800000, 0x000000060ac00000|  0%| F|  |TAMS 0x000000060a800000| PB 0x000000060a800000| Untracked |  0
|  15|0x000000060ac00000, 0x000000060ac00000, 0x000000060b000000|  0%| F|  |TAMS 0x000000060ac00000| PB 0x000000060ac00000| Untracked |  0
|  16|0x000000060b000000, 0x000000060b000000, 0x000000060b400000|  0%| F|  |TAMS 0x000000060b000000| PB 0x000000060b000000| Untracked |  0
|  17|0x000000060b400000, 0x000000060b400000, 0x000000060b800000|  0%| F|  |TAMS 0x000000060b400000| PB 0x000000060b400000| Untracked |  0
|  18|0x000000060b800000, 0x000000060b800000, 0x000000060bc00000|  0%| F|  |TAMS 0x000000060b800000| PB 0x000000060b800000| Untracked |  0
|  19|0x000000060bc00000, 0x000000060bc00000, 0x000000060c000000|  0%| F|  |TAMS 0x000000060bc00000| PB 0x000000060bc00000| Untracked |  0
|  20|0x000000060c000000, 0x000000060c000000, 0x000000060c400000|  0%| F|  |TAMS 0x000000060c000000| PB 0x000000060c000000| Untracked |  0
|  21|0x000000060c400000, 0x000000060c400000, 0x000000060c800000|  0%| F|  |TAMS 0x000000060c400000| PB 0x000000060c400000| Untracked |  0
|  22|0x000000060c800000, 0x000000060c800000, 0x000000060cc00000|  0%| F|  |TAMS 0x000000060c800000| PB 0x000000060c800000| Untracked |  0
|  23|0x000000060cc00000, 0x000000060cc00000, 0x000000060d000000|  0%| F|  |TAMS 0x000000060cc00000| PB 0x000000060cc00000| Untracked |  0
|  24|0x000000060d000000, 0x000000060d000000, 0x000000060d400000|  0%| F|  |TAMS 0x000000060d000000| PB 0x000000060d000000| Untracked |  0
|  25|0x000000060d400000, 0x000000060d400000, 0x000000060d800000|  0%| F|  |TAMS 0x000000060d400000| PB 0x000000060d400000| Untracked |  0
|  26|0x000000060d800000, 0x000000060d800000, 0x000000060dc00000|  0%| F|  |TAMS 0x000000060d800000| PB 0x000000060d800000| Untracked |  0
|  27|0x000000060dc00000, 0x000000060dc00000, 0x000000060e000000|  0%| F|  |TAMS 0x000000060dc00000| PB 0x000000060dc00000| Untracked |  0
|  28|0x000000060e000000, 0x000000060e000000, 0x000000060e400000|  0%| F|  |TAMS 0x000000060e000000| PB 0x000000060e000000| Untracked |  0
|  29|0x000000060e400000, 0x000000060e400000, 0x000000060e800000|  0%| F|  |TAMS 0x000000060e400000| PB 0x000000060e400000| Untracked |  0
|  30|0x000000060e800000, 0x000000060e800000, 0x000000060ec00000|  0%| F|  |TAMS 0x000000060e800000| PB 0x000000060e800000| Untracked |  0
|  31|0x000000060ec00000, 0x000000060ec00000, 0x000000060f000000|  0%| F|  |TAMS 0x000000060ec00000| PB 0x000000060ec00000| Untracked |  0
|  32|0x000000060f000000, 0x000000060f000000, 0x000000060f400000|  0%| F|  |TAMS 0x000000060f000000| PB 0x000000060f000000| Untracked |  0
|  33|0x000000060f400000, 0x000000060f400000, 0x000000060f800000|  0%| F|  |TAMS 0x000000060f400000| PB 0x000000060f400000| Untracked |  0
|  34|0x000000060f800000, 0x000000060f800000, 0x000000060fc00000|  0%| F|  |TAMS 0x000000060f800000| PB 0x000000060f800000| Untracked |  0
|  35|0x000000060fc00000, 0x000000060fc00000, 0x0000000610000000|  0%| F|  |TAMS 0x000000060fc00000| PB 0x000000060fc00000| Untracked |  0
|  36|0x0000000610000000, 0x0000000610000000, 0x0000000610400000|  0%| F|  |TAMS 0x0000000610000000| PB 0x0000000610000000| Untracked |  0
|  37|0x0000000610400000, 0x0000000610400000, 0x0000000610800000|  0%| F|  |TAMS 0x0000000610400000| PB 0x0000000610400000| Untracked |  0
|  38|0x0000000610800000, 0x0000000610800000, 0x0000000610c00000|  0%| F|  |TAMS 0x0000000610800000| PB 0x0000000610800000| Untracked |  0
|  39|0x0000000610c00000, 0x0000000610c00000, 0x0000000611000000|  0%| F|  |TAMS 0x0000000610c00000| PB 0x0000000610c00000| Untracked |  0
|  40|0x0000000611000000, 0x0000000611000000, 0x0000000611400000|  0%| F|  |TAMS 0x0000000611000000| PB 0x0000000611000000| Untracked |  0
|  41|0x0000000611400000, 0x0000000611400000, 0x0000000611800000|  0%| F|  |TAMS 0x0000000611400000| PB 0x0000000611400000| Untracked |  0
|  42|0x0000000611800000, 0x0000000611800000, 0x0000000611c00000|  0%| F|  |TAMS 0x0000000611800000| PB 0x0000000611800000| Untracked |  0
|  43|0x0000000611c00000, 0x0000000611c00000, 0x0000000612000000|  0%| F|  |TAMS 0x0000000611c00000| PB 0x0000000611c00000| Untracked |  0
|  44|0x0000000612000000, 0x0000000612000000, 0x0000000612400000|  0%| F|  |TAMS 0x0000000612000000| PB 0x0000000612000000| Untracked |  0
|  45|0x0000000612400000, 0x0000000612400000, 0x0000000612800000|  0%| F|  |TAMS 0x0000000612400000| PB 0x0000000612400000| Untracked |  0
|  46|0x0000000612800000, 0x0000000612800000, 0x0000000612c00000|  0%| F|  |TAMS 0x0000000612800000| PB 0x0000000612800000| Untracked |  0
|  47|0x0000000612c00000, 0x0000000612c00000, 0x0000000613000000|  0%| F|  |TAMS 0x0000000612c00000| PB 0x0000000612c00000| Untracked |  0
|  48|0x0000000613000000, 0x0000000613000000, 0x0000000613400000|  0%| F|  |TAMS 0x0000000613000000| PB 0x0000000613000000| Untracked |  0
|  49|0x0000000613400000, 0x0000000613400000, 0x0000000613800000|  0%| F|  |TAMS 0x0000000613400000| PB 0x0000000613400000| Untracked |  0
|  50|0x0000000613800000, 0x0000000613800000, 0x0000000613c00000|  0%| F|  |TAMS 0x0000000613800000| PB 0x0000000613800000| Untracked |  0
|  51|0x0000000613c00000, 0x0000000613c00000, 0x0000000614000000|  0%| F|  |TAMS 0x0000000613c00000| PB 0x0000000613c00000| Untracked |  0
|  52|0x0000000614000000, 0x0000000614000000, 0x0000000614400000|  0%| F|  |TAMS 0x0000000614000000| PB 0x0000000614000000| Untracked |  0
|  53|0x0000000614400000, 0x0000000614400000, 0x0000000614800000|  0%| F|  |TAMS 0x0000000614400000| PB 0x0000000614400000| Untracked |  0
|  54|0x0000000614800000, 0x0000000614800000, 0x0000000614c00000|  0%| F|  |TAMS 0x0000000614800000| PB 0x0000000614800000| Untracked |  0
|  55|0x0000000614c00000, 0x0000000614c00000, 0x0000000615000000|  0%| F|  |TAMS 0x0000000614c00000| PB 0x0000000614c00000| Untracked |  0
|  56|0x0000000615000000, 0x0000000615000000, 0x0000000615400000|  0%| F|  |TAMS 0x0000000615000000| PB 0x0000000615000000| Untracked |  0
|  57|0x0000000615400000, 0x0000000615400000, 0x0000000615800000|  0%| F|  |TAMS 0x0000000615400000| PB 0x0000000615400000| Untracked |  0
|  58|0x0000000615800000, 0x0000000615800000, 0x0000000615c00000|  0%| F|  |TAMS 0x0000000615800000| PB 0x0000000615800000| Untracked |  0
|  59|0x0000000615c00000, 0x0000000615c00000, 0x0000000616000000|  0%| F|  |TAMS 0x0000000615c00000| PB 0x0000000615c00000| Untracked |  0
|  60|0x0000000616000000, 0x0000000616000000, 0x0000000616400000|  0%| F|  |TAMS 0x0000000616000000| PB 0x0000000616000000| Untracked |  0
|  61|0x0000000616400000, 0x0000000616400000, 0x0000000616800000|  0%| F|  |TAMS 0x0000000616400000| PB 0x0000000616400000| Untracked |  0
|  62|0x0000000616800000, 0x0000000616800000, 0x0000000616c00000|  0%| F|  |TAMS 0x0000000616800000| PB 0x0000000616800000| Untracked |  0
|  63|0x0000000616c00000, 0x0000000616c00000, 0x0000000617000000|  0%| F|  |TAMS 0x0000000616c00000| PB 0x0000000616c00000| Untracked |  0
|  64|0x0000000617000000, 0x0000000617000000, 0x0000000617400000|  0%| F|  |TAMS 0x0000000617000000| PB 0x0000000617000000| Untracked |  0
|  65|0x0000000617400000, 0x0000000617400000, 0x0000000617800000|  0%| F|  |TAMS 0x0000000617400000| PB 0x0000000617400000| Untracked |  0
|  66|0x0000000617800000, 0x0000000617800000, 0x0000000617c00000|  0%| F|  |TAMS 0x0000000617800000| PB 0x0000000617800000| Untracked |  0
|  67|0x0000000617c00000, 0x0000000617c00000, 0x0000000618000000|  0%| F|  |TAMS 0x0000000617c00000| PB 0x0000000617c00000| Untracked |  0
|  68|0x0000000618000000, 0x0000000618000000, 0x0000000618400000|  0%| F|  |TAMS 0x0000000618000000| PB 0x0000000618000000| Untracked |  0
|  69|0x0000000618400000, 0x0000000618400000, 0x0000000618800000|  0%| F|  |TAMS 0x0000000618400000| PB 0x0000000618400000| Untracked |  0
|  70|0x0000000618800000, 0x0000000618800000, 0x0000000618c00000|  0%| F|  |TAMS 0x0000000618800000| PB 0x0000000618800000| Untracked |  0
|  71|0x0000000618c00000, 0x0000000618c00000, 0x0000000619000000|  0%| F|  |TAMS 0x0000000618c00000| PB 0x0000000618c00000| Untracked |  0
|  72|0x0000000619000000, 0x0000000619000000, 0x0000000619400000|  0%| F|  |TAMS 0x0000000619000000| PB 0x0000000619000000| Untracked |  0
|  73|0x0000000619400000, 0x0000000619400000, 0x0000000619800000|  0%| F|  |TAMS 0x0000000619400000| PB 0x0000000619400000| Untracked |  0
|  74|0x0000000619800000, 0x0000000619800000, 0x0000000619c00000|  0%| F|  |TAMS 0x0000000619800000| PB 0x0000000619800000| Untracked |  0
|  75|0x0000000619c00000, 0x0000000619c00000, 0x000000061a000000|  0%| F|  |TAMS 0x0000000619c00000| PB 0x0000000619c00000| Untracked |  0
|  76|0x000000061a000000, 0x000000061a000000, 0x000000061a400000|  0%| F|  |TAMS 0x000000061a000000| PB 0x000000061a000000| Untracked |  0
|  77|0x000000061a400000, 0x000000061a400000, 0x000000061a800000|  0%| F|  |TAMS 0x000000061a400000| PB 0x000000061a400000| Untracked |  0
|  78|0x000000061a800000, 0x000000061a800000, 0x000000061ac00000|  0%| F|  |TAMS 0x000000061a800000| PB 0x000000061a800000| Untracked |  0
|  79|0x000000061ac00000, 0x000000061ac00000, 0x000000061b000000|  0%| F|  |TAMS 0x000000061ac00000| PB 0x000000061ac00000| Untracked |  0
|  80|0x000000061b000000, 0x000000061b000000, 0x000000061b400000|  0%| F|  |TAMS 0x000000061b000000| PB 0x000000061b000000| Untracked |  0
|  81|0x000000061b400000, 0x000000061b400000, 0x000000061b800000|  0%| F|  |TAMS 0x000000061b400000| PB 0x000000061b400000| Untracked |  0
|  82|0x000000061b800000, 0x000000061b800000, 0x000000061bc00000|  0%| F|  |TAMS 0x000000061b800000| PB 0x000000061b800000| Untracked |  0
|  83|0x000000061bc00000, 0x000000061bc00000, 0x000000061c000000|  0%| F|  |TAMS 0x000000061bc00000| PB 0x000000061bc00000| Untracked |  0
|  84|0x000000061c000000, 0x000000061c000000, 0x000000061c400000|  0%| F|  |TAMS 0x000000061c000000| PB 0x000000061c000000| Untracked |  0
|  85|0x000000061c400000, 0x000000061c400000, 0x000000061c800000|  0%| F|  |TAMS 0x000000061c400000| PB 0x000000061c400000| Untracked |  0
|  86|0x000000061c800000, 0x000000061c800000, 0x000000061cc00000|  0%| F|  |TAMS 0x000000061c800000| PB 0x000000061c800000| Untracked |  0
|  87|0x000000061cc00000, 0x000000061cc00000, 0x000000061d000000|  0%| F|  |TAMS 0x000000061cc00000| PB 0x000000061cc00000| Untracked |  0
|  88|0x000000061d000000, 0x000000061d000000, 0x000000061d400000|  0%| F|  |TAMS 0x000000061d000000| PB 0x000000061d000000| Untracked |  0
|  89|0x000000061d400000, 0x000000061d400000, 0x000000061d800000|  0%| F|  |TAMS 0x000000061d400000| PB 0x000000061d400000| Untracked |  0
|  90|0x000000061d800000, 0x000000061d800000, 0x000000061dc00000|  0%| F|  |TAMS 0x000000061d800000| PB 0x000000061d800000| Untracked |  0
|  91|0x000000061dc00000, 0x000000061dc00000, 0x000000061e000000|  0%| F|  |TAMS 0x000000061dc00000| PB 0x000000061dc00000| Untracked |  0
|  92|0x000000061e000000, 0x000000061e000000, 0x000000061e400000|  0%| F|  |TAMS 0x000000061e000000| PB 0x000000061e000000| Untracked |  0
|  93|0x000000061e400000, 0x000000061e400000, 0x000000061e800000|  0%| F|  |TAMS 0x000000061e400000| PB 0x000000061e400000| Untracked |  0
|  94|0x000000061e800000, 0x000000061e800000, 0x000000061ec00000|  0%| F|  |TAMS 0x000000061e800000| PB 0x000000061e800000| Untracked |  0
|  95|0x000000061ec00000, 0x000000061ec00000, 0x000000061f000000|  0%| F|  |TAMS 0x000000061ec00000| PB 0x000000061ec00000| Untracked |  0
|  96|0x000000061f000000, 0x000000061f000000, 0x000000061f400000|  0%| F|  |TAMS 0x000000061f000000| PB 0x000000061f000000| Untracked |  0
|  97|0x000000061f400000, 0x000000061f400000, 0x000000061f800000|  0%| F|  |TAMS 0x000000061f400000| PB 0x000000061f400000| Untracked |  0
|  98|0x000000061f800000, 0x000000061f800000, 0x000000061fc00000|  0%| F|  |TAMS 0x000000061f800000| PB 0x000000061f800000| Untracked |  0
|  99|0x000000061fc00000, 0x000000061fc00000, 0x0000000620000000|  0%| F|  |TAMS 0x000000061fc00000| PB 0x000000061fc00000| Untracked |  0
| 100|0x0000000620000000, 0x0000000620000000, 0x0000000620400000|  0%| F|  |TAMS 0x0000000620000000| PB 0x0000000620000000| Untracked |  0
| 101|0x0000000620400000, 0x0000000620400000, 0x0000000620800000|  0%| F|  |TAMS 0x0000000620400000| PB 0x0000000620400000| Untracked |  0
| 102|0x0000000620800000, 0x0000000620800000, 0x0000000620c00000|  0%| F|  |TAMS 0x0000000620800000| PB 0x0000000620800000| Untracked |  0
| 103|0x0000000620c00000, 0x0000000620c00000, 0x0000000621000000|  0%| F|  |TAMS 0x0000000620c00000| PB 0x0000000620c00000| Untracked |  0
| 104|0x0000000621000000, 0x0000000621000000, 0x0000000621400000|  0%| F|  |TAMS 0x0000000621000000| PB 0x0000000621000000| Untracked |  0
| 105|0x0000000621400000, 0x0000000621400000, 0x0000000621800000|  0%| F|  |TAMS 0x0000000621400000| PB 0x0000000621400000| Untracked |  0
| 106|0x0000000621800000, 0x0000000621800000, 0x0000000621c00000|  0%| F|  |TAMS 0x0000000621800000| PB 0x0000000621800000| Untracked |  0
| 107|0x0000000621c00000, 0x0000000621c00000, 0x0000000622000000|  0%| F|  |TAMS 0x0000000621c00000| PB 0x0000000621c00000| Untracked |  0
| 108|0x0000000622000000, 0x0000000622000000, 0x0000000622400000|  0%| F|  |TAMS 0x0000000622000000| PB 0x0000000622000000| Untracked |  0
| 109|0x0000000622400000, 0x0000000622400000, 0x0000000622800000|  0%| F|  |TAMS 0x0000000622400000| PB 0x0000000622400000| Untracked |  0
| 110|0x0000000622800000, 0x0000000622800000, 0x0000000622c00000|  0%| F|  |TAMS 0x0000000622800000| PB 0x0000000622800000| Untracked |  0
| 111|0x0000000622c00000, 0x0000000622c00000, 0x0000000623000000|  0%| F|  |TAMS 0x0000000622c00000| PB 0x0000000622c00000| Untracked |  0
| 112|0x0000000623000000, 0x0000000623000000, 0x0000000623400000|  0%| F|  |TAMS 0x0000000623000000| PB 0x0000000623000000| Untracked |  0
| 113|0x0000000623400000, 0x0000000623418000, 0x0000000623800000|  2%| S|CS|TAMS 0x0000000623400000| PB 0x0000000623400000| Complete |  0
| 114|0x0000000623800000, 0x0000000623c00000, 0x0000000623c00000|100%| S|CS|TAMS 0x0000000623800000| PB 0x0000000623800000| Complete |  0
| 115|0x0000000623c00000, 0x0000000623c00000, 0x0000000624000000|  0%| F|  |TAMS 0x0000000623c00000| PB 0x0000000623c00000| Untracked |  0
| 116|0x0000000624000000, 0x0000000624000000, 0x0000000624400000|  0%| F|  |TAMS 0x0000000624000000| PB 0x0000000624000000| Untracked |  0
| 117|0x0000000624400000, 0x0000000624400000, 0x0000000624800000|  0%| F|  |TAMS 0x0000000624400000| PB 0x0000000624400000| Untracked |  0
| 118|0x0000000624800000, 0x0000000624a86840, 0x0000000624c00000| 63%| E|  |TAMS 0x0000000624800000| PB 0x0000000624800000| Complete |  0
| 119|0x0000000624c00000, 0x0000000625000000, 0x0000000625000000|100%| E|CS|TAMS 0x0000000624c00000| PB 0x0000000624c00000| Complete |  0
| 120|0x0000000625000000, 0x0000000625400000, 0x0000000625400000|100%| E|CS|TAMS 0x0000000625000000| PB 0x0000000625000000| Complete |  0
| 121|0x0000000625400000, 0x0000000625800000, 0x0000000625800000|100%| E|CS|TAMS 0x0000000625400000| PB 0x0000000625400000| Complete |  0
| 122|0x0000000625800000, 0x0000000625c00000, 0x0000000625c00000|100%| E|CS|TAMS 0x0000000625800000| PB 0x0000000625800000| Complete |  0
| 123|0x0000000625c00000, 0x0000000626000000, 0x0000000626000000|100%| E|CS|TAMS 0x0000000625c00000| PB 0x0000000625c00000| Complete |  0
| 124|0x0000000626000000, 0x0000000626400000, 0x0000000626400000|100%| E|CS|TAMS 0x0000000626000000| PB 0x0000000626000000| Complete |  0
| 125|0x0000000626400000, 0x0000000626800000, 0x0000000626800000|100%| E|CS|TAMS 0x0000000626400000| PB 0x0000000626400000| Complete |  0
| 126|0x0000000626800000, 0x0000000626c00000, 0x0000000626c00000|100%| E|  |TAMS 0x0000000626800000| PB 0x0000000626800000| Complete |  0
|2019|0x00000007ffc00000, 0x00000007ffd1c288, 0x0000000800000000| 27%| O|  |TAMS 0x00000007ffc00000| PB 0x00000007ffc00000| Untracked |  0

Card table byte_map: [0x00000257ec7f0000,0x00000257ed7c0000] _byte_map_base: 0x00000257e97b8000

Marking Bits: (CMBitMap*) 0x00000257d3cf3150
 Bits: [0x00000257ed7c0000, 0x00000257f5600000)

Polling page: 0x00000257d3420000

Metaspace:

Usage:
  Non-class:     18.33 MB used.
      Class:      1.93 MB used.
       Both:     20.26 MB used.

Virtual space:
  Non-class space:       64.00 MB reserved,      18.62 MB ( 29%) committed,  1 nodes.
      Class space:        1.00 GB reserved,       2.19 MB ( <1%) committed,  1 nodes.
             Both:        1.06 GB reserved,      20.81 MB (  2%) committed. 

Chunk freelists:
   Non-Class:  12.99 MB
       Class:  13.67 MB
        Both:  26.66 MB

MaxMetaspaceSize: unlimited
CompressedClassSpaceSize: 1.00 GB
Initial GC threshold: 21.00 MB
Current GC threshold: 21.00 MB
CDS: on
 - commit_granule_bytes: 65536.
 - commit_granule_words: 8192.
 - virtual_space_node_default_size: 8388608.
 - enlarge_chunks_in_place: 1.
UseCompressedClassPointers 1, UseCompactObjectHeaders 0
Narrow klass pointer bits 32, Max shift 3
Narrow klass base: 0x0000025780000000, Narrow klass shift: 0
Encoding Range: [0x0000025780000000 - 0x0000025880000000), (4294967296 bytes)
Klass Range:    [0x0000025780000000 - 0x00000257c1000000), (1090519040 bytes)
Klass ID Range:  [8 - 1090519033) (1090519025)


Internal statistics:

num_allocs_failed_limit: 0.
num_arena_births: 660.
num_arena_deaths: 0.
num_vsnodes_births: 2.
num_vsnodes_deaths: 0.
num_space_committed: 333.
num_space_uncommitted: 0.
num_chunks_returned_to_freelist: 0.
num_chunks_taken_from_freelist: 922.
num_chunk_merges: 0.
num_chunk_splits: 641.
num_chunks_enlarged: 407.
num_inconsistent_stats: 0.

CodeHeap 'non-profiled nmethods': size=120064Kb used=1744Kb max_used=1744Kb free=118319Kb
 bounds [0x00000257e3fb0000, 0x00000257e4220000, 0x00000257eb4f0000]
CodeHeap 'profiled nmethods': size=120000Kb used=7819Kb max_used=7819Kb free=112180Kb
 bounds [0x00000257dc4f0000, 0x00000257dcca0000, 0x00000257e3a20000]
CodeHeap 'non-nmethods': size=5696Kb used=1914Kb max_used=2062Kb free=3781Kb
 bounds [0x00000257e3a20000, 0x00000257e3c90000, 0x00000257e3fb0000]
CodeCache: size=245760Kb, used=11477Kb, max_used=11625Kb, free=234280Kb
 total_blobs=5415, nmethods=4539, adapters=766, full_count=0
Compilation: enabled, stopped_count=0, restarted_count=0

Compilation events (20 events):
Event: 23.580 Thread 0x00000257c50366e0 4530       3       sun.swing.CachedPainter$PainterMultiResolutionCachedImage::getResolutionVariant (52 bytes)
Event: 23.580 Thread 0x00000257c50366e0 nmethod 4530 0x00000257dcc87908 code [0x00000257dcc87a80, 0x00000257dcc87d70]
Event: 23.580 Thread 0x00000257c50366e0 4531       3       sun.swing.CachedPainter::getImage (474 bytes)
Event: 23.581 Thread 0x00000257c50366e0 nmethod 4531 0x00000257dcc87d88 code [0x00000257dcc88180, 0x00000257dcc8a310]
Event: 23.581 Thread 0x00000257c50366e0 4532   !   3       sun.java2d.pipe.DrawImage::renderImageScale (158 bytes)
Event: 23.581 Thread 0x00000257c50366e0 nmethod 4532 0x00000257dcc8a488 code [0x00000257dcc8a680, 0x00000257dcc8b7e8]
Event: 23.581 Thread 0x00000257c50366e0 4533       3       sun.java2d.pipe.DrawImage::scaleSurfaceData (79 bytes)
Event: 23.581 Thread 0x00000257c50366e0 nmethod 4533 0x00000257dcc8b888 code [0x00000257dcc8ba00, 0x00000257dcc8c2e0]
Event: 23.581 Thread 0x00000257c50366e0 4534       3       sun.java2d.pipe.DrawImage::scaleImage (488 bytes)
Event: 23.582 Thread 0x00000257c50366e0 nmethod 4534 0x00000257dcc8c388 code [0x00000257dcc8c6a0, 0x00000257dcc8dd30]
Event: 24.136 Thread 0x00000257c50366e0 4535       3       sun.awt.windows.WComponentPeer::handleJavaMouseEvent (75 bytes)
Event: 24.136 Thread 0x00000257c50366e0 nmethod 4535 0x00000257dcc8dd88 code [0x00000257dcc8dfc0, 0x00000257dcc8efe8]
Event: 24.142 Thread 0x00000257c50366e0 4536   !   3       java.awt.KeyboardFocusManager::processCurrentLightweightRequests (345 bytes)
Event: 24.143 Thread 0x00000257c50366e0 nmethod 4536 0x00000257dcc8f108 code [0x00000257dcc8f4a0, 0x00000257dcc91bc8]
Event: 24.621 Thread 0x00000257c50366e0 4537   !   3       sun.java2d.d3d.D3DScreenUpdateManager::runUpdateNow (99 bytes)
Event: 24.621 Thread 0x00000257c50366e0 nmethod 4537 0x00000257dcc91c88 code [0x00000257dcc91e00, 0x00000257dcc92718]
Event: 24.679 Thread 0x00000257c50366e0 4538       3       java.awt.Container::getListenersCount (52 bytes)
Event: 24.679 Thread 0x00000257c50366e0 nmethod 4538 0x00000257dcc92788 code [0x00000257dcc928e0, 0x00000257dcc92e30]
Event: 24.680 Thread 0x00000257c50366e0 4539       1       java.awt.Component::setAutoFocusTransferOnDisposal (6 bytes)
Event: 24.680 Thread 0x00000257c50366e0 nmethod 4539 0x00000257e4163f88 code [0x00000257e4164080, 0x00000257e4164148]

GC Heap History (2 events):
Event: 15.444 GC heap before
{Heap before GC invocations=0 (full 0):
 garbage-first heap   total reserved 8273920K, committed 524288K, used 46192K [0x0000000607000000, 0x0000000800000000)
  region size 4096K, 12 young (49152K), 0 survivors (0K)
 Metaspace       used 19129K, committed 19520K, reserved 1114112K
  class space    used 1831K, committed 1984K, reserved 1048576K
}
Event: 15.446 GC heap after
{Heap after GC invocations=1 (full 0):
 garbage-first heap   total reserved 8273920K, committed 524288K, used 5328K [0x0000000607000000, 0x0000000800000000)
  region size 4096K, 2 young (8192K), 2 survivors (8192K)
 Metaspace       used 19129K, committed 19520K, reserved 1114112K
  class space    used 1831K, committed 1984K, reserved 1048576K
}

Dll operation events (11 events):
Event: 0.004 Loaded shared library C:\Users\Palgo\.jdks\openjdk-24.0.1\bin\java.dll
Event: 0.018 Loaded shared library C:\Users\Palgo\.jdks\openjdk-24.0.1\bin\jsvml.dll
Event: 0.034 Loaded shared library C:\Users\Palgo\.jdks\openjdk-24.0.1\bin\jimage.dll
Event: 0.036 Loaded shared library C:\Users\Palgo\.jdks\openjdk-24.0.1\bin\net.dll
Event: 0.037 Loaded shared library C:\Users\Palgo\.jdks\openjdk-24.0.1\bin\nio.dll
Event: 0.041 Loaded shared library C:\Users\Palgo\.jdks\openjdk-24.0.1\bin\zip.dll
Event: 0.050 Loaded shared library C:\Users\Palgo\.jdks\openjdk-24.0.1\bin\awt.dll
Event: 0.277 Loaded shared library C:\Users\Palgo\.jdks\openjdk-24.0.1\bin\freetype.dll
Event: 0.278 Loaded shared library C:\Users\Palgo\.jdks\openjdk-24.0.1\bin\fontmanager.dll
Event: 15.411 Loaded shared library C:\Windows\System32\ucrtbase.dll
Event: 15.412 Loaded shared library C:\Users\Palgo\.jdks\openjdk-24.0.1\bin\syslookup.dll

Deoptimization events (20 events):
Event: 20.194 Thread 0x00000257cb49d7c0 Uncommon trap: trap_request=0xffffff4d fr.pc=0x00000257e4097594 relative=0x0000000000005494
Event: 20.194 Thread 0x00000257cb49d7c0 Uncommon trap: reason=unstable_if action=reinterpret pc=0x00000257e4097594 method=sun.awt.GlobalCursorManager._updateCursor(Z)V @ 37 c2
Event: 20.194 Thread 0x00000257cb49d7c0 DEOPT PACKING pc=0x00000257e4097594 sp=0x000000e4de4ff080
Event: 20.194 Thread 0x00000257cb49d7c0 DEOPT UNPACKING pc=0x00000257e3b45402 sp=0x000000e4de4fee40 mode 2
Event: 23.553 Thread 0x00000257cb49d7c0 Uncommon trap: trap_request=0xffffff6e fr.pc=0x00000257e406d3dc relative=0x000000000000043c
Event: 23.553 Thread 0x00000257cb49d7c0 Uncommon trap: reason=loop_limit_check action=maybe_recompile pc=0x00000257e406d3dc method=java.lang.StringLatin1.indexOf([BI[BII)I @ 37 c2
Event: 23.553 Thread 0x00000257cb49d7c0 DEOPT PACKING pc=0x00000257e406d3dc sp=0x000000e4de4fdd50
Event: 23.553 Thread 0x00000257cb49d7c0 DEOPT UNPACKING pc=0x00000257e3b45402 sp=0x000000e4de4fdcd8 mode 2
Event: 23.561 Thread 0x00000257cb49d7c0 Uncommon trap: trap_request=0xffffff4d fr.pc=0x00000257e4139998 relative=0x00000000000001f8
Event: 23.561 Thread 0x00000257cb49d7c0 Uncommon trap: reason=unstable_if action=reinterpret pc=0x00000257e4139998 method=sun.font.CompositeFont.isExcludedChar(II)Z @ 65 c2
Event: 23.561 Thread 0x00000257cb49d7c0 DEOPT PACKING pc=0x00000257e4139998 sp=0x000000e4de4fce70
Event: 23.561 Thread 0x00000257cb49d7c0 DEOPT UNPACKING pc=0x00000257e3b45402 sp=0x000000e4de4fce00 mode 2
Event: 23.573 Thread 0x00000257cb49d7c0 Uncommon trap: trap_request=0xffffffde fr.pc=0x00000257e4160048 relative=0x00000000000011c8
Event: 23.573 Thread 0x00000257cb49d7c0 Uncommon trap: reason=class_check action=maybe_recompile pc=0x00000257e4160048 method=java.awt.ModalEventFilter.acceptEvent(Ljava/awt/AWTEvent;)Ljava/awt/EventFilter$FilterAction; @ 67 c2
Event: 23.573 Thread 0x00000257cb49d7c0 DEOPT PACKING pc=0x00000257e4160048 sp=0x000000e4de4fe310
Event: 23.573 Thread 0x00000257cb49d7c0 DEOPT UNPACKING pc=0x00000257e3b45402 sp=0x000000e4de4fe1d0 mode 2
Event: 24.091 Thread 0x00000257cb49d7c0 Uncommon trap: trap_request=0xffffffde fr.pc=0x00000257e4160048 relative=0x00000000000011c8
Event: 24.091 Thread 0x00000257cb49d7c0 Uncommon trap: reason=class_check action=maybe_recompile pc=0x00000257e4160048 method=java.awt.ModalEventFilter.acceptEvent(Ljava/awt/AWTEvent;)Ljava/awt/EventFilter$FilterAction; @ 67 c2
Event: 24.091 Thread 0x00000257cb49d7c0 DEOPT PACKING pc=0x00000257e4160048 sp=0x000000e4de4fe310
Event: 24.091 Thread 0x00000257cb49d7c0 DEOPT UNPACKING pc=0x00000257e3b45402 sp=0x000000e4de4fe1d0 mode 2

Classes loaded (20 events):
Event: 23.553 Loading class javax/swing/plaf/basic/BasicOptionPaneUI$2
Event: 23.553 Loading class javax/swing/plaf/basic/BasicOptionPaneUI$2 done
Event: 23.553 Loading class javax/swing/plaf/basic/BasicOptionPaneUI$Handler
Event: 23.553 Loading class javax/swing/plaf/basic/BasicOptionPaneUI$Handler done
Event: 23.554 Loading class javax/swing/SwingUtilities$SharedOwnerFrame
Event: 23.554 Loading class javax/swing/SwingUtilities$SharedOwnerFrame done
Event: 23.561 Loading class javax/swing/plaf/basic/BasicOptionPaneUI$Actions
Event: 23.561 Loading class javax/swing/plaf/basic/BasicOptionPaneUI$Actions done
Event: 23.561 Loading class javax/swing/plaf/basic/BasicLookAndFeel$AudioAction
Event: 23.561 Loading class javax/sound/sampled/LineListener
Event: 23.561 Loading class javax/sound/sampled/LineListener done
Event: 23.561 Loading class javax/swing/plaf/basic/BasicLookAndFeel$AudioAction done
Event: 23.561 Loading class java/awt/GridBagLayoutInfo
Event: 23.561 Loading class java/awt/GridBagLayoutInfo done
Event: 23.564 Loading class javax/swing/JOptionPane$1
Event: 23.564 Loading class javax/swing/JOptionPane$1 done
Event: 23.564 Loading class javax/swing/JOptionPane$2
Event: 23.564 Loading class javax/swing/JOptionPane$2 done
Event: 23.564 Loading class javax/swing/JOptionPane$3
Event: 23.564 Loading class javax/swing/JOptionPane$3 done

Classes unloaded (0 events):
No events

Classes redefined (0 events):
No events

Internal exceptions (20 events):
Event: 15.466 Thread 0x00000257cb49d7c0 Exception <a 'java/lang/NoSuchMethodError'{0x0000000626584a88}: 'void java.lang.invoke.Invokers$Holder.exactInvoker(java.lang.Object, java.lang.Object, int, int, int, float, float, float, int, int, long, long)'> (0x0000000626584a88) 
thrown [s\open\src\hotspot\share\interpreter\linkResolver.cpp, line 805]
Event: 15.466 Thread 0x00000257cb49d7c0 Exception <a 'java/lang/NoSuchMethodError'{0x000000062658d738}: 'void java.lang.invoke.DelegatingMethodHandle$Holder.delegate(java.lang.Object, java.lang.Object, int, int, int, float, float, float, int, int, long, long)'> (0x000000062658d738) 
thrown [s\open\src\hotspot\share\interpreter\linkResolver.cpp, line 805]
Event: 15.467 Thread 0x00000257cb49d7c0 Exception <a 'java/lang/NoSuchMethodError'{0x00000006265af400}: 'long java.lang.invoke.DelegatingMethodHandle$Holder.reinvoke_L(java.lang.Object, java.lang.Object, long, long)'> (0x00000006265af400) 
thrown [s\open\src\hotspot\share\interpreter\linkResolver.cpp, line 805]
Event: 15.468 Thread 0x00000257cb49d7c0 Exception <a 'java/lang/NoSuchMethodError'{0x00000006265d9b18}: 'java.lang.Object java.lang.invoke.DirectMethodHandle$Holder.invokeStatic(java.lang.Object, java.lang.Object, int)'> (0x00000006265d9b18) 
thrown [s\open\src\hotspot\share\interpreter\linkResolver.cpp, line 805]
Event: 15.469 Thread 0x00000257cb49d7c0 Exception <a 'java/lang/NoSuchMethodError'{0x00000006265fca08}: 'void java.lang.invoke.DelegatingMethodHandle$Holder.delegate(java.lang.Object, java.lang.Object, int, java.lang.Object)'> (0x00000006265fca08) 
thrown [s\open\src\hotspot\share\interpreter\linkResolver.cpp, line 805]
Event: 15.471 Thread 0x00000257cb49d7c0 Exception <a 'java/lang/NoSuchMethodError'{0x000000062663e308}: 'int java.lang.invoke.DirectMethodHandle$Holder.invokeSpecial(java.lang.Object, java.lang.Object, java.lang.Object, int, java.lang.Object)'> (0x000000062663e308) 
thrown [s\open\src\hotspot\share\interpreter\linkResolver.cpp, line 805]
Event: 15.471 Thread 0x00000257cb49d7c0 Exception <a 'java/lang/NoSuchMethodError'{0x0000000626646708}: 'int java.lang.invoke.DelegatingMethodHandle$Holder.reinvoke_L(java.lang.Object, java.lang.Object, int, java.lang.Object)'> (0x0000000626646708) 
thrown [s\open\src\hotspot\share\interpreter\linkResolver.cpp, line 805]
Event: 15.472 Thread 0x00000257cb49d7c0 Exception <a 'java/lang/NoSuchMethodError'{0x0000000626671040}: 'int java.lang.invoke.DelegatingMethodHandle$Holder.reinvoke_L(java.lang.Object, java.lang.Object, int, long)'> (0x0000000626671040) 
thrown [s\open\src\hotspot\share\interpreter\linkResolver.cpp, line 805]
Event: 15.472 Thread 0x00000257cb49d7c0 Exception <a 'java/lang/NoSuchMethodError'{0x0000000626681688}: 'int java.lang.invoke.DirectMethodHandle$Holder.invokeSpecial(java.lang.Object, java.lang.Object, int, long)'> (0x0000000626681688) 
thrown [s\open\src\hotspot\share\interpreter\linkResolver.cpp, line 805]
Event: 15.472 Thread 0x00000257cb49d7c0 Exception <a 'java/lang/NoSuchMethodError'{0x0000000626689938}: 'int java.lang.invoke.Invokers$Holder.exactInvoker(java.lang.Object, java.lang.Object, int, long)'> (0x0000000626689938) 
thrown [s\open\src\hotspot\share\interpreter\linkResolver.cpp, line 805]
Event: 15.472 Thread 0x00000257cb49d7c0 Exception <a 'java/lang/NoSuchMethodError'{0x0000000626692330}: 'int java.lang.invoke.DelegatingMethodHandle$Holder.delegate(java.lang.Object, java.lang.Object, int, long)'> (0x0000000626692330) 
thrown [s\open\src\hotspot\share\interpreter\linkResolver.cpp, line 805]
Event: 15.473 Thread 0x00000257cb49d7c0 Exception <a 'java/lang/NoSuchMethodError'{0x00000006266a4f00}: 'long java.lang.invoke.DirectMethodHandle$Holder.invokeSpecial(java.lang.Object, java.lang.Object, long, long)'> (0x00000006266a4f00) 
thrown [s\open\src\hotspot\share\interpreter\linkResolver.cpp, line 805]
Event: 15.475 Thread 0x00000257cb49d7c0 Exception <a 'java/lang/NoSuchMethodError'{0x00000006266e0070}: 'void java.lang.invoke.DirectMethodHandle$Holder.invokeSpecial(java.lang.Object, java.lang.Object, float, java.lang.Object, java.lang.Object, java.lang.Object, int, int, int, int, int, float, float, int, int, java.lang.Object, java.lang.Object)'> (0x00000006266e0070) 
thrown [s\open\src\hotspot\share\interpreter\linkResolver.cpp, line 805]
Event: 15.475 Thread 0x00000257cb49d7c0 Exception <a 'java/lang/NoSuchMethodError'{0x0000000626701cf0}: 'int java.lang.invoke.DirectMethodHandle$Holder.invokeSpecial(java.lang.Object, java.lang.Object, int, java.lang.Object)'> (0x0000000626701cf0) 
thrown [s\open\src\hotspot\share\interpreter\linkResolver.cpp, line 805]
Event: 15.476 Thread 0x00000257cb49d7c0 Exception <a 'java/lang/NoSuchMethodError'{0x0000000626711d88}: 'java.lang.Object java.lang.invoke.Invokers$Holder.invokeExact_MT(java.lang.Object, long, java.lang.Object)'> (0x0000000626711d88) 
thrown [s\open\src\hotspot\share\interpreter\linkResolver.cpp, line 805]
Event: 15.477 Thread 0x00000257cb49d7c0 Exception <a 'java/lang/NoSuchMethodError'{0x00000006267b4e78}: 'java.lang.Object java.lang.invoke.DirectMethodHandle$Holder.invokeStatic(java.lang.Object, java.lang.Object, java.lang.Object, java.lang.Object, java.lang.Object, java.lang.Object, long)'> (0x00000006267b4e78) 
thrown [s\open\src\hotspot\share\interpreter\linkResolver.cpp, line 805]
Event: 15.479 Thread 0x00000257cb49d7c0 Exception <a 'java/lang/NoSuchMethodError'{0x000000062600c538}: 'int java.lang.invoke.Invokers$Holder.invokeExact_MT(java.lang.Object, java.lang.Object, java.lang.Object, int, java.lang.Object, java.lang.Object)'> (0x000000062600c538) 
thrown [s\open\src\hotspot\share\interpreter\linkResolver.cpp, line 805]
Event: 15.480 Thread 0x00000257cb49d7c0 Exception <a 'java/lang/NoSuchMethodError'{0x0000000626037890}: 'java.lang.Object java.lang.invoke.DirectMethodHandle$Holder.invokeStatic(java.lang.Object, java.lang.Object, java.lang.Object, java.lang.Object, java.lang.Object, long, java.lang.Object)'> (0x0000000626037890) 
thrown [s\open\src\hotspot\share\interpreter\linkResolver.cpp, line 805]
Event: 20.193 Thread 0x00000257cb49d7c0 Implicit null exception at 0x00000257e407f41f to 0x00000257e408034c
Event: 20.194 Thread 0x00000257cb49d7c0 Implicit null exception at 0x00000257e4093568 to 0x00000257e4097564

VM Operations (20 events):
Event: 14.167 Executing VM operation: HandshakeAllThreads (Deoptimize) done
Event: 14.214 Executing VM operation: HandshakeAllThreads (Deoptimize)
Event: 14.214 Executing VM operation: HandshakeAllThreads (Deoptimize) done
Event: 15.410 Executing VM operation: HandshakeAllThreads (Deoptimize)
Event: 15.410 Executing VM operation: HandshakeAllThreads (Deoptimize) done
Event: 15.434 Executing VM operation: HandshakeAllThreads (Deoptimize)
Event: 15.434 Executing VM operation: HandshakeAllThreads (Deoptimize) done
Event: 15.444 Executing VM operation: G1CollectForAllocation (G1 Evacuation Pause)
Event: 15.446 Executing VM operation: G1CollectForAllocation (G1 Evacuation Pause) done
Event: 15.468 Executing VM operation: HandshakeAllThreads (Deoptimize)
Event: 15.469 Executing VM operation: HandshakeAllThreads (Deoptimize) done
Event: 15.471 Executing VM operation: HandshakeAllThreads (Deoptimize)
Event: 15.471 Executing VM operation: HandshakeAllThreads (Deoptimize) done
Event: 15.474 Executing VM operation: HandshakeAllThreads (Deoptimize)
Event: 15.474 Executing VM operation: HandshakeAllThreads (Deoptimize) done
Event: 15.474 Executing VM operation: HandshakeAllThreads (Deoptimize)
Event: 15.474 Executing VM operation: HandshakeAllThreads (Deoptimize) done
Event: 15.510 Executing VM operation: HandshakeAllThreads (Deoptimize)
Event: 15.510 Executing VM operation: HandshakeAllThreads (Deoptimize) done
Event: 24.783 Executing VM operation: Exit

Memory protections (0 events):
No events

Nmethod flushes (0 events):
No events

Events (20 events):
Event: 16.885 Thread 0x00000257cf1908d0 Thread exited: 0x00000257cf1908d0
Event: 16.890 Thread 0x00000257c5026b90 Thread added: 0x00000257cf4a7e00
Event: 17.019 Thread 0x00000257cf4a7e00 Thread exited: 0x00000257cf4a7e00
Event: 17.022 Thread 0x00000257c50366e0 Thread added: 0x00000257cf4a9da0
Event: 17.159 Thread 0x00000257cf4a9da0 Thread exited: 0x00000257cf4a9da0
Event: 17.164 Thread 0x00000257c50366e0 Thread added: 0x00000257cf4a9da0
Event: 17.289 Thread 0x00000257cf4a9da0 Thread exited: 0x00000257cf4a9da0
Event: 17.586 Thread 0x00000257c50366e0 Thread added: 0x00000257cb7b9630
Event: 17.745 Thread 0x00000257cb7b9630 Thread exited: 0x00000257cb7b9630
Event: 23.550 Thread 0x00000257cb49d7c0 Thread added: 0x00000257cb547950
Event: 24.681 Thread 0x00000257cb49d7c0 Thread added: 0x00000257cb5480a0
Event: 24.681 Thread 0x00000257cb49d7c0 Thread added: 0x00000257cb5487f0
Event: 24.681 Thread 0x00000257cb49d7c0 Thread added: 0x00000257cb5428e0
Event: 24.682 Thread 0x00000257cb5428e0 Thread exited: 0x00000257cb5428e0
Event: 24.682 Thread 0x00000257cb5480a0 Thread exited: 0x00000257cb5480a0
Event: 24.682 Thread 0x00000257cb552c70 Thread exited: 0x00000257cb552c70
Event: 24.683 Thread 0x00000257cb544620 Thread exited: 0x00000257cb544620
Event: 24.722 Thread 0x00000257c593b050 Thread exited: 0x00000257c593b050
Event: 24.783 Thread 0x00000257cb5487f0 Thread exited: 0x00000257cb5487f0
Event: 24.783 Thread 0x00000257cb49d7c0 Before exit entered


Dynamic libraries:
0x00007ff714340000 - 0x00007ff71434e000 	C:\Users\Palgo\.jdks\openjdk-24.0.1\bin\java.exe
0x00007ffa6bef0000 - 0x00007ffa6c107000 	C:\Windows\SYSTEM32\ntdll.dll
0x00007ffa6b0b0000 - 0x00007ffa6b174000 	C:\Windows\System32\KERNEL32.DLL
0x00007ffa693c0000 - 0x00007ffa69793000 	C:\Windows\System32\KERNELBASE.dll
0x00007ffa697d0000 - 0x00007ffa698e1000 	C:\Windows\System32\ucrtbase.dll
0x00007ffa40020000 - 0x00007ffa40036000 	C:\Users\Palgo\.jdks\openjdk-24.0.1\bin\jli.dll
0x00007ffa3fed0000 - 0x00007ffa3feeb000 	C:\Users\Palgo\.jdks\openjdk-24.0.1\bin\VCRUNTIME140.dll
0x00007ffa6a2b0000 - 0x00007ffa6a461000 	C:\Windows\System32\USER32.dll
0x00007ffa69060000 - 0x00007ffa69086000 	C:\Windows\System32\win32u.dll
0x00007ffa53db0000 - 0x00007ffa5404b000 	C:\Windows\WinSxS\amd64_microsoft.windows.common-controls_6595b64144ccf1df_6.0.22621.5262_none_2712bde373830908\COMCTL32.dll
0x00007ffa6a280000 - 0x00007ffa6a2a9000 	C:\Windows\System32\GDI32.dll
0x00007ffa6bd50000 - 0x00007ffa6bdf7000 	C:\Windows\System32\msvcrt.dll
0x00007ffa69a50000 - 0x00007ffa69b72000 	C:\Windows\System32\gdi32full.dll
0x00007ffa698f0000 - 0x00007ffa6998a000 	C:\Windows\System32\msvcp_win.dll
0x00007ffa6b3a0000 - 0x00007ffa6b3d1000 	C:\Windows\System32\IMM32.DLL
0x00007ffa40c70000 - 0x00007ffa40c7c000 	C:\Users\Palgo\.jdks\openjdk-24.0.1\bin\vcruntime140_1.dll
0x00007ffa34d60000 - 0x00007ffa34dee000 	C:\Users\Palgo\.jdks\openjdk-24.0.1\bin\msvcp140.dll
0x00007ff90e260000 - 0x00007ff90f002000 	C:\Users\Palgo\.jdks\openjdk-24.0.1\bin\server\jvm.dll
0x00007ffa6bc90000 - 0x00007ffa6bd41000 	C:\Windows\System32\ADVAPI32.dll
0x00007ffa6b860000 - 0x00007ffa6b907000 	C:\Windows\System32\sechost.dll
0x00007ffa697a0000 - 0x00007ffa697c8000 	C:\Windows\System32\bcrypt.dll
0x00007ffa6b990000 - 0x00007ffa6baa4000 	C:\Windows\System32\RPCRT4.dll
0x00007ffa6be00000 - 0x00007ffa6be71000 	C:\Windows\System32\WS2_32.dll
0x00007ffa67e30000 - 0x00007ffa67e7d000 	C:\Windows\SYSTEM32\POWRPROF.dll
0x00007ffa62640000 - 0x00007ffa62674000 	C:\Windows\SYSTEM32\WINMM.dll
0x00007ffa64b00000 - 0x00007ffa64b0a000 	C:\Windows\SYSTEM32\VERSION.dll
0x00007ffa67e10000 - 0x00007ffa67e23000 	C:\Windows\SYSTEM32\UMPDC.dll
0x00007ffa680d0000 - 0x00007ffa680e8000 	C:\Windows\SYSTEM32\kernel.appcore.dll
0x00007ffa40be0000 - 0x00007ffa40bea000 	C:\Users\Palgo\.jdks\openjdk-24.0.1\bin\jimage.dll
0x00007ffa5fd50000 - 0x00007ffa5ff82000 	C:\Windows\SYSTEM32\DBGHELP.DLL
0x00007ffa6a470000 - 0x00007ffa6a803000 	C:\Windows\System32\combase.dll
0x00007ffa69b90000 - 0x00007ffa69c67000 	C:\Windows\System32\OLEAUT32.dll
0x00007ffa3a360000 - 0x00007ffa3a392000 	C:\Windows\SYSTEM32\dbgcore.DLL
0x00007ffa68fe0000 - 0x00007ffa6905b000 	C:\Windows\System32\bcryptPrimitives.dll
0x00007ffa3feb0000 - 0x00007ffa3fece000 	C:\Users\Palgo\.jdks\openjdk-24.0.1\bin\java.dll
0x00007ffa69c90000 - 0x00007ffa69e31000 	C:\Windows\System32\ole32.dll
0x00007ffa6a810000 - 0x00007ffa6b0ad000 	C:\Windows\System32\SHELL32.dll
0x00007ffa69090000 - 0x00007ffa691cf000 	C:\Windows\System32\wintypes.dll
0x00007ffa66ee0000 - 0x00007ffa677fd000 	C:\Windows\SYSTEM32\windows.storage.dll
0x00007ffa6b180000 - 0x00007ffa6b28b000 	C:\Windows\System32\SHCORE.dll
0x00007ffa6bc20000 - 0x00007ffa6bc86000 	C:\Windows\System32\shlwapi.dll
0x00007ffa68f10000 - 0x00007ffa68f3b000 	C:\Windows\SYSTEM32\profapi.dll
0x00007ffa19770000 - 0x00007ffa19847000 	C:\Users\Palgo\.jdks\openjdk-24.0.1\bin\jsvml.dll
0x00007ffa40010000 - 0x00007ffa40020000 	C:\Users\Palgo\.jdks\openjdk-24.0.1\bin\net.dll
0x00007ffa68540000 - 0x00007ffa685aa000 	C:\Windows\system32\mswsock.dll
0x00007ffa3ac90000 - 0x00007ffa3aca6000 	C:\Users\Palgo\.jdks\openjdk-24.0.1\bin\nio.dll
0x00007ffa3fca0000 - 0x00007ffa3fcb7000 	C:\Users\Palgo\.jdks\openjdk-24.0.1\bin\zip.dll
0x00007ff9d43b0000 - 0x00007ff9d452e000 	C:\Users\Palgo\.jdks\openjdk-24.0.1\bin\awt.dll
0x00007ffa64b10000 - 0x00007ffa64ba7000 	C:\Windows\SYSTEM32\apphelp.dll
0x00007ffa667c0000 - 0x00007ffa667ee000 	C:\Windows\system32\DWMAPI.DLL
0x00007ffa66520000 - 0x00007ffa665d3000 	C:\Windows\system32\uxtheme.dll
0x00007ff9e05d0000 - 0x00007ff9e06d0000 	C:\Windows\system32\opengl32.dll
0x00007ff9e05a0000 - 0x00007ff9e05cd000 	C:\Windows\SYSTEM32\GLU32.dll
0x00007ffa66820000 - 0x00007ffa66857000 	C:\Windows\SYSTEM32\dxcore.dll
0x0000000180000000 - 0x0000000188179000 	C:\Program Files (x86)\ASUS\GPUTweakIII\GTIII-OSD\x64\GTIII-OSD64-VK.dll
0x00007ff9dd240000 - 0x00007ff9dd3c5000 	C:\Windows\SYSTEM32\vulkan-1.dll
0x00007ffa68cd0000 - 0x00007ffa68d1e000 	C:\Windows\SYSTEM32\CFGMGR32.dll
0x00007ffa6bac0000 - 0x00007ffa6bc1e000 	C:\Windows\System32\MSCTF.dll
0x00007ffa68c80000 - 0x00007ffa68c92000 	C:\Windows\SYSTEM32\msasn1.dll
0x00007ffa60c80000 - 0x00007ffa60cb2000 	C:\Windows\SYSTEM32\cryptnet.dll
0x00007ffa691d0000 - 0x00007ffa69337000 	C:\Windows\System32\CRYPT32.dll
0x00007ffa68870000 - 0x00007ffa6887c000 	C:\Windows\SYSTEM32\cryptbase.dll
0x00007ffa687c0000 - 0x00007ffa68810000 	C:\Windows\SYSTEM32\wldp.dll
0x00007ffa601c0000 - 0x00007ffa60322000 	C:\Windows\SYSTEM32\drvstore.dll
0x00007ffa68ca0000 - 0x00007ffa68ccc000 	C:\Windows\SYSTEM32\devobj.dll
0x00007ffa69340000 - 0x00007ffa693bc000 	C:\Windows\System32\wintrust.dll
0x00007ffa6be90000 - 0x00007ffa6beaf000 	C:\Windows\System32\imagehlp.dll
0x00007ffa68890000 - 0x00007ffa688ab000 	C:\Windows\SYSTEM32\CRYPTSP.dll
0x00007ffa68030000 - 0x00007ffa68067000 	C:\Windows\system32\rsaenh.dll
0x00007ff9e0290000 - 0x00007ff9e0596000 	C:\Windows\system32\nvspcap64.dll
0x00007ffa681e0000 - 0x00007ffa68214000 	C:\Windows\SYSTEM32\ntmarta.dll
0x00007ffa685b0000 - 0x00007ffa685d6000 	C:\Windows\SYSTEM32\gpapi.dll
0x00007ff9df7b0000 - 0x00007ff9df964000 	C:\Windows\System32\DriverStore\FileRepository\nv_dispi.inf_amd64_2c61c4d89b199ea8\nvppex.dll
0x00007ffa14670000 - 0x00007ffa146f7000 	C:\Users\Palgo\.jdks\openjdk-24.0.1\bin\freetype.dll
0x00007ff9ec9c0000 - 0x00007ff9eca97000 	C:\Users\Palgo\.jdks\openjdk-24.0.1\bin\fontmanager.dll
0x00007ffa6a000000 - 0x00007ffa6a0b0000 	C:\Windows\System32\clbcatq.dll
0x00007ffa66330000 - 0x00007ffa664e0000 	C:\Windows\SYSTEM32\WindowsCodecs.dll
0x00007ffa265d0000 - 0x00007ffa2662e000 	C:\Windows\system32\dataexchange.dll
0x00007ffa5a510000 - 0x00007ffa5a7b6000 	C:\Windows\system32\twinapi.appcore.dll
0x00007ffa4cc20000 - 0x00007ffa4cd63000 	C:\Windows\SYSTEM32\textinputframework.dll
0x00000257f8090000 - 0x0000025800320000 	C:\Program Files (x86)\ASUS\GPUTweakIII\GTIII-OSD\x64\GTIII-OSD64.dll
0x00007ffa62bc0000 - 0x00007ffa62fa6000 	C:\Windows\SYSTEM32\D3DCOMPILER_47.dll
0x00007ff9e1280000 - 0x00007ff9e12a6000 	C:\Windows\SYSTEM32\d3d12.dll
0x00007ff9dd5b0000 - 0x00007ff9dd813000 	C:\Windows\SYSTEM32\d3dx9_43.dll
0x00007ffa202c0000 - 0x00007ffa202f7000 	C:\Windows\SYSTEM32\d3d10_1.dll
0x00007ffa565c0000 - 0x00007ffa565ce000 	C:\Windows\SYSTEM32\d3d10_1core.dll
0x00007ffa63240000 - 0x00007ffa63497000 	C:\Windows\SYSTEM32\d3d11.dll
0x00007ffa666b0000 - 0x00007ffa667a7000 	C:\Windows\SYSTEM32\dxgi.dll
0x0000025800320000 - 0x000002580847e000 	C:\Program Files (x86)\ASUS\GPUTweakIII\GTIII-OSD\x64\GTIII-OSD64-GL.dll
0x00007ffa6be80000 - 0x00007ffa6be88000 	C:\Windows\System32\PSAPI.DLL
0x00000000516a0000 - 0x0000000051703000 	C:\Program Files (x86)\ASUS\GPUTweakIII\GTIII-OSD\x64\glew32.dll
0x00007ffa64210000 - 0x00007ffa64345000 	C:\Windows\SYSTEM32\CoreMessaging.dll
0x00007ffa5e4f0000 - 0x00007ffa5e85c000 	C:\Windows\SYSTEM32\CoreUIComponents.dll
0x00007ffa4e360000 - 0x00007ffa4e413000 	C:\Windows\WinSxS\amd64_microsoft.windows.common-controls_6595b64144ccf1df_5.82.22621.3527_none_b43b7f4b638cc64f\comctl32.dll
0x00007ffa65e10000 - 0x00007ffa65f16000 	C:\Windows\SYSTEM32\PROPSYS.dll
0x00007ffa3db50000 - 0x00007ffa3dc0b000 	C:\Windows\System32\Windows.FileExplorer.Common.dll
0x00007ff9ecc40000 - 0x00007ff9ecc5a000 	C:\Windows\system32\NetworkExplorer.dll
0x00007ffa5e3b0000 - 0x00007ffa5e4ef000 	C:\Windows\System32\Windows.System.Launcher.dll
0x00007ffa65b70000 - 0x00007ffa65c03000 	C:\Windows\System32\msvcp110_win.dll
0x00007ffa61c90000 - 0x00007ffa61caa000 	C:\Windows\SYSTEM32\windows.staterepositorycore.dll
0x00007ffa45580000 - 0x00007ffa4559e000 	C:\Windows\SYSTEM32\MPR.dll
0x00007ffa3ffe0000 - 0x00007ffa4000b000 	C:\Windows\System32\p9np.dll
0x00007ffa43b20000 - 0x00007ffa43b2c000 	C:\Windows\System32\drprov.dll
0x00007ffa3ffc0000 - 0x00007ffa3ffd9000 	C:\Windows\System32\ntlanman.dll
0x00007ffa245b0000 - 0x00007ffa245cf000 	C:\Windows\System32\davclnt.dll
0x00007ffa67a60000 - 0x00007ffa67acd000 	C:\Windows\System32\WINSTA.dll
0x00007ffa62300000 - 0x00007ffa6231a000 	C:\Windows\System32\wkscli.dll
0x00007ffa4e670000 - 0x00007ffa4e682000 	C:\Windows\SYSTEM32\cscapi.dll
0x00007ffa67a50000 - 0x00007ffa67a5c000 	C:\Windows\System32\netutils.dll
0x00007ffa2acd0000 - 0x00007ffa2ad2e000 	C:\Windows\System32\dlnashext.dll
0x00007ffa1d3a0000 - 0x00007ffa1d409000 	C:\Windows\System32\PlayToDevice.dll
0x00007ffa3a0d0000 - 0x00007ffa3a0f1000 	C:\Windows\System32\DevDispItemProvider.dll
0x00007ffa4d5f0000 - 0x00007ffa4d68e000 	C:\Windows\System32\MMDevApi.dll
0x00007ff970690000 - 0x00007ff97073a000 	C:\Windows\system32\wpdshext.dll
0x00007ffa54060000 - 0x00007ffa54221000 	C:\Windows\WinSxS\amd64_microsoft.windows.gdiplus_6595b64144ccf1df_1.1.22621.5331_none_57fac68ece181d81\gdiplus.dll
0x00007ffa20630000 - 0x00007ffa206ce000 	C:\Windows\System32\PortableDeviceApi.dll
0x00007ffa6b3e0000 - 0x00007ffa6b854000 	C:\Windows\System32\SETUPAPI.dll
0x00007ffa55440000 - 0x00007ffa55464000 	C:\Windows\System32\EhStorAPI.dll
0x00007ffa67e80000 - 0x00007ffa67e94000 	C:\Windows\System32\WTSAPI32.dll
0x00007ffa24aa0000 - 0x00007ffa24aad000 	C:\Windows\SYSTEM32\LINKINFO.dll
0x00007ffa40c80000 - 0x00007ffa40c89000 	C:\Users\Palgo\.jdks\openjdk-24.0.1\bin\syslookup.dll

JVMTI agents: none

dbghelp: loaded successfully - version: 4.0.5 - missing functions: none
symbol engine: initialized successfully - sym options: 0x614 - pdb path: .;C:\Users\Palgo\.jdks\openjdk-24.0.1\bin;C:\Windows\SYSTEM32;C:\Windows\WinSxS\amd64_microsoft.windows.common-controls_6595b64144ccf1df_6.0.22621.5262_none_2712bde373830908;C:\Users\Palgo\.jdks\openjdk-24.0.1\bin\server;C:\Program Files (x86)\ASUS\GPUTweakIII\GTIII-OSD\x64;C:\Windows\System32\DriverStore\FileRepository\nv_dispi.inf_amd64_2c61c4d89b199ea8;C:\Windows\WinSxS\amd64_microsoft.windows.common-controls_6595b64144ccf1df_5.82.22621.3527_none_b43b7f4b638cc64f;C:\Windows\WinSxS\amd64_microsoft.windows.gdiplus_6595b64144ccf1df_1.1.22621.5331_none_57fac68ece181d81

VM Arguments:
jvm_args: -Dfile.encoding=UTF-8 -Duser.country=DE -Duser.language=de -Duser.variant 
java_command: com.muteStone.Main
java_class_path (initial): C:\Users\Palgo\IdeaProjects\MiniCityTycoon\build\classes\java\main;C:\Users\Palgo\IdeaProjects\MiniCityTycoon\build\resources\main;C:\Users\Palgo\.gradle\caches\modules-2\files-2.1\com.fasterxml.jackson.core\jackson-core\2.17.0\a6e5058ef9720623c517252d17162f845306ff3a\jackson-core-2.17.0.jar;C:\Users\Palgo\.gradle\caches\modules-2\files-2.1\com.fasterxml.jackson.core\jackson-annotations\2.17.0\880a742337010da4c851f843d8cac150e22dff9f\jackson-annotations-2.17.0.jar;C:\Users\Palgo\.gradle\caches\modules-2\files-2.1\com.fasterxml.jackson.core\jackson-databind\2.17.0\7173e9e1d4bc6d7ca03bc4eeedcd548b8b580b34\jackson-databind-2.17.0.jar;C:\Users\Palgo\.gradle\caches\modules-2\files-2.1\net.bytebuddy\byte-buddy\1.14.9\b69e7fff6c473d3ed2b489cdfd673a091fd94226\byte-buddy-1.14.9.jar
Launcher Type: SUN_STANDARD

[Global flags]
     intx CICompilerCount                          = 4                                         {product} {ergonomic}
     uint ConcGCThreads                            = 2                                         {product} {ergonomic}
     uint G1ConcRefinementThreads                  = 8                                         {product} {ergonomic}
   size_t G1HeapRegionSize                         = 4194304                                   {product} {ergonomic}
   size_t InitialHeapSize                          = 532676608                                 {product} {ergonomic}
   size_t MarkStackSize                            = 4194304                                   {product} {ergonomic}
   size_t MarkStackSizeMax                         = 536870912                                 {product} {ergonomic}
   size_t MaxHeapSize                              = 8472494080                                {product} {ergonomic}
   size_t MaxNewSize                               = 5083496448                                {product} {ergonomic}
   size_t MinHeapDeltaBytes                        = 4194304                                   {product} {ergonomic}
   size_t MinHeapSize                              = 8388608                                   {product} {ergonomic}
    uintx NonNMethodCodeHeapSize                   = 5832704                                {pd product} {ergonomic}
    uintx NonProfiledCodeHeapSize                  = 122945536                              {pd product} {ergonomic}
    uintx ProfiledCodeHeapSize                     = 122880000                              {pd product} {ergonomic}
    uintx ReservedCodeCacheSize                    = 251658240                              {pd product} {ergonomic}
     bool SegmentedCodeCache                       = true                                      {product} {ergonomic}
   size_t SoftMaxHeapSize                          = 8472494080                             {manageable} {ergonomic}
     bool UseCompressedOops                        = true                           {product lp64_product} {ergonomic}
     bool UseG1GC                                  = true                                      {product} {ergonomic}
     bool UseLargePagesIndividualAllocation        = false                                  {pd product} {ergonomic}

Logging:
Log output configuration:
 #0: stdout all=off uptime,level,tags foldmultilines=false
 #1: stderr all=off uptime,level,tags foldmultilines=false

Environment Variables:
PATH=C:\Program Files (x86)\Razer Chroma SDK\bin;C:\Program Files\Razer Chroma SDK\bin;C:\Program Files (x86)\Razer\ChromaBroadcast\bin;C:\Program Files\Razer\ChromaBroadcast\bin;C:\Program Files (x86)\Common Files\Intel\Shared Libraries\redist\intel64\compiler;C:\Windows\system32;C:\Windows;C:\Windows\System32\Wbem;C:\Windows\System32\WindowsPowerShell\v1.0\;C:\Windows\System32\OpenSSH\;C:\Program Files (x86)\NVIDIA Corporation\PhysX\Common;C:\Program Files\dotnet\;C:\Windows\syswow64\config\systemprofile\AppData\Local\Microsoft\WindowsApps;C:\Users\Palgo\AppData\Local\Microsoft\WindowsApps;C:\Users\Palgo\AppData\Local\GitHubDesktop\bin;E:\Microsoft VS Code\bin;C:\Program Files\NVIDIA Corporation\NVIDIA App\NvDLISR;C:\Program Files\Git\cmd;C:\Users\Palgo\AppData\Local\Microsoft\WindowsApps;C:\Users\Palgo\AppData\Local\GitHubDesktop\bin;E:\IntelliJ IDEA Community Edition 2025.1.1.1\bin;
USERNAME=Palgo
OS=Windows_NT
PROCESSOR_IDENTIFIER=AMD64 Family 25 Model 97 Stepping 2, AuthenticAMD
TMP=C:\Users\Palgo\AppData\Local\Temp
TEMP=C:\Users\Palgo\AppData\Local\Temp




Periodic native trim disabled

---------------  S Y S T E M  ---------------

OS:
 Windows 11 , 64 bit Build 22621 (10.0.22621.5262)
OS uptime: 10 days 10:05 hours
Hyper-V role detected

CPU: total 8 (initial active 8) (8 cores per cpu, 1 threads per core) family 25 model 97 stepping 2 microcode 0x0, cx8, cmov, fxsr, mmx, 3dnowpref, sse, sse2, sse3, ssse3, sse4a, sse4.1, sse4.2, popcnt, lzcnt, tsc, tscinvbit, avx, avx2, aes, erms, clmul, bmi1, bmi2, adx, avx512f, avx512dq, avx512cd, avx512bw, avx512vl, sha, fma, vzeroupper, avx512_vpopcntdq, avx512_vpclmulqdq, avx512_vaes, avx512_vnni, clflush, clflushopt, avx512_vbmi2, avx512_vbmi, hv, rdtscp, rdpid, fsrm, gfni, avx512_bitalg, f16c, cet_ss, avx512_ifma
Processor Information for the first 8 processors :
  Max Mhz: 4201, Current Mhz: 4201, Mhz Limit: 4201

Memory: 4k page, system-wide physical 32313M (6183M free)
TotalPageFile size 63969M (AvailPageFile size 6984M)
current process WorkingSet (physical memory assigned to process): 167M, peak: 206M
current process commit charge ("private bytes"): 1069M, peak: 1132M

vm_info: OpenJDK 64-Bit Server VM (24.0.1+9-30) for windows-amd64 JRE (24.0.1+9-30), built on 2025-03-05T07:23:45Z with MS VC++ 17.6 (VS2022)

END.
